{
  "C:/Users/Admin/Desktop/Університет/Веб/wildbloom/src/components/AddToCartButton/AddToCartButton.jsx": {
    "path": "C:/Users/Admin/Desktop/Університет/Веб/wildbloom/src/components/AddToCartButton/AddToCartButton.jsx",
    "statementMap": {
      "0": {
        "start": {
          "line": 5,
          "column": 24
        },
        "end": {
          "line": 25,
          "column": 1
        }
      },
      "1": {
        "start": {
          "line": 6,
          "column": 12
        },
        "end": {
          "line": 6,
          "column": 17
        }
      },
      "2": {
        "start": {
          "line": 7,
          "column": 2
        },
        "end": {
          "line": 12,
          "column": 3
        }
      },
      "3": {
        "start": {
          "line": 8,
          "column": 4
        },
        "end": {
          "line": 10,
          "column": 5
        }
      },
      "4": {
        "start": {
          "line": 8,
          "column": 18
        },
        "end": {
          "line": 8,
          "column": 19
        }
      },
      "5": {
        "start": {
          "line": 9,
          "column": 6
        },
        "end": {
          "line": 9,
          "column": 70
        }
      },
      "6": {
        "start": {
          "line": 11,
          "column": 4
        },
        "end": {
          "line": 11,
          "column": 78
        }
      },
      "7": {
        "start": {
          "line": 14,
          "column": 2
        },
        "end": {
          "line": 23,
          "column": 3
        }
      },
      "8": {
        "start": {
          "line": 15,
          "column": 4
        },
        "end": {
          "line": 19,
          "column": 13
        }
      },
      "9": {
        "start": {
          "line": 20,
          "column": 4
        },
        "end": {
          "line": 20,
          "column": 14
        }
      },
      "10": {
        "start": {
          "line": 22,
          "column": 4
        },
        "end": {
          "line": 22,
          "column": 14
        }
      },
      "11": {
        "start": {
          "line": 24,
          "column": 2
        },
        "end": {
          "line": 24,
          "column": 12
        }
      }
    },
    "fnMap": {
      "0": {
        "name": "(anonymous_0)",
        "decl": {
          "start": {
            "line": 5,
            "column": 24
          },
          "end": {
            "line": 5,
            "column": 25
          }
        },
        "loc": {
          "start": {
            "line": 5,
            "column": 30
          },
          "end": {
            "line": 25,
            "column": 1
          }
        },
        "line": 5
      }
    },
    "branchMap": {
      "0": {
        "loc": {
          "start": {
            "line": 7,
            "column": 2
          },
          "end": {
            "line": 12,
            "column": 3
          }
        },
        "type": "if",
        "locations": [
          {
            "start": {
              "line": 7,
              "column": 2
            },
            "end": {
              "line": 12,
              "column": 3
            }
          },
          {
            "start": {},
            "end": {}
          }
        ],
        "line": 7
      },
      "1": {
        "loc": {
          "start": {
            "line": 14,
            "column": 2
          },
          "end": {
            "line": 23,
            "column": 3
          }
        },
        "type": "if",
        "locations": [
          {
            "start": {
              "line": 14,
              "column": 2
            },
            "end": {
              "line": 23,
              "column": 3
            }
          },
          {
            "start": {
              "line": 21,
              "column": 9
            },
            "end": {
              "line": 23,
              "column": 3
            }
          }
        ],
        "line": 14
      }
    },
    "s": {
      "0": 39,
      "1": 159,
      "2": 159,
      "3": 159,
      "4": 159,
      "5": 318,
      "6": 159,
      "7": 159,
      "8": 159,
      "9": 159,
      "10": 0,
      "11": 159
    },
    "f": {
      "0": 159
    },
    "b": {
      "0": [
        159,
        0
      ],
      "1": [
        159,
        0
      ]
    },
    "inputSourceMap": {
      "version": 3,
      "mappings": "AAG8B;;AAH9B,OAAOA,WAAW;AAClB,OAAOC,YAAY;AAEnB,MAAMC,kBAAkBA,MAAA;AAAA,QAAAC,IAAAC,GAAA;AAAA,MAAAD,EAAA;AAAA,aAAAE,KAAA,GAAAA,KAAA,GAAAA,MAAA;AAAAF,QAAAE,EAAA,IAAAC,uBAAAC,IAAA;AAAA;AAAAJ,MAAA;AAAA;AAAA,MAAAK;AAAA,MAAAL,EAAA,OAAAG,uBAAAC,IAAA;AAAMC,SAAA,mCAAmB,WAAAP,OAAMQ,QAAS,8BAAlC;AAAA;AAAA;AAAA;AAAA,WAAgD;AAASN,MAAA,KAAAK;AAAAA,EAAA;AAAAA,SAAAL,EAAA;AAAA;AAAA,SAAzDK;AAAyD;AAEvF,eAAeN",
      "names": [
        "React",
        "styles",
        "AddToCartButton",
        "$",
        "_c",
        "$i",
        "Symbol",
        "for",
        "t0",
        "button"
      ],
      "ignoreList": [],
      "sources": [
        "C:/Users/Admin/Desktop/Університет/Веб/wildbloom/src/components/AddToCartButton/AddToCartButton.jsx"
      ],
      "file": "C:/Users/Admin/Desktop/Університет/Веб/wildbloom/src/components/AddToCartButton/AddToCartButton.jsx"
    },
    "_coverageSchema": "1a1c01bbd47fc00a2c39e90264f33305004495a9",
    "hash": "7e5cc35047c183b97321c7fa8859f05c1cc9fd56"
  },
  "C:/Users/Admin/Desktop/Університет/Веб/wildbloom/src/components/banner/BannerDescription/BannerDescription.jsx": {
    "path": "C:/Users/Admin/Desktop/Університет/Веб/wildbloom/src/components/banner/BannerDescription/BannerDescription.jsx",
    "statementMap": {
      "0": {
        "start": {
          "line": 5,
          "column": 26
        },
        "end": {
          "line": 29,
          "column": 1
        }
      },
      "1": {
        "start": {
          "line": 6,
          "column": 12
        },
        "end": {
          "line": 6,
          "column": 17
        }
      },
      "2": {
        "start": {
          "line": 7,
          "column": 2
        },
        "end": {
          "line": 12,
          "column": 3
        }
      },
      "3": {
        "start": {
          "line": 8,
          "column": 4
        },
        "end": {
          "line": 10,
          "column": 5
        }
      },
      "4": {
        "start": {
          "line": 8,
          "column": 18
        },
        "end": {
          "line": 8,
          "column": 19
        }
      },
      "5": {
        "start": {
          "line": 9,
          "column": 6
        },
        "end": {
          "line": 9,
          "column": 70
        }
      },
      "6": {
        "start": {
          "line": 11,
          "column": 4
        },
        "end": {
          "line": 11,
          "column": 78
        }
      },
      "7": {
        "start": {
          "line": 15,
          "column": 6
        },
        "end": {
          "line": 15,
          "column": 8
        }
      },
      "8": {
        "start": {
          "line": 17,
          "column": 2
        },
        "end": {
          "line": 27,
          "column": 3
        }
      },
      "9": {
        "start": {
          "line": 18,
          "column": 4
        },
        "end": {
          "line": 22,
          "column": 13
        }
      },
      "10": {
        "start": {
          "line": 23,
          "column": 4
        },
        "end": {
          "line": 23,
          "column": 20
        }
      },
      "11": {
        "start": {
          "line": 24,
          "column": 4
        },
        "end": {
          "line": 24,
          "column": 14
        }
      },
      "12": {
        "start": {
          "line": 26,
          "column": 4
        },
        "end": {
          "line": 26,
          "column": 14
        }
      },
      "13": {
        "start": {
          "line": 28,
          "column": 2
        },
        "end": {
          "line": 28,
          "column": 12
        }
      }
    },
    "fnMap": {
      "0": {
        "name": "(anonymous_0)",
        "decl": {
          "start": {
            "line": 5,
            "column": 26
          },
          "end": {
            "line": 5,
            "column": 27
          }
        },
        "loc": {
          "start": {
            "line": 5,
            "column": 34
          },
          "end": {
            "line": 29,
            "column": 1
          }
        },
        "line": 5
      }
    },
    "branchMap": {
      "0": {
        "loc": {
          "start": {
            "line": 7,
            "column": 2
          },
          "end": {
            "line": 12,
            "column": 3
          }
        },
        "type": "if",
        "locations": [
          {
            "start": {
              "line": 7,
              "column": 2
            },
            "end": {
              "line": 12,
              "column": 3
            }
          },
          {
            "start": {},
            "end": {}
          }
        ],
        "line": 7
      },
      "1": {
        "loc": {
          "start": {
            "line": 17,
            "column": 2
          },
          "end": {
            "line": 27,
            "column": 3
          }
        },
        "type": "if",
        "locations": [
          {
            "start": {
              "line": 17,
              "column": 2
            },
            "end": {
              "line": 27,
              "column": 3
            }
          },
          {
            "start": {
              "line": 25,
              "column": 9
            },
            "end": {
              "line": 27,
              "column": 3
            }
          }
        ],
        "line": 17
      }
    },
    "s": {
      "0": 63,
      "1": 270,
      "2": 270,
      "3": 270,
      "4": 270,
      "5": 810,
      "6": 270,
      "7": 270,
      "8": 270,
      "9": 270,
      "10": 270,
      "11": 270,
      "12": 0,
      "13": 270
    },
    "f": {
      "0": 270
    },
    "b": {
      "0": [
        270,
        0
      ],
      "1": [
        270,
        0
      ]
    },
    "inputSourceMap": {
      "version": 3,
      "mappings": "AAG4C;;AAH5C,OAAOA,WAAW;AAClB,OAAOC,YAAY;AAEnB,MAAMC,oBAAoBC,QAAA;AAAA,QAAAC,IAAAC,GAAA;AAAA,MAAAD,EAAA;AAAA,aAAAE,KAAA,GAAAA,KAAA,GAAAA,MAAA;AAAAF,QAAAE,EAAA,IAAAC,uBAAAC,IAAA;AAAA;AAAAJ,MAAA;AAAA;AAAC;AAAA,IAAAK;AAAAA,EAAA,IAAAN;AAAY,MAAAO;AAAA,MAAAN,EAAA,OAAAK,UAAA;AAAKC,SAAA,8BAAc,WAAAT,OAAMU,aAAeF,YAAnC;AAAA;AAAA;AAAA;AAAA,WAA4C;AAAIL,MAAA,KAAAK;AAAAL,MAAA,KAAAM;AAAAA,EAAA;AAAAA,SAAAN,EAAA;AAAA;AAAA,SAAhDM;AAAgD;AAE5F,eAAeR",
      "names": [
        "React",
        "styles",
        "BannerDescription",
        "t0",
        "$",
        "_c",
        "$i",
        "Symbol",
        "for",
        "children",
        "t1",
        "description"
      ],
      "ignoreList": [],
      "sources": [
        "C:/Users/Admin/Desktop/Університет/Веб/wildbloom/src/components/banner/BannerDescription/BannerDescription.jsx"
      ],
      "file": "C:/Users/Admin/Desktop/Університет/Веб/wildbloom/src/components/banner/BannerDescription/BannerDescription.jsx"
    },
    "_coverageSchema": "1a1c01bbd47fc00a2c39e90264f33305004495a9",
    "hash": "1c343e934ecd47cf67b2c63a3c5a653b5002776a"
  },
  "C:/Users/Admin/Desktop/Університет/Веб/wildbloom/src/components/banner/BannerTitle/BannerTitle.jsx": {
    "path": "C:/Users/Admin/Desktop/Університет/Веб/wildbloom/src/components/banner/BannerTitle/BannerTitle.jsx",
    "statementMap": {
      "0": {
        "start": {
          "line": 5,
          "column": 20
        },
        "end": {
          "line": 29,
          "column": 1
        }
      },
      "1": {
        "start": {
          "line": 6,
          "column": 12
        },
        "end": {
          "line": 6,
          "column": 17
        }
      },
      "2": {
        "start": {
          "line": 7,
          "column": 2
        },
        "end": {
          "line": 12,
          "column": 3
        }
      },
      "3": {
        "start": {
          "line": 8,
          "column": 4
        },
        "end": {
          "line": 10,
          "column": 5
        }
      },
      "4": {
        "start": {
          "line": 8,
          "column": 18
        },
        "end": {
          "line": 8,
          "column": 19
        }
      },
      "5": {
        "start": {
          "line": 9,
          "column": 6
        },
        "end": {
          "line": 9,
          "column": 70
        }
      },
      "6": {
        "start": {
          "line": 11,
          "column": 4
        },
        "end": {
          "line": 11,
          "column": 78
        }
      },
      "7": {
        "start": {
          "line": 15,
          "column": 6
        },
        "end": {
          "line": 15,
          "column": 8
        }
      },
      "8": {
        "start": {
          "line": 17,
          "column": 2
        },
        "end": {
          "line": 27,
          "column": 3
        }
      },
      "9": {
        "start": {
          "line": 18,
          "column": 4
        },
        "end": {
          "line": 22,
          "column": 13
        }
      },
      "10": {
        "start": {
          "line": 23,
          "column": 4
        },
        "end": {
          "line": 23,
          "column": 20
        }
      },
      "11": {
        "start": {
          "line": 24,
          "column": 4
        },
        "end": {
          "line": 24,
          "column": 14
        }
      },
      "12": {
        "start": {
          "line": 26,
          "column": 4
        },
        "end": {
          "line": 26,
          "column": 14
        }
      },
      "13": {
        "start": {
          "line": 28,
          "column": 2
        },
        "end": {
          "line": 28,
          "column": 12
        }
      }
    },
    "fnMap": {
      "0": {
        "name": "(anonymous_0)",
        "decl": {
          "start": {
            "line": 5,
            "column": 20
          },
          "end": {
            "line": 5,
            "column": 21
          }
        },
        "loc": {
          "start": {
            "line": 5,
            "column": 28
          },
          "end": {
            "line": 29,
            "column": 1
          }
        },
        "line": 5
      }
    },
    "branchMap": {
      "0": {
        "loc": {
          "start": {
            "line": 7,
            "column": 2
          },
          "end": {
            "line": 12,
            "column": 3
          }
        },
        "type": "if",
        "locations": [
          {
            "start": {
              "line": 7,
              "column": 2
            },
            "end": {
              "line": 12,
              "column": 3
            }
          },
          {
            "start": {},
            "end": {}
          }
        ],
        "line": 7
      },
      "1": {
        "loc": {
          "start": {
            "line": 17,
            "column": 2
          },
          "end": {
            "line": 27,
            "column": 3
          }
        },
        "type": "if",
        "locations": [
          {
            "start": {
              "line": 17,
              "column": 2
            },
            "end": {
              "line": 27,
              "column": 3
            }
          },
          {
            "start": {
              "line": 25,
              "column": 9
            },
            "end": {
              "line": 27,
              "column": 3
            }
          }
        ],
        "line": 17
      }
    },
    "s": {
      "0": 60,
      "1": 249,
      "2": 249,
      "3": 249,
      "4": 249,
      "5": 747,
      "6": 249,
      "7": 249,
      "8": 249,
      "9": 249,
      "10": 249,
      "11": 249,
      "12": 0,
      "13": 249
    },
    "f": {
      "0": 249
    },
    "b": {
      "0": [
        249,
        0
      ],
      "1": [
        249,
        0
      ]
    },
    "inputSourceMap": {
      "version": 3,
      "mappings": "AAGsC;;AAHtC,OAAOA,WAAW;AAClB,OAAOC,YAAY;AAEnB,MAAMC,cAAcC,QAAA;AAAA,QAAAC,IAAAC,GAAA;AAAA,MAAAD,EAAA;AAAA,aAAAE,KAAA,GAAAA,KAAA,GAAAA,MAAA;AAAAF,QAAAE,EAAA,IAAAC,uBAAAC,IAAA;AAAA;AAAAJ,MAAA;AAAA;AAAC;AAAA,IAAAK;AAAAA,EAAA,IAAAN;AAAY,MAAAO;AAAA,MAAAN,EAAA,OAAAK,UAAA;AAAKC,SAAA,+BAAe,WAAAT,OAAMU,OAASF,YAA9B;AAAA;AAAA;AAAA;AAAA,WAAuC;AAAKL,MAAA,KAAAK;AAAAL,MAAA,KAAAM;AAAAA,EAAA;AAAAA,SAAAN,EAAA;AAAA;AAAA,SAA5CM;AAA4C;AAElF,eAAeR",
      "names": [
        "React",
        "styles",
        "BannerTitle",
        "t0",
        "$",
        "_c",
        "$i",
        "Symbol",
        "for",
        "children",
        "t1",
        "title"
      ],
      "ignoreList": [],
      "sources": [
        "C:/Users/Admin/Desktop/Університет/Веб/wildbloom/src/components/banner/BannerTitle/BannerTitle.jsx"
      ],
      "file": "C:/Users/Admin/Desktop/Університет/Веб/wildbloom/src/components/banner/BannerTitle/BannerTitle.jsx"
    },
    "_coverageSchema": "1a1c01bbd47fc00a2c39e90264f33305004495a9",
    "hash": "82a3605b947579cb66453744d7d049982bcf7e37"
  },
  "C:/Users/Admin/Desktop/Університет/Веб/wildbloom/src/components/PrimaryButton/PrimaryButton.jsx": {
    "path": "C:/Users/Admin/Desktop/Університет/Веб/wildbloom/src/components/PrimaryButton/PrimaryButton.jsx",
    "statementMap": {
      "0": {
        "start": {
          "line": 4,
          "column": 22
        },
        "end": {
          "line": 25,
          "column": 1
        }
      },
      "1": {
        "start": {
          "line": 5,
          "column": 12
        },
        "end": {
          "line": 5,
          "column": 17
        }
      },
      "2": {
        "start": {
          "line": 6,
          "column": 2
        },
        "end": {
          "line": 11,
          "column": 3
        }
      },
      "3": {
        "start": {
          "line": 7,
          "column": 4
        },
        "end": {
          "line": 9,
          "column": 5
        }
      },
      "4": {
        "start": {
          "line": 7,
          "column": 18
        },
        "end": {
          "line": 7,
          "column": 19
        }
      },
      "5": {
        "start": {
          "line": 8,
          "column": 6
        },
        "end": {
          "line": 8,
          "column": 70
        }
      },
      "6": {
        "start": {
          "line": 10,
          "column": 4
        },
        "end": {
          "line": 10,
          "column": 78
        }
      },
      "7": {
        "start": {
          "line": 13,
          "column": 2
        },
        "end": {
          "line": 23,
          "column": 3
        }
      },
      "8": {
        "start": {
          "line": 14,
          "column": 4
        },
        "end": {
          "line": 18,
          "column": 13
        }
      },
      "9": {
        "start": {
          "line": 19,
          "column": 4
        },
        "end": {
          "line": 19,
          "column": 22
        }
      },
      "10": {
        "start": {
          "line": 20,
          "column": 4
        },
        "end": {
          "line": 20,
          "column": 14
        }
      },
      "11": {
        "start": {
          "line": 22,
          "column": 4
        },
        "end": {
          "line": 22,
          "column": 14
        }
      },
      "12": {
        "start": {
          "line": 24,
          "column": 2
        },
        "end": {
          "line": 24,
          "column": 12
        }
      }
    },
    "fnMap": {
      "0": {
        "name": "(anonymous_0)",
        "decl": {
          "start": {
            "line": 4,
            "column": 22
          },
          "end": {
            "line": 4,
            "column": 23
          }
        },
        "loc": {
          "start": {
            "line": 4,
            "column": 33
          },
          "end": {
            "line": 25,
            "column": 1
          }
        },
        "line": 4
      }
    },
    "branchMap": {
      "0": {
        "loc": {
          "start": {
            "line": 6,
            "column": 2
          },
          "end": {
            "line": 11,
            "column": 3
          }
        },
        "type": "if",
        "locations": [
          {
            "start": {
              "line": 6,
              "column": 2
            },
            "end": {
              "line": 11,
              "column": 3
            }
          },
          {
            "start": {},
            "end": {}
          }
        ],
        "line": 6
      },
      "1": {
        "loc": {
          "start": {
            "line": 13,
            "column": 2
          },
          "end": {
            "line": 23,
            "column": 3
          }
        },
        "type": "if",
        "locations": [
          {
            "start": {
              "line": 13,
              "column": 2
            },
            "end": {
              "line": 23,
              "column": 3
            }
          },
          {
            "start": {
              "line": 21,
              "column": 9
            },
            "end": {
              "line": 23,
              "column": 3
            }
          }
        ],
        "line": 13
      }
    },
    "s": {
      "0": 63,
      "1": 309,
      "2": 309,
      "3": 309,
      "4": 309,
      "5": 927,
      "6": 309,
      "7": 309,
      "8": 309,
      "9": 309,
      "10": 309,
      "11": 0,
      "12": 309
    },
    "f": {
      "0": 309
    },
    "b": {
      "0": [
        309,
        0
      ],
      "1": [
        309,
        0
      ]
    },
    "inputSourceMap": {
      "version": 3,
      "mappings": "AAEiC;;AAFjC,OAAOA,YAAY;AAEnB,MAAMC,gBAAgBC,WAAA;AAAA,QAAAC,IAAAC,GAAA;AAAA,MAAAD,EAAA;AAAA,aAAAE,KAAA,GAAAA,KAAA,GAAAA,MAAA;AAAAF,QAAAE,EAAA,IAAAC,uBAAAC,IAAA;AAAA;AAAAJ,MAAA;AAAA;AAAA,MAAAK;AAAA,MAAAL,EAAA,OAAAD,MAAAO,MAAA;AAAWD,SAAA,mCAAmB,WAAAR,OAAMU,QAAUR,gBAAKO,QAAxC;AAAA;AAAA;AAAA;AAAA,WAA8C;AAASN,MAAA,KAAAD,MAAAO;AAAAN,MAAA,KAAAK;AAAAA,EAAA;AAAAA,SAAAL,EAAA;AAAA;AAAA,SAAvDK;AAAuD;AACxF,eAAeP",
      "names": [
        "styles",
        "PrimaryButton",
        "props",
        "$",
        "_c",
        "$i",
        "Symbol",
        "for",
        "t0",
        "text",
        "button"
      ],
      "ignoreList": [],
      "sources": [
        "C:/Users/Admin/Desktop/Університет/Веб/wildbloom/src/components/PrimaryButton/PrimaryButton.jsx"
      ],
      "file": "C:/Users/Admin/Desktop/Університет/Веб/wildbloom/src/components/PrimaryButton/PrimaryButton.jsx"
    },
    "_coverageSchema": "1a1c01bbd47fc00a2c39e90264f33305004495a9",
    "hash": "2848c9ddbc8cb576389ede897a60dd8a6d9ffc45"
  },
  "C:/Users/Admin/Desktop/Університет/Веб/wildbloom/src/components/banner/BannerText/BannerText.jsx": {
    "path": "C:/Users/Admin/Desktop/Університет/Веб/wildbloom/src/components/banner/BannerText/BannerText.jsx",
    "statementMap": {
      "0": {
        "start": {
          "line": 8,
          "column": 19
        },
        "end": {
          "line": 86,
          "column": 1
        }
      },
      "1": {
        "start": {
          "line": 9,
          "column": 12
        },
        "end": {
          "line": 9,
          "column": 18
        }
      },
      "2": {
        "start": {
          "line": 10,
          "column": 2
        },
        "end": {
          "line": 15,
          "column": 3
        }
      },
      "3": {
        "start": {
          "line": 11,
          "column": 4
        },
        "end": {
          "line": 13,
          "column": 5
        }
      },
      "4": {
        "start": {
          "line": 11,
          "column": 18
        },
        "end": {
          "line": 11,
          "column": 19
        }
      },
      "5": {
        "start": {
          "line": 12,
          "column": 6
        },
        "end": {
          "line": 12,
          "column": 70
        }
      },
      "6": {
        "start": {
          "line": 14,
          "column": 4
        },
        "end": {
          "line": 14,
          "column": 78
        }
      },
      "7": {
        "start": {
          "line": 22,
          "column": 6
        },
        "end": {
          "line": 22,
          "column": 8
        }
      },
      "8": {
        "start": {
          "line": 23,
          "column": 16
        },
        "end": {
          "line": 23,
          "column": 43
        }
      },
      "9": {
        "start": {
          "line": 24,
          "column": 29
        },
        "end": {
          "line": 24,
          "column": 82
        }
      },
      "10": {
        "start": {
          "line": 26,
          "column": 2
        },
        "end": {
          "line": 36,
          "column": 3
        }
      },
      "11": {
        "start": {
          "line": 27,
          "column": 4
        },
        "end": {
          "line": 31,
          "column": 13
        }
      },
      "12": {
        "start": {
          "line": 32,
          "column": 4
        },
        "end": {
          "line": 32,
          "column": 17
        }
      },
      "13": {
        "start": {
          "line": 33,
          "column": 4
        },
        "end": {
          "line": 33,
          "column": 14
        }
      },
      "14": {
        "start": {
          "line": 35,
          "column": 4
        },
        "end": {
          "line": 35,
          "column": 14
        }
      },
      "15": {
        "start": {
          "line": 38,
          "column": 2
        },
        "end": {
          "line": 48,
          "column": 3
        }
      },
      "16": {
        "start": {
          "line": 39,
          "column": 4
        },
        "end": {
          "line": 43,
          "column": 13
        }
      },
      "17": {
        "start": {
          "line": 44,
          "column": 4
        },
        "end": {
          "line": 44,
          "column": 23
        }
      },
      "18": {
        "start": {
          "line": 45,
          "column": 4
        },
        "end": {
          "line": 45,
          "column": 14
        }
      },
      "19": {
        "start": {
          "line": 47,
          "column": 4
        },
        "end": {
          "line": 47,
          "column": 14
        }
      },
      "20": {
        "start": {
          "line": 50,
          "column": 2
        },
        "end": {
          "line": 65,
          "column": 3
        }
      },
      "21": {
        "start": {
          "line": 51,
          "column": 4
        },
        "end": {
          "line": 59,
          "column": 13
        }
      },
      "22": {
        "start": {
          "line": 60,
          "column": 4
        },
        "end": {
          "line": 60,
          "column": 22
        }
      },
      "23": {
        "start": {
          "line": 61,
          "column": 4
        },
        "end": {
          "line": 61,
          "column": 25
        }
      },
      "24": {
        "start": {
          "line": 62,
          "column": 4
        },
        "end": {
          "line": 62,
          "column": 14
        }
      },
      "25": {
        "start": {
          "line": 64,
          "column": 4
        },
        "end": {
          "line": 64,
          "column": 14
        }
      },
      "26": {
        "start": {
          "line": 67,
          "column": 2
        },
        "end": {
          "line": 84,
          "column": 3
        }
      },
      "27": {
        "start": {
          "line": 68,
          "column": 4
        },
        "end": {
          "line": 76,
          "column": 13
        }
      },
      "28": {
        "start": {
          "line": 77,
          "column": 4
        },
        "end": {
          "line": 77,
          "column": 30
        }
      },
      "29": {
        "start": {
          "line": 78,
          "column": 4
        },
        "end": {
          "line": 78,
          "column": 14
        }
      },
      "30": {
        "start": {
          "line": 79,
          "column": 4
        },
        "end": {
          "line": 79,
          "column": 15
        }
      },
      "31": {
        "start": {
          "line": 80,
          "column": 4
        },
        "end": {
          "line": 80,
          "column": 15
        }
      },
      "32": {
        "start": {
          "line": 81,
          "column": 4
        },
        "end": {
          "line": 81,
          "column": 15
        }
      },
      "33": {
        "start": {
          "line": 83,
          "column": 4
        },
        "end": {
          "line": 83,
          "column": 15
        }
      },
      "34": {
        "start": {
          "line": 85,
          "column": 2
        },
        "end": {
          "line": 85,
          "column": 12
        }
      }
    },
    "fnMap": {
      "0": {
        "name": "(anonymous_0)",
        "decl": {
          "start": {
            "line": 8,
            "column": 19
          },
          "end": {
            "line": 8,
            "column": 20
          }
        },
        "loc": {
          "start": {
            "line": 8,
            "column": 27
          },
          "end": {
            "line": 86,
            "column": 1
          }
        },
        "line": 8
      }
    },
    "branchMap": {
      "0": {
        "loc": {
          "start": {
            "line": 10,
            "column": 2
          },
          "end": {
            "line": 15,
            "column": 3
          }
        },
        "type": "if",
        "locations": [
          {
            "start": {
              "line": 10,
              "column": 2
            },
            "end": {
              "line": 15,
              "column": 3
            }
          },
          {
            "start": {},
            "end": {}
          }
        ],
        "line": 10
      },
      "1": {
        "loc": {
          "start": {
            "line": 23,
            "column": 16
          },
          "end": {
            "line": 23,
            "column": 43
          }
        },
        "type": "cond-expr",
        "locations": [
          {
            "start": {
              "line": 23,
              "column": 32
            },
            "end": {
              "line": 23,
              "column": 38
            }
          },
          {
            "start": {
              "line": 23,
              "column": 41
            },
            "end": {
              "line": 23,
              "column": 43
            }
          }
        ],
        "line": 23
      },
      "2": {
        "loc": {
          "start": {
            "line": 24,
            "column": 52
          },
          "end": {
            "line": 24,
            "column": 80
          }
        },
        "type": "binary-expr",
        "locations": [
          {
            "start": {
              "line": 24,
              "column": 52
            },
            "end": {
              "line": 24,
              "column": 65
            }
          },
          {
            "start": {
              "line": 24,
              "column": 69
            },
            "end": {
              "line": 24,
              "column": 80
            }
          }
        ],
        "line": 24
      },
      "3": {
        "loc": {
          "start": {
            "line": 26,
            "column": 2
          },
          "end": {
            "line": 36,
            "column": 3
          }
        },
        "type": "if",
        "locations": [
          {
            "start": {
              "line": 26,
              "column": 2
            },
            "end": {
              "line": 36,
              "column": 3
            }
          },
          {
            "start": {
              "line": 34,
              "column": 9
            },
            "end": {
              "line": 36,
              "column": 3
            }
          }
        ],
        "line": 26
      },
      "4": {
        "loc": {
          "start": {
            "line": 38,
            "column": 2
          },
          "end": {
            "line": 48,
            "column": 3
          }
        },
        "type": "if",
        "locations": [
          {
            "start": {
              "line": 38,
              "column": 2
            },
            "end": {
              "line": 48,
              "column": 3
            }
          },
          {
            "start": {
              "line": 46,
              "column": 9
            },
            "end": {
              "line": 48,
              "column": 3
            }
          }
        ],
        "line": 38
      },
      "5": {
        "loc": {
          "start": {
            "line": 50,
            "column": 2
          },
          "end": {
            "line": 65,
            "column": 3
          }
        },
        "type": "if",
        "locations": [
          {
            "start": {
              "line": 50,
              "column": 2
            },
            "end": {
              "line": 65,
              "column": 3
            }
          },
          {
            "start": {
              "line": 63,
              "column": 9
            },
            "end": {
              "line": 65,
              "column": 3
            }
          }
        ],
        "line": 50
      },
      "6": {
        "loc": {
          "start": {
            "line": 50,
            "column": 6
          },
          "end": {
            "line": 50,
            "column": 51
          }
        },
        "type": "binary-expr",
        "locations": [
          {
            "start": {
              "line": 50,
              "column": 6
            },
            "end": {
              "line": 50,
              "column": 25
            }
          },
          {
            "start": {
              "line": 50,
              "column": 29
            },
            "end": {
              "line": 50,
              "column": 51
            }
          }
        ],
        "line": 50
      },
      "7": {
        "loc": {
          "start": {
            "line": 51,
            "column": 9
          },
          "end": {
            "line": 59,
            "column": 12
          }
        },
        "type": "binary-expr",
        "locations": [
          {
            "start": {
              "line": 51,
              "column": 9
            },
            "end": {
              "line": 51,
              "column": 19
            }
          },
          {
            "start": {
              "line": 51,
              "column": 39
            },
            "end": {
              "line": 59,
              "column": 12
            }
          }
        ],
        "line": 51
      },
      "8": {
        "loc": {
          "start": {
            "line": 67,
            "column": 2
          },
          "end": {
            "line": 84,
            "column": 3
          }
        },
        "type": "if",
        "locations": [
          {
            "start": {
              "line": 67,
              "column": 2
            },
            "end": {
              "line": 84,
              "column": 3
            }
          },
          {
            "start": {
              "line": 82,
              "column": 9
            },
            "end": {
              "line": 84,
              "column": 3
            }
          }
        ],
        "line": 67
      },
      "9": {
        "loc": {
          "start": {
            "line": 67,
            "column": 6
          },
          "end": {
            "line": 67,
            "column": 80
          }
        },
        "type": "binary-expr",
        "locations": [
          {
            "start": {
              "line": 67,
              "column": 6
            },
            "end": {
              "line": 67,
              "column": 33
            }
          },
          {
            "start": {
              "line": 67,
              "column": 37
            },
            "end": {
              "line": 67,
              "column": 48
            }
          },
          {
            "start": {
              "line": 67,
              "column": 52
            },
            "end": {
              "line": 67,
              "column": 64
            }
          },
          {
            "start": {
              "line": 67,
              "column": 68
            },
            "end": {
              "line": 67,
              "column": 80
            }
          }
        ],
        "line": 67
      }
    },
    "s": {
      "0": 42,
      "1": 189,
      "2": 189,
      "3": 189,
      "4": 189,
      "5": 2457,
      "6": 189,
      "7": 189,
      "8": 189,
      "9": 189,
      "10": 189,
      "11": 189,
      "12": 189,
      "13": 189,
      "14": 0,
      "15": 189,
      "16": 189,
      "17": 189,
      "18": 189,
      "19": 0,
      "20": 189,
      "21": 189,
      "22": 189,
      "23": 189,
      "24": 189,
      "25": 0,
      "26": 189,
      "27": 189,
      "28": 189,
      "29": 189,
      "30": 189,
      "31": 189,
      "32": 189,
      "33": 0,
      "34": 189
    },
    "f": {
      "0": 189
    },
    "b": {
      "0": [
        189,
        0
      ],
      "1": [
        189,
        0
      ],
      "2": [
        189,
        0
      ],
      "3": [
        189,
        0
      ],
      "4": [
        189,
        0
      ],
      "5": [
        189,
        0
      ],
      "6": [
        189,
        0
      ],
      "7": [
        189,
        183
      ],
      "8": [
        189,
        0
      ],
      "9": [
        189,
        0,
        0,
        0
      ]
    },
    "inputSourceMap": {
      "version": 3,
      "mappings": "AAWM;;AAXN,OAAOA,WAAW;AAClB,OAAOC,iBAAiB;AACxB,OAAOC,uBAAuB;AAC9B,OAAOC,mBAAmB;AAC1B,OAAOC,YAAY;AAEnB,MAAMC,aAAaC,QAAA;AAAA,QAAAC,IAAAC,GAAA;AAAA,MAAAD,EAAA;AAAA,aAAAE,KAAA,GAAAA,KAAA,IAAAA,MAAA;AAAAF,QAAAE,EAAA,IAAAC,uBAAAC,IAAA;AAAA;AAAAJ,MAAA;AAAA;AAAC;AAAA,IAAAK;AAAAA,IAAAC;AAAAA,IAAAC;AAAAA,IAAAC;AAAAA,IAAAC,OAAAC;AAAAA,EAAA,IAAAX;AAAiD,QAAAU,QAAAC,OAAAC,SAAA,SAAAD;AACnE,QAAAE,qBAA2B,GAAGf,OAAMgB,SAAU,IAAIhB,OAAOY,KAAK,KAAKZ,OAAMiB,IAAK;AAAE,MAAAC;AAAA,MAAAf,EAAA,OAAAK,OAAA;AAI5EU,SAAA,uBAAC,eAAaV,mBAAd;AAAA;AAAA;AAAA;AAAA,WAAoB;AAAcL,MAAA,KAAAK;AAAAL,MAAA,KAAAe;AAAAA,EAAA;AAAAA,SAAAf,EAAA;AAAA;AAAA,MAAAgB;AAAA,MAAAhB,EAAA,OAAAM,aAAA;AAElCU,SAAA,uBAAC,qBAAmBV,yBAApB;AAAA;AAAA;AAAA;AAAA,WAAgC;AAAoBN,MAAA,KAAAM;AAAAN,MAAA,KAAAgB;AAAAA,EAAA;AAAAA,SAAAhB,EAAA;AAAA;AAAA,MAAAiB;AAAA,MAAAjB,EAAA,OAAAO,cAAAP,EAAA,OAAAQ,eAAA;AAEnDS,SAAAV,cACC,gCAAgB,WAAAV,OAAMqB,eACpB,iCAAC,iBAAoBX,kBAAqBC,0BAA1C;AAAA;AAAA;AAAA;AAAA,WAAuD,KADzD;AAAA;AAAA;AAAA;AAAA,WAEA;AACDR,MAAA,KAAAO;AAAAP,MAAA,KAAAQ;AAAAR,MAAA,KAAAiB;AAAAA,EAAA;AAAAA,SAAAjB,EAAA;AAAA;AAAA,MAAAmB;AAAA,MAAAnB,EAAA,OAAAY,sBAAAZ,EAAA,OAAAe,MAAAf,EAAA,QAAAgB,MAAAhB,EAAA,QAAAiB,IAAA;AATHE,SAAA,gCAAgBP,+BACdG;AAAAA;AAAAA,MAEAC;AAAAA,MAECC;AAAAA,SALH;AAAA;AAAA;AAAA;AAAA,WAUA;AAAMjB,MAAA,KAAAY;AAAAZ,MAAA,KAAAe;AAAAf,MAAA,MAAAgB;AAAAhB,MAAA,MAAAiB;AAAAjB,MAAA,MAAAmB;AAAAA,EAAA;AAAAA,SAAAnB,EAAA;AAAA;AAAA,SAVNmB;AAUM;AAIV,eAAerB",
      "names": [
        "React",
        "BannerTitle",
        "BannerDescription",
        "PrimaryButton",
        "styles",
        "BannerText",
        "t0",
        "$",
        "_c",
        "$i",
        "Symbol",
        "for",
        "title",
        "description",
        "buttonText",
        "onButtonClick",
        "align",
        "t1",
        "undefined",
        "containerClassName",
        "container",
        "left",
        "t2",
        "t3",
        "t4",
        "buttonWrapper",
        "t5"
      ],
      "ignoreList": [],
      "sources": [
        "C:/Users/Admin/Desktop/Університет/Веб/wildbloom/src/components/banner/BannerText/BannerText.jsx"
      ],
      "file": "C:/Users/Admin/Desktop/Університет/Веб/wildbloom/src/components/banner/BannerText/BannerText.jsx"
    },
    "_coverageSchema": "1a1c01bbd47fc00a2c39e90264f33305004495a9",
    "hash": "3088c11b5006d48329af0150152971168ecbdea3"
  },
  "C:/Users/Admin/Desktop/Університет/Веб/wildbloom/src/components/Checkbox/Checkbox.jsx": {
    "path": "C:/Users/Admin/Desktop/Університет/Веб/wildbloom/src/components/Checkbox/Checkbox.jsx",
    "statementMap": {
      "0": {
        "start": {
          "line": 5,
          "column": 17
        },
        "end": {
          "line": 56,
          "column": 1
        }
      },
      "1": {
        "start": {
          "line": 6,
          "column": 12
        },
        "end": {
          "line": 6,
          "column": 17
        }
      },
      "2": {
        "start": {
          "line": 7,
          "column": 2
        },
        "end": {
          "line": 12,
          "column": 3
        }
      },
      "3": {
        "start": {
          "line": 8,
          "column": 4
        },
        "end": {
          "line": 10,
          "column": 5
        }
      },
      "4": {
        "start": {
          "line": 8,
          "column": 18
        },
        "end": {
          "line": 8,
          "column": 19
        }
      },
      "5": {
        "start": {
          "line": 9,
          "column": 6
        },
        "end": {
          "line": 9,
          "column": 70
        }
      },
      "6": {
        "start": {
          "line": 11,
          "column": 4
        },
        "end": {
          "line": 11,
          "column": 78
        }
      },
      "7": {
        "start": {
          "line": 15,
          "column": 2
        },
        "end": {
          "line": 26,
          "column": 3
        }
      },
      "8": {
        "start": {
          "line": 16,
          "column": 4
        },
        "end": {
          "line": 19,
          "column": 12
        }
      },
      "9": {
        "start": {
          "line": 20,
          "column": 4
        },
        "end": {
          "line": 20,
          "column": 14
        }
      },
      "10": {
        "start": {
          "line": 21,
          "column": 4
        },
        "end": {
          "line": 21,
          "column": 17
        }
      },
      "11": {
        "start": {
          "line": 22,
          "column": 4
        },
        "end": {
          "line": 22,
          "column": 17
        }
      },
      "12": {
        "start": {
          "line": 24,
          "column": 4
        },
        "end": {
          "line": 24,
          "column": 17
        }
      },
      "13": {
        "start": {
          "line": 25,
          "column": 4
        },
        "end": {
          "line": 25,
          "column": 17
        }
      },
      "14": {
        "start": {
          "line": 28,
          "column": 2
        },
        "end": {
          "line": 38,
          "column": 3
        }
      },
      "15": {
        "start": {
          "line": 29,
          "column": 4
        },
        "end": {
          "line": 33,
          "column": 13
        }
      },
      "16": {
        "start": {
          "line": 34,
          "column": 4
        },
        "end": {
          "line": 34,
          "column": 17
        }
      },
      "17": {
        "start": {
          "line": 35,
          "column": 4
        },
        "end": {
          "line": 35,
          "column": 14
        }
      },
      "18": {
        "start": {
          "line": 37,
          "column": 4
        },
        "end": {
          "line": 37,
          "column": 14
        }
      },
      "19": {
        "start": {
          "line": 40,
          "column": 2
        },
        "end": {
          "line": 54,
          "column": 3
        }
      },
      "20": {
        "start": {
          "line": 41,
          "column": 4
        },
        "end": {
          "line": 48,
          "column": 13
        }
      },
      "21": {
        "start": {
          "line": 49,
          "column": 4
        },
        "end": {
          "line": 49,
          "column": 17
        }
      },
      "22": {
        "start": {
          "line": 50,
          "column": 4
        },
        "end": {
          "line": 50,
          "column": 14
        }
      },
      "23": {
        "start": {
          "line": 51,
          "column": 4
        },
        "end": {
          "line": 51,
          "column": 14
        }
      },
      "24": {
        "start": {
          "line": 53,
          "column": 4
        },
        "end": {
          "line": 53,
          "column": 14
        }
      },
      "25": {
        "start": {
          "line": 55,
          "column": 2
        },
        "end": {
          "line": 55,
          "column": 12
        }
      }
    },
    "fnMap": {
      "0": {
        "name": "(anonymous_0)",
        "decl": {
          "start": {
            "line": 5,
            "column": 17
          },
          "end": {
            "line": 5,
            "column": 18
          }
        },
        "loc": {
          "start": {
            "line": 5,
            "column": 25
          },
          "end": {
            "line": 56,
            "column": 1
          }
        },
        "line": 5
      }
    },
    "branchMap": {
      "0": {
        "loc": {
          "start": {
            "line": 7,
            "column": 2
          },
          "end": {
            "line": 12,
            "column": 3
          }
        },
        "type": "if",
        "locations": [
          {
            "start": {
              "line": 7,
              "column": 2
            },
            "end": {
              "line": 12,
              "column": 3
            }
          },
          {
            "start": {},
            "end": {}
          }
        ],
        "line": 7
      },
      "1": {
        "loc": {
          "start": {
            "line": 15,
            "column": 2
          },
          "end": {
            "line": 26,
            "column": 3
          }
        },
        "type": "if",
        "locations": [
          {
            "start": {
              "line": 15,
              "column": 2
            },
            "end": {
              "line": 26,
              "column": 3
            }
          },
          {
            "start": {
              "line": 23,
              "column": 9
            },
            "end": {
              "line": 26,
              "column": 3
            }
          }
        ],
        "line": 15
      },
      "2": {
        "loc": {
          "start": {
            "line": 28,
            "column": 2
          },
          "end": {
            "line": 38,
            "column": 3
          }
        },
        "type": "if",
        "locations": [
          {
            "start": {
              "line": 28,
              "column": 2
            },
            "end": {
              "line": 38,
              "column": 3
            }
          },
          {
            "start": {
              "line": 36,
              "column": 9
            },
            "end": {
              "line": 38,
              "column": 3
            }
          }
        ],
        "line": 28
      },
      "3": {
        "loc": {
          "start": {
            "line": 40,
            "column": 2
          },
          "end": {
            "line": 54,
            "column": 3
          }
        },
        "type": "if",
        "locations": [
          {
            "start": {
              "line": 40,
              "column": 2
            },
            "end": {
              "line": 54,
              "column": 3
            }
          },
          {
            "start": {
              "line": 52,
              "column": 9
            },
            "end": {
              "line": 54,
              "column": 3
            }
          }
        ],
        "line": 40
      },
      "4": {
        "loc": {
          "start": {
            "line": 40,
            "column": 6
          },
          "end": {
            "line": 40,
            "column": 35
          }
        },
        "type": "binary-expr",
        "locations": [
          {
            "start": {
              "line": 40,
              "column": 6
            },
            "end": {
              "line": 40,
              "column": 20
            }
          },
          {
            "start": {
              "line": 40,
              "column": 24
            },
            "end": {
              "line": 40,
              "column": 35
            }
          }
        ],
        "line": 40
      }
    },
    "s": {
      "0": 30,
      "1": 162,
      "2": 162,
      "3": 162,
      "4": 162,
      "5": 1458,
      "6": 162,
      "7": 162,
      "8": 162,
      "9": 162,
      "10": 162,
      "11": 162,
      "12": 0,
      "13": 0,
      "14": 162,
      "15": 162,
      "16": 162,
      "17": 162,
      "18": 0,
      "19": 162,
      "20": 162,
      "21": 162,
      "22": 162,
      "23": 162,
      "24": 0,
      "25": 162
    },
    "f": {
      "0": 162
    },
    "b": {
      "0": [
        162,
        0
      ],
      "1": [
        162,
        0
      ],
      "2": [
        162,
        0
      ],
      "3": [
        162,
        0
      ],
      "4": [
        162,
        0
      ]
    },
    "inputSourceMap": {
      "version": 3,
      "mappings": "AAMM;;AANN,OAAOA,WAAW;AAClB,OAAOC,YAAY;AAEnB,MAAMC,WAAWC,QAAA;AAAA,QAAAC,IAAAC,GAAA;AAAA,MAAAD,EAAA;AAAA,aAAAE,KAAA,GAAAA,KAAA,GAAAA,MAAA;AAAAF,QAAAE,EAAA,IAAAC,uBAAAC,IAAA;AAAA;AAAAJ,MAAA;AAAA;AAAA,MAAAK;AAAA,MAAAC;AAAA,MAAAN,EAAA,OAAAD,IAAA;AAAC;AAAA,MAAAM;AAAAA,MAAA,GAAAC;AAAAA,IAAA,IAAAP;AAAmBC,MAAA,KAAAD;AAAAC,MAAA,KAAAK;AAAAL,MAAA,KAAAM;AAAAA,EAAA;AAAAD,YAAAL,EAAA;AAAAM,YAAAN,EAAA;AAAA;AAAA,MAAAO;AAAA,MAAAP,EAAA,OAAAM,OAAA;AAG/BC,SAAA,kCAAY,kBAAU,GAAKD,SAA3B;AAAA;AAAA;AAAA;AAAA,WAAgC;AAAIN,MAAA,KAAAM;AAAAN,MAAA,KAAAO;AAAAA,EAAA;AAAAA,SAAAP,EAAA;AAAA;AAAA,MAAAQ;AAAA,MAAAR,EAAA,OAAAK,SAAAL,EAAA,OAAAO,IAAA;AADtCC,SAAA,kCAAkB,WAAAX,OAAMY,UACtBF;AAAAA;AAAAA,MACCF;AAAAA,SAFH;AAAA;AAAA;AAAA;AAAA,WAGA;AAAQL,MAAA,KAAAK;AAAAL,MAAA,KAAAO;AAAAP,MAAA,KAAAQ;AAAAA,EAAA;AAAAA,SAAAR,EAAA;AAAA;AAAA,SAHRQ;AAGQ;AAIZ,eAAeV",
      "names": [
        "React",
        "styles",
        "Checkbox",
        "t0",
        "$",
        "_c",
        "$i",
        "Symbol",
        "for",
        "label",
        "props",
        "t1",
        "t2",
        "checkbox"
      ],
      "ignoreList": [],
      "sources": [
        "C:/Users/Admin/Desktop/Університет/Веб/wildbloom/src/components/Checkbox/Checkbox.jsx"
      ],
      "file": "C:/Users/Admin/Desktop/Університет/Веб/wildbloom/src/components/Checkbox/Checkbox.jsx"
    },
    "_coverageSchema": "1a1c01bbd47fc00a2c39e90264f33305004495a9",
    "hash": "55317c03a380e7d36313cec4f7366d75a502214a"
  },
  "C:/Users/Admin/Desktop/Університет/Веб/wildbloom/src/components/InputField/InputField.jsx": {
    "path": "C:/Users/Admin/Desktop/Університет/Веб/wildbloom/src/components/InputField/InputField.jsx",
    "statementMap": {
      "0": {
        "start": {
          "line": 5,
          "column": 19
        },
        "end": {
          "line": 64,
          "column": 1
        }
      },
      "1": {
        "start": {
          "line": 6,
          "column": 12
        },
        "end": {
          "line": 6,
          "column": 18
        }
      },
      "2": {
        "start": {
          "line": 7,
          "column": 2
        },
        "end": {
          "line": 12,
          "column": 3
        }
      },
      "3": {
        "start": {
          "line": 8,
          "column": 4
        },
        "end": {
          "line": 10,
          "column": 5
        }
      },
      "4": {
        "start": {
          "line": 8,
          "column": 18
        },
        "end": {
          "line": 8,
          "column": 19
        }
      },
      "5": {
        "start": {
          "line": 9,
          "column": 6
        },
        "end": {
          "line": 9,
          "column": 70
        }
      },
      "6": {
        "start": {
          "line": 11,
          "column": 4
        },
        "end": {
          "line": 11,
          "column": 78
        }
      },
      "7": {
        "start": {
          "line": 19,
          "column": 6
        },
        "end": {
          "line": 19,
          "column": 8
        }
      },
      "8": {
        "start": {
          "line": 21,
          "column": 2
        },
        "end": {
          "line": 31,
          "column": 3
        }
      },
      "9": {
        "start": {
          "line": 22,
          "column": 4
        },
        "end": {
          "line": 26,
          "column": 13
        }
      },
      "10": {
        "start": {
          "line": 27,
          "column": 4
        },
        "end": {
          "line": 27,
          "column": 17
        }
      },
      "11": {
        "start": {
          "line": 28,
          "column": 4
        },
        "end": {
          "line": 28,
          "column": 14
        }
      },
      "12": {
        "start": {
          "line": 30,
          "column": 4
        },
        "end": {
          "line": 30,
          "column": 14
        }
      },
      "13": {
        "start": {
          "line": 33,
          "column": 2
        },
        "end": {
          "line": 46,
          "column": 3
        }
      },
      "14": {
        "start": {
          "line": 34,
          "column": 4
        },
        "end": {
          "line": 38,
          "column": 13
        }
      },
      "15": {
        "start": {
          "line": 39,
          "column": 4
        },
        "end": {
          "line": 39,
          "column": 20
        }
      },
      "16": {
        "start": {
          "line": 40,
          "column": 4
        },
        "end": {
          "line": 40,
          "column": 23
        }
      },
      "17": {
        "start": {
          "line": 41,
          "column": 4
        },
        "end": {
          "line": 41,
          "column": 16
        }
      },
      "18": {
        "start": {
          "line": 42,
          "column": 4
        },
        "end": {
          "line": 42,
          "column": 17
        }
      },
      "19": {
        "start": {
          "line": 43,
          "column": 4
        },
        "end": {
          "line": 43,
          "column": 14
        }
      },
      "20": {
        "start": {
          "line": 45,
          "column": 4
        },
        "end": {
          "line": 45,
          "column": 14
        }
      },
      "21": {
        "start": {
          "line": 48,
          "column": 2
        },
        "end": {
          "line": 62,
          "column": 3
        }
      },
      "22": {
        "start": {
          "line": 49,
          "column": 4
        },
        "end": {
          "line": 56,
          "column": 13
        }
      },
      "23": {
        "start": {
          "line": 57,
          "column": 4
        },
        "end": {
          "line": 57,
          "column": 14
        }
      },
      "24": {
        "start": {
          "line": 58,
          "column": 4
        },
        "end": {
          "line": 58,
          "column": 14
        }
      },
      "25": {
        "start": {
          "line": 59,
          "column": 4
        },
        "end": {
          "line": 59,
          "column": 15
        }
      },
      "26": {
        "start": {
          "line": 61,
          "column": 4
        },
        "end": {
          "line": 61,
          "column": 15
        }
      },
      "27": {
        "start": {
          "line": 63,
          "column": 2
        },
        "end": {
          "line": 63,
          "column": 12
        }
      }
    },
    "fnMap": {
      "0": {
        "name": "(anonymous_0)",
        "decl": {
          "start": {
            "line": 5,
            "column": 19
          },
          "end": {
            "line": 5,
            "column": 20
          }
        },
        "loc": {
          "start": {
            "line": 5,
            "column": 27
          },
          "end": {
            "line": 64,
            "column": 1
          }
        },
        "line": 5
      }
    },
    "branchMap": {
      "0": {
        "loc": {
          "start": {
            "line": 7,
            "column": 2
          },
          "end": {
            "line": 12,
            "column": 3
          }
        },
        "type": "if",
        "locations": [
          {
            "start": {
              "line": 7,
              "column": 2
            },
            "end": {
              "line": 12,
              "column": 3
            }
          },
          {
            "start": {},
            "end": {}
          }
        ],
        "line": 7
      },
      "1": {
        "loc": {
          "start": {
            "line": 21,
            "column": 2
          },
          "end": {
            "line": 31,
            "column": 3
          }
        },
        "type": "if",
        "locations": [
          {
            "start": {
              "line": 21,
              "column": 2
            },
            "end": {
              "line": 31,
              "column": 3
            }
          },
          {
            "start": {
              "line": 29,
              "column": 9
            },
            "end": {
              "line": 31,
              "column": 3
            }
          }
        ],
        "line": 21
      },
      "2": {
        "loc": {
          "start": {
            "line": 33,
            "column": 2
          },
          "end": {
            "line": 46,
            "column": 3
          }
        },
        "type": "if",
        "locations": [
          {
            "start": {
              "line": 33,
              "column": 2
            },
            "end": {
              "line": 46,
              "column": 3
            }
          },
          {
            "start": {
              "line": 44,
              "column": 9
            },
            "end": {
              "line": 46,
              "column": 3
            }
          }
        ],
        "line": 33
      },
      "3": {
        "loc": {
          "start": {
            "line": 33,
            "column": 6
          },
          "end": {
            "line": 33,
            "column": 82
          }
        },
        "type": "binary-expr",
        "locations": [
          {
            "start": {
              "line": 33,
              "column": 6
            },
            "end": {
              "line": 33,
              "column": 23
            }
          },
          {
            "start": {
              "line": 33,
              "column": 27
            },
            "end": {
              "line": 33,
              "column": 47
            }
          },
          {
            "start": {
              "line": 33,
              "column": 51
            },
            "end": {
              "line": 33,
              "column": 64
            }
          },
          {
            "start": {
              "line": 33,
              "column": 68
            },
            "end": {
              "line": 33,
              "column": 82
            }
          }
        ],
        "line": 33
      },
      "4": {
        "loc": {
          "start": {
            "line": 48,
            "column": 2
          },
          "end": {
            "line": 62,
            "column": 3
          }
        },
        "type": "if",
        "locations": [
          {
            "start": {
              "line": 48,
              "column": 2
            },
            "end": {
              "line": 62,
              "column": 3
            }
          },
          {
            "start": {
              "line": 60,
              "column": 9
            },
            "end": {
              "line": 62,
              "column": 3
            }
          }
        ],
        "line": 48
      },
      "5": {
        "loc": {
          "start": {
            "line": 48,
            "column": 6
          },
          "end": {
            "line": 48,
            "column": 32
          }
        },
        "type": "binary-expr",
        "locations": [
          {
            "start": {
              "line": 48,
              "column": 6
            },
            "end": {
              "line": 48,
              "column": 17
            }
          },
          {
            "start": {
              "line": 48,
              "column": 21
            },
            "end": {
              "line": 48,
              "column": 32
            }
          }
        ],
        "line": 48
      }
    },
    "s": {
      "0": 21,
      "1": 126,
      "2": 126,
      "3": 126,
      "4": 126,
      "5": 1386,
      "6": 126,
      "7": 126,
      "8": 126,
      "9": 126,
      "10": 126,
      "11": 126,
      "12": 0,
      "13": 126,
      "14": 126,
      "15": 126,
      "16": 126,
      "17": 126,
      "18": 126,
      "19": 126,
      "20": 0,
      "21": 126,
      "22": 126,
      "23": 126,
      "24": 126,
      "25": 126,
      "26": 0,
      "27": 126
    },
    "f": {
      "0": 126
    },
    "b": {
      "0": [
        126,
        0
      ],
      "1": [
        126,
        0
      ],
      "2": [
        126,
        0
      ],
      "3": [
        126,
        0,
        0,
        0
      ],
      "4": [
        126,
        0
      ],
      "5": [
        126,
        0
      ]
    },
    "inputSourceMap": {
      "version": 3,
      "mappings": "AAKI;;AALJ,OAAOA,WAAW;AAClB,OAAOC,YAAY;AAEnB,MAAMC,aAAaC,QAAA;AAAA,QAAAC,IAAAC,GAAA;AAAA,MAAAD,EAAA;AAAA,aAAAE,KAAA,GAAAA,KAAA,IAAAA,MAAA;AAAAF,QAAAE,EAAA,IAAAC,uBAAAC,IAAA;AAAA;AAAAJ,MAAA;AAAA;AAAC;AAAA,IAAAK;AAAAA,IAAAC;AAAAA,IAAAC;AAAAA,IAAAC;AAAAA,IAAAC;AAAAA,EAAA,IAAAV;AAA6C,MAAAW;AAAA,MAAAV,EAAA,OAAAK,OAAA;AAE7DK,SAAA,kCAAkB,WAAAb,OAAMQ,OAASA,mBAAjC;AAAA;AAAA;AAAA;AAAA,WAAuC;AAAQL,MAAA,KAAAK;AAAAL,MAAA,KAAAU;AAAAA,EAAA;AAAAA,SAAAV,EAAA;AAAA;AAAA,MAAAW;AAAA,MAAAX,EAAA,OAAAS,YAAAT,EAAA,OAAAO,eAAAP,EAAA,OAAAM,QAAAN,EAAA,OAAAQ,OAAA;AAC/CG,SAAA,kCAAaL,MAAmBC,aAAwB,WAAAV,OAAMe,OAAeJ,OAAiBC,YAA9F;AAAA;AAAA;AAAA;AAAA,WAAsG;AAAIT,MAAA,KAAAS;AAAAT,MAAA,KAAAO;AAAAP,MAAA,KAAAM;AAAAN,MAAA,KAAAQ;AAAAR,MAAA,KAAAW;AAAAA,EAAA;AAAAA,SAAAX,EAAA;AAAA;AAAA,MAAAa;AAAA,MAAAb,EAAA,OAAAU,MAAAV,EAAA,OAAAW,IAAA;AAF5GE,SAAA,gCAAgB,WAAAhB,OAAMiB,OACpBJ;AAAAA;AAAAA,MACAC;AAAAA,SAFF;AAAA;AAAA;AAAA;AAAA,WAGA;AAAMX,MAAA,KAAAU;AAAAV,MAAA,KAAAW;AAAAX,MAAA,MAAAa;AAAAA,EAAA;AAAAA,SAAAb,EAAA;AAAA;AAAA,SAHNa;AAGM;AAGR,eAAef",
      "names": [
        "React",
        "styles",
        "InputField",
        "t0",
        "$",
        "_c",
        "$i",
        "Symbol",
        "for",
        "label",
        "type",
        "placeholder",
        "value",
        "onChange",
        "t1",
        "t2",
        "input",
        "t3",
        "group"
      ],
      "ignoreList": [],
      "sources": [
        "C:/Users/Admin/Desktop/Університет/Веб/wildbloom/src/components/InputField/InputField.jsx"
      ],
      "file": "C:/Users/Admin/Desktop/Університет/Веб/wildbloom/src/components/InputField/InputField.jsx"
    },
    "_coverageSchema": "1a1c01bbd47fc00a2c39e90264f33305004495a9",
    "hash": "1f0308c93fc2e4065669ca6975ae33219e2bff1d"
  },
  "C:/Users/Admin/Desktop/Університет/Веб/wildbloom/src/components/Logo/Logo.jsx": {
    "path": "C:/Users/Admin/Desktop/Університет/Веб/wildbloom/src/components/Logo/Logo.jsx",
    "statementMap": {
      "0": {
        "start": {
          "line": 4,
          "column": 13
        },
        "end": {
          "line": 35,
          "column": 1
        }
      },
      "1": {
        "start": {
          "line": 5,
          "column": 12
        },
        "end": {
          "line": 5,
          "column": 17
        }
      },
      "2": {
        "start": {
          "line": 6,
          "column": 2
        },
        "end": {
          "line": 11,
          "column": 3
        }
      },
      "3": {
        "start": {
          "line": 7,
          "column": 4
        },
        "end": {
          "line": 9,
          "column": 5
        }
      },
      "4": {
        "start": {
          "line": 7,
          "column": 18
        },
        "end": {
          "line": 7,
          "column": 19
        }
      },
      "5": {
        "start": {
          "line": 8,
          "column": 6
        },
        "end": {
          "line": 8,
          "column": 70
        }
      },
      "6": {
        "start": {
          "line": 10,
          "column": 4
        },
        "end": {
          "line": 10,
          "column": 78
        }
      },
      "7": {
        "start": {
          "line": 13,
          "column": 2
        },
        "end": {
          "line": 33,
          "column": 3
        }
      },
      "8": {
        "start": {
          "line": 14,
          "column": 4
        },
        "end": {
          "line": 29,
          "column": 13
        }
      },
      "9": {
        "start": {
          "line": 30,
          "column": 4
        },
        "end": {
          "line": 30,
          "column": 14
        }
      },
      "10": {
        "start": {
          "line": 32,
          "column": 4
        },
        "end": {
          "line": 32,
          "column": 14
        }
      },
      "11": {
        "start": {
          "line": 34,
          "column": 2
        },
        "end": {
          "line": 34,
          "column": 12
        }
      }
    },
    "fnMap": {
      "0": {
        "name": "(anonymous_0)",
        "decl": {
          "start": {
            "line": 4,
            "column": 13
          },
          "end": {
            "line": 4,
            "column": 14
          }
        },
        "loc": {
          "start": {
            "line": 4,
            "column": 19
          },
          "end": {
            "line": 35,
            "column": 1
          }
        },
        "line": 4
      }
    },
    "branchMap": {
      "0": {
        "loc": {
          "start": {
            "line": 6,
            "column": 2
          },
          "end": {
            "line": 11,
            "column": 3
          }
        },
        "type": "if",
        "locations": [
          {
            "start": {
              "line": 6,
              "column": 2
            },
            "end": {
              "line": 11,
              "column": 3
            }
          },
          {
            "start": {},
            "end": {}
          }
        ],
        "line": 6
      },
      "1": {
        "loc": {
          "start": {
            "line": 13,
            "column": 2
          },
          "end": {
            "line": 33,
            "column": 3
          }
        },
        "type": "if",
        "locations": [
          {
            "start": {
              "line": 13,
              "column": 2
            },
            "end": {
              "line": 33,
              "column": 3
            }
          },
          {
            "start": {
              "line": 31,
              "column": 9
            },
            "end": {
              "line": 33,
              "column": 3
            }
          }
        ],
        "line": 13
      }
    },
    "s": {
      "0": 24,
      "1": 105,
      "2": 105,
      "3": 105,
      "4": 105,
      "5": 210,
      "6": 105,
      "7": 105,
      "8": 105,
      "9": 105,
      "10": 0,
      "11": 105
    },
    "f": {
      "0": 105
    },
    "b": {
      "0": [
        105,
        0
      ],
      "1": [
        105,
        0
      ]
    },
    "inputSourceMap": {
      "version": 3,
      "mappings": "AAII;;AAJJ,OAAOA,YAAY;AAEnB,MAAMC,OAAOA,MAAA;AAAA,QAAAC,IAAAC,GAAA;AAAA,MAAAD,EAAA;AAAA,aAAAE,KAAA,GAAAA,KAAA,GAAAA,MAAA;AAAAF,QAAAE,EAAA,IAAAC,uBAAAC,IAAA;AAAA;AAAAJ,MAAA;AAAA;AAAA,MAAAK;AAAA,MAAAL,EAAA,OAAAG,uBAAAC,IAAA;AACXC,SAAA,gCAAgB,WAAAP,OAAMQ,MACpB;AAAA,uCAAiB,WAAAR,OAAMS,MAAO,oBAA9B;AAAA;AAAA;AAAA;AAAA,aAAkC;AAAA,MAClC,iCAAiB,WAAAT,OAAMU,OAAQ,qBAA/B;AAAA;AAAA;AAAA;AAAA,aAAoC;AAAA,SAFtC;AAAA;AAAA;AAAA;AAAA,WAGA;AAAMR,MAAA,KAAAK;AAAAA,EAAA;AAAAA,SAAAL,EAAA;AAAA;AAAA,SAHNK;AAGM;AAER,eAAeN",
      "names": [
        "styles",
        "Logo",
        "$",
        "_c",
        "$i",
        "Symbol",
        "for",
        "t0",
        "logo",
        "wild",
        "bloom"
      ],
      "ignoreList": [],
      "sources": [
        "C:/Users/Admin/Desktop/Університет/Веб/wildbloom/src/components/Logo/Logo.jsx"
      ],
      "file": "C:/Users/Admin/Desktop/Університет/Веб/wildbloom/src/components/Logo/Logo.jsx"
    },
    "_coverageSchema": "1a1c01bbd47fc00a2c39e90264f33305004495a9",
    "hash": "5163fe1332860717c6ec711d78da6f5bac6a2b6a"
  },
  "C:/Users/Admin/Desktop/Університет/Веб/wildbloom/src/components/PhotoGallery/PhotoGallery.jsx": {
    "path": "C:/Users/Admin/Desktop/Університет/Веб/wildbloom/src/components/PhotoGallery/PhotoGallery.jsx",
    "statementMap": {
      "0": {
        "start": {
          "line": 5,
          "column": 21
        },
        "end": {
          "line": 37,
          "column": 1
        }
      },
      "1": {
        "start": {
          "line": 6,
          "column": 12
        },
        "end": {
          "line": 6,
          "column": 17
        }
      },
      "2": {
        "start": {
          "line": 7,
          "column": 2
        },
        "end": {
          "line": 12,
          "column": 3
        }
      },
      "3": {
        "start": {
          "line": 8,
          "column": 4
        },
        "end": {
          "line": 10,
          "column": 5
        }
      },
      "4": {
        "start": {
          "line": 8,
          "column": 18
        },
        "end": {
          "line": 8,
          "column": 19
        }
      },
      "5": {
        "start": {
          "line": 9,
          "column": 6
        },
        "end": {
          "line": 9,
          "column": 70
        }
      },
      "6": {
        "start": {
          "line": 11,
          "column": 4
        },
        "end": {
          "line": 11,
          "column": 78
        }
      },
      "7": {
        "start": {
          "line": 15,
          "column": 6
        },
        "end": {
          "line": 15,
          "column": 8
        }
      },
      "8": {
        "start": {
          "line": 17,
          "column": 2
        },
        "end": {
          "line": 23,
          "column": 3
        }
      },
      "9": {
        "start": {
          "line": 18,
          "column": 4
        },
        "end": {
          "line": 18,
          "column": 27
        }
      },
      "10": {
        "start": {
          "line": 19,
          "column": 4
        },
        "end": {
          "line": 19,
          "column": 18
        }
      },
      "11": {
        "start": {
          "line": 20,
          "column": 4
        },
        "end": {
          "line": 20,
          "column": 14
        }
      },
      "12": {
        "start": {
          "line": 22,
          "column": 4
        },
        "end": {
          "line": 22,
          "column": 14
        }
      },
      "13": {
        "start": {
          "line": 25,
          "column": 2
        },
        "end": {
          "line": 35,
          "column": 3
        }
      },
      "14": {
        "start": {
          "line": 26,
          "column": 4
        },
        "end": {
          "line": 30,
          "column": 13
        }
      },
      "15": {
        "start": {
          "line": 31,
          "column": 4
        },
        "end": {
          "line": 31,
          "column": 14
        }
      },
      "16": {
        "start": {
          "line": 32,
          "column": 4
        },
        "end": {
          "line": 32,
          "column": 14
        }
      },
      "17": {
        "start": {
          "line": 34,
          "column": 4
        },
        "end": {
          "line": 34,
          "column": 14
        }
      },
      "18": {
        "start": {
          "line": 36,
          "column": 2
        },
        "end": {
          "line": 36,
          "column": 12
        }
      },
      "19": {
        "start": {
          "line": 40,
          "column": 2
        },
        "end": {
          "line": 48,
          "column": 11
        }
      }
    },
    "fnMap": {
      "0": {
        "name": "(anonymous_0)",
        "decl": {
          "start": {
            "line": 5,
            "column": 21
          },
          "end": {
            "line": 5,
            "column": 22
          }
        },
        "loc": {
          "start": {
            "line": 5,
            "column": 29
          },
          "end": {
            "line": 37,
            "column": 1
          }
        },
        "line": 5
      },
      "1": {
        "name": "_temp",
        "decl": {
          "start": {
            "line": 39,
            "column": 9
          },
          "end": {
            "line": 39,
            "column": 14
          }
        },
        "loc": {
          "start": {
            "line": 39,
            "column": 27
          },
          "end": {
            "line": 49,
            "column": 1
          }
        },
        "line": 39
      }
    },
    "branchMap": {
      "0": {
        "loc": {
          "start": {
            "line": 7,
            "column": 2
          },
          "end": {
            "line": 12,
            "column": 3
          }
        },
        "type": "if",
        "locations": [
          {
            "start": {
              "line": 7,
              "column": 2
            },
            "end": {
              "line": 12,
              "column": 3
            }
          },
          {
            "start": {},
            "end": {}
          }
        ],
        "line": 7
      },
      "1": {
        "loc": {
          "start": {
            "line": 17,
            "column": 2
          },
          "end": {
            "line": 23,
            "column": 3
          }
        },
        "type": "if",
        "locations": [
          {
            "start": {
              "line": 17,
              "column": 2
            },
            "end": {
              "line": 23,
              "column": 3
            }
          },
          {
            "start": {
              "line": 21,
              "column": 9
            },
            "end": {
              "line": 23,
              "column": 3
            }
          }
        ],
        "line": 17
      },
      "2": {
        "loc": {
          "start": {
            "line": 25,
            "column": 2
          },
          "end": {
            "line": 35,
            "column": 3
          }
        },
        "type": "if",
        "locations": [
          {
            "start": {
              "line": 25,
              "column": 2
            },
            "end": {
              "line": 35,
              "column": 3
            }
          },
          {
            "start": {
              "line": 33,
              "column": 9
            },
            "end": {
              "line": 35,
              "column": 3
            }
          }
        ],
        "line": 25
      }
    },
    "s": {
      "0": 24,
      "1": 105,
      "2": 105,
      "3": 105,
      "4": 105,
      "5": 525,
      "6": 105,
      "7": 105,
      "8": 105,
      "9": 105,
      "10": 105,
      "11": 105,
      "12": 0,
      "13": 105,
      "14": 105,
      "15": 105,
      "16": 105,
      "17": 0,
      "18": 105,
      "19": 315
    },
    "f": {
      "0": 105,
      "1": 315
    },
    "b": {
      "0": [
        105,
        0
      ],
      "1": [
        105,
        0
      ],
      "2": [
        105,
        0
      ]
    },
    "inputSourceMap": {
      "version": 3,
      "mappings": "AAIE;;AAJF,OAAOA,WAAW;AAClB,OAAOC,YAAY;AAEnB,MAAMC,eAAeC,QAAA;AAAA,QAAAC,IAAAC,GAAA;AAAA,MAAAD,EAAA;AAAA,aAAAE,KAAA,GAAAA,KAAA,GAAAA,MAAA;AAAAF,QAAAE,EAAA,IAAAC,uBAAAC,IAAA;AAAA;AAAAJ,MAAA;AAAA;AAAC;AAAA,IAAAK;AAAAA,EAAA,IAAAN;AAAU,MAAAO;AAAA,MAAAN,EAAA,OAAAK,QAAA;AAE3BC,SAAAD,OAAME,IAAKC,KAIX;AAACR,MAAA,KAAAK;AAAAL,MAAA,KAAAM;AAAAA,EAAA;AAAAA,SAAAN,EAAA;AAAA;AAAA,MAAAS;AAAA,MAAAT,EAAA,OAAAM,IAAA;AALJG,SAAA,gCAAgB,WAAAZ,OAAMa,SACnBJ,gBADH;AAAA;AAAA;AAAA;AAAA,WAMA;AAAMN,MAAA,KAAAM;AAAAN,MAAA,KAAAS;AAAAA,EAAA;AAAAA,SAAAT,EAAA;AAAA;AAAA,SANNS;AAMM;AAGR,eAAeX;AAVM,SAAAU,MAAAG,KAAAC,OAAA;AAAA,SAGf,gCAA4B,WAAAf,OAAMgB,cAChC,0CAAUF,UAAU,gBAAWC,KAAK,IAAe,WAAAf,OAAMiB,SAAzD;AAAA;AAAA;AAAA;AAAA,SAA+D,KADvDF,OAAV;AAAA;AAAA;AAAA;AAAA,SAEA;AAAM",
      "names": [
        "React",
        "styles",
        "PhotoGallery",
        "t0",
        "$",
        "_c",
        "$i",
        "Symbol",
        "for",
        "images",
        "t1",
        "map",
        "_temp",
        "t2",
        "gallery",
        "img",
        "index",
        "thumbWrapper",
        "thumb"
      ],
      "ignoreList": [],
      "sources": [
        "C:/Users/Admin/Desktop/Університет/Веб/wildbloom/src/components/PhotoGallery/PhotoGallery.jsx"
      ],
      "file": "C:/Users/Admin/Desktop/Університет/Веб/wildbloom/src/components/PhotoGallery/PhotoGallery.jsx"
    },
    "_coverageSchema": "1a1c01bbd47fc00a2c39e90264f33305004495a9",
    "hash": "86e0b183f6a1a29faca528978141a3f4ad0290fe"
  },
  "C:/Users/Admin/Desktop/Університет/Веб/wildbloom/src/components/PrimaryImage/PrimaryImage.jsx": {
    "path": "C:/Users/Admin/Desktop/Університет/Веб/wildbloom/src/components/PrimaryImage/PrimaryImage.jsx",
    "statementMap": {
      "0": {
        "start": {
          "line": 5,
          "column": 21
        },
        "end": {
          "line": 60,
          "column": 1
        }
      },
      "1": {
        "start": {
          "line": 6,
          "column": 12
        },
        "end": {
          "line": 6,
          "column": 18
        }
      },
      "2": {
        "start": {
          "line": 7,
          "column": 2
        },
        "end": {
          "line": 12,
          "column": 3
        }
      },
      "3": {
        "start": {
          "line": 8,
          "column": 4
        },
        "end": {
          "line": 10,
          "column": 5
        }
      },
      "4": {
        "start": {
          "line": 8,
          "column": 18
        },
        "end": {
          "line": 8,
          "column": 19
        }
      },
      "5": {
        "start": {
          "line": 9,
          "column": 6
        },
        "end": {
          "line": 9,
          "column": 70
        }
      },
      "6": {
        "start": {
          "line": 11,
          "column": 4
        },
        "end": {
          "line": 11,
          "column": 78
        }
      },
      "7": {
        "start": {
          "line": 18,
          "column": 6
        },
        "end": {
          "line": 18,
          "column": 8
        }
      },
      "8": {
        "start": {
          "line": 19,
          "column": 20
        },
        "end": {
          "line": 19,
          "column": 48
        }
      },
      "9": {
        "start": {
          "line": 20,
          "column": 20
        },
        "end": {
          "line": 20,
          "column": 43
        }
      },
      "10": {
        "start": {
          "line": 21,
          "column": 13
        },
        "end": {
          "line": 21,
          "column": 50
        }
      },
      "11": {
        "start": {
          "line": 23,
          "column": 2
        },
        "end": {
          "line": 31,
          "column": 3
        }
      },
      "12": {
        "start": {
          "line": 24,
          "column": 4
        },
        "end": {
          "line": 26,
          "column": 6
        }
      },
      "13": {
        "start": {
          "line": 27,
          "column": 4
        },
        "end": {
          "line": 27,
          "column": 21
        }
      },
      "14": {
        "start": {
          "line": 28,
          "column": 4
        },
        "end": {
[...]
            "start": {
              "line": 17,
              "column": 2
            },
            "end": {
              "line": 27,
              "column": 3
            }
          },
          {
            "start": {
              "line": 25,
              "column": 9
            },
            "end": {
              "line": 27,
              "column": 3
            }
          }
        ],
        "line": 17
      }
    },
    "s": {
      "0": 21,
      "1": 81,
      "2": 81,
      "3": 81,
      "4": 81,
      "5": 243,
      "6": 81,
      "7": 81,
      "8": 81,
      "9": 81,
      "10": 81,
      "11": 81,
      "12": 0,
      "13": 81
    },
    "f": {
      "0": 81
    },
    "b": {
      "0": [
        81,
        0
      ],
      "1": [
        81,
        0
      ]
    },
    "inputSourceMap": {
      "version": 3,
      "mappings": "AAIS;;AAJT,OAAOA,WAAW;AAClB,OAAOC,YAAY;AAEnB,MAAMC,eAAeC,QAAA;AAAA,QAAAC,IAAAC,GAAA;AAAA,MAAAD,EAAA;AAAA,aAAAE,KAAA,GAAAA,KAAA,GAAAA,MAAA;AAAAF,QAAAE,EAAA,IAAAC,uBAAAC,IAAA;AAAA;AAAAJ,MAAA;AAAA;AAAC;AAAA,IAAAK;AAAAA,EAAA,IAAAN;AAAY,MAAAO;AAAA,MAAAN,EAAA,OAAAK,UAAA;AACzBC,SAAA,+BAAe,WAAAT,OAAMU,OAASF,YAA9B;AAAA;AAAA;AAAA;AAAA,WAAuC;AAAKL,MAAA,KAAAK;AAAAL,MAAA,KAAAM;AAAAA,EAAA;AAAAA,SAAAN,EAAA;AAAA;AAAA,SAA5CM;AAA4C;AAGrD,eAAeR",
      "names": [
        "React",
        "styles",
        "SectionTitle",
        "t0",
        "$",
        "_c",
        "$i",
        "Symbol",
        "for",
        "children",
        "t1",
        "title"
      ],
      "ignoreList": [],
      "sources": [
        "C:/Users/Admin/Desktop/Університет/Веб/wildbloom/src/components/SectionTitle/SectionTitle.jsx"
      ],
      "file": "C:/Users/Admin/Desktop/Університет/Веб/wildbloom/src/components/SectionTitle/SectionTitle.jsx"
    },
    "_coverageSchema": "1a1c01bbd47fc00a2c39e90264f33305004495a9",
    "hash": "f667072a1fdac0adc254b5e2edbb01b30e473e6a"
  },
  "C:/Users/Admin/Desktop/Університет/Веб/wildbloom/src/features/footer/SocialLinks/SocialLinks.jsx": {
    "path": "C:/Users/Admin/Desktop/Університет/Веб/wildbloom/src/features/footer/SocialLinks/SocialLinks.jsx",
    "statementMap": {
      "0": {
        "start": {
          "line": 6,
          "column": 20
        },
        "end": {
          "line": 68,
          "column": 1
        }
      },
      "1": {
        "start": {
          "line": 7,
          "column": 12
        },
        "end": {
          "line": 7,
          "column": 17
        }
      },
      "2": {
        "start": {
          "line": 8,
          "column": 2
        },
        "end": {
          "line": 13,
          "column": 3
        }
      },
      "3": {
        "start": {
          "line": 9,
          "column": 4
        },
        "end": {
          "line": 11,
          "column": 5
        }
      },
      "4": {
        "start": {
          "line": 9,
          "column": 18
        },
        "end": {
          "line": 9,
          "column": 19
        }
      },
      "5": {
        "start": {
          "line": 10,
          "column": 6
        },
        "end": {
          "line": 10,
          "column": 70
        }
      },
      "6": {
        "start": {
          "line": 12,
          "column": 4
        },
        "end": {
          "line": 12,
          "column": 78
        }
      },
      "7": {
        "start": {
          "line": 15,
          "column": 2
        },
        "end": {
          "line": 28,
          "column": 3
        }
      },
      "8": {
        "start": {
          "line": 16,
          "column": 4
        },
        "end": {
          "line": 24,
          "column": 13
        }
      },
      "9": {
        "start": {
          "line": 25,
          "column": 4
        },
        "end": {
          "line": 25,
          "column": 14
        }
      },
      "10": {
        "start": {
          "line": 27,
          "column": 4
        },
        "end": {
          "line": 27,
          "column": 14
        }
      },
      "11": {
        "start": {
          "line": 30,
          "column": 2
        },
        "end": {
          "line": 43,
          "column": 3
        }
      },
      "12": {
        "start": {
          "line": 31,
          "column": 4
        },
        "end": {
          "line": 39,
          "column": 13
        }
      },
      "13": {
        "start": {
          "line": 40,
          "column": 4
        },
        "end": {
          "line": 40,
          "column": 14
        }
      },
      "14": {
        "start": {
          "line": 42,
          "column": 4
        },
        "end": {
          "line": 42,
          "column": 14
        }
      },
      "15": {
        "start": {
          "line": 45,
          "column": 2
        },
        "end": {
          "line": 66,
          "column": 3
        }
      },
      "16": {
        "start": {
          "line": 46,
          "column": 4
        },
        "end": {
          "line": 62,
          "column": 13
        }
      },
      "17": {
        "start": {
          "line": 63,
          "column": 4
        },
        "end": {
          "line": 63,
          "column": 14
        }
      },
      "18": {
        "start": {
          "line": 65,
          "column": 4
        },
        "end": {
          "line": 65,
          "column": 14
        }
      },
      "19": {
        "start": {
          "line": 67,
          "column": 2
        },
        "end": {
          "line": 67,
          "column": 12
        }
      }
    },
    "fnMap": {
      "0": {
        "name": "(anonymous_0)",
        "decl": {
          "start": {
            "line": 6,
            "column": 20
          },
          "end": {
            "line": 6,
            "column": 21
          }
        },
        "loc": {
          "start": {
            "line": 6,
            "column": 26
          },
          "end": {
            "line": 68,
            "column": 1
          }
        },
        "line": 6
      }
    },
    "branchMap": {
      "0": {
        "loc": {
          "start": {
            "line": 8,
            "column": 2
          },
          "end": {
            "line": 13,
            "column": 3
          }
        },
        "type": "if",
        "locations": [
          {
            "start": {
              "line": 8,
              "column": 2
            },
            "end": {
              "line": 13,
              "column": 3
            }
          },
          {
            "start": {},
            "end": {}
          }
        ],
        "line": 8
      },
      "1": {
        "loc": {
          "start": {
            "line": 15,
            "column": 2
          },
          "end": {
            "line": 28,
            "column": 3
          }
        },
        "type": "if",
        "locations": [
          {
            "start": {
              "line": 15,
              "column": 2
            },
            "end": {
              "line": 28,
              "column": 3
            }
          },
          {
            "start": {
              "line": 26,
              "column": 9
            },
            "end": {
              "line": 28,
              "column": 3
            }
          }
        ],
        "line": 15
      },
      "2": {
        "loc": {
          "start": {
            "line": 30,
            "column": 2
          },
          "end": {
            "line": 43,
            "column": 3
          }
        },
        "type": "if",
        "locations": [
          {
            "start": {
              "line": 30,
              "column": 2
            },
            "end": {
              "line": 43,
              "column": 3
            }
          },
          {
            "start": {
              "line": 41,
              "column": 9
            },
            "end": {
              "line": 43,
              "column": 3
            }
          }
        ],
        "line": 30
      },
      "3": {
        "loc": {
          "start": {
            "line": 45,
            "column": 2
          },
          "end": {
            "line": 66,
            "column": 3
          }
        },
        "type": "if",
        "locations": [
          {
            "start": {
              "line": 45,
              "column": 2
            },
            "end": {
              "line": 66,
              "column": 3
            }
          },
          {
            "start": {
              "line": 64,
              "column": 9
            },
            "end": {
              "line": 66,
              "column": 3
            }
          }
        ],
        "line": 45
      }
    },
    "s": {
      "0": 33,
      "1": 195,
      "2": 195,
      "3": 195,
      "4": 195,
      "5": 780,
      "6": 195,
      "7": 195,
      "8": 195,
      "9": 195,
      "10": 0,
      "11": 195,
      "12": 195,
      "13": 195,
      "14": 0,
      "15": 195,
      "16": 195,
      "17": 195,
      "18": 0,
      "19": 195
    },
    "f": {
      "0": 195
    },
    "b": {
      "0": [
        195,
        0
      ],
      "1": [
        195,
        0
      ],
      "2": [
        195,
        0
      ],
      "3": [
        195,
        0
      ]
    },
    "inputSourceMap": {
      "version": 3,
      "mappings": "AAQQ;;AARR,OAAOA,WAAW;AAClB,OAAOC,YAAY;AACnB,SAASC,cAAcC,aAAaC,kBAAkB;AAEtD,MAAMC,cAAcA,MAAA;AAAA,QAAAC,IAAAC,GAAA;AAAA,MAAAD,EAAA;AAAA,aAAAE,KAAA,GAAAA,KAAA,GAAAA,MAAA;AAAAF,QAAAE,EAAA,IAAAC,uBAAAC,IAAA;AAAA;AAAAJ,MAAA;AAAA;AAAA,MAAAK;AAAA,MAAAL,EAAA,OAAAG,uBAAAC,IAAA;AAGdC,SAAA,8BAAQ,WAAe,WAAAV,OAAMW,QAC3B,iCAAC,kBAAD;AAAA;AAAA;AAAA;AAAA,WAAa,KADf;AAAA;AAAA;AAAA;AAAA,WAEA;AAAIN,MAAA,KAAAK;AAAAA,EAAA;AAAAA,SAAAL,EAAA;AAAA;AAAA,MAAAO;AAAA,MAAAP,EAAA,OAAAG,uBAAAC,IAAA;AACJG,SAAA,8BAAQ,WAAe,WAAAZ,OAAMW,QAC3B,iCAAC,iBAAD;AAAA;AAAA;AAAA;AAAA,WAAY,KADd;AAAA;AAAA;AAAA;AAAA,WAEA;AAAIN,MAAA,KAAAO;AAAAA,EAAA;AAAAA,SAAAP,EAAA;AAAA;AAAA,MAAAQ;AAAA,MAAAR,EAAA,OAAAG,uBAAAC,IAAA;AANNI,SAAA,gCAAgB,WAAAb,OAAMc,SACpBJ;AAAAA;AAAAA,MAGAE;AAAAA,MAGA,8BAAQ,WAAe,WAAAZ,OAAMW,QAC3B,iCAAC,gBAAD;AAAA;AAAA;AAAA;AAAA,aAAW,KADb;AAAA;AAAA;AAAA;AAAA,aAEA;AAAA,SATF;AAAA;AAAA;AAAA;AAAA,WAUA;AAAMN,MAAA,KAAAQ;AAAAA,EAAA;AAAAA,SAAAR,EAAA;AAAA;AAAA,SAVNQ;AAUM;AAIV,eAAeT",
      "names": [
        "React",
        "styles",
        "FaLinkedinIn",
        "FaFacebookF",
        "FaXTwitter",
        "SocialLinks",
        "$",
        "_c",
        "$i",
        "Symbol",
        "for",
        "t0",
        "circle",
        "t1",
        "t2",
        "socials"
      ],
      "ignoreList": [],
      "sources": [
        "C:/Users/Admin/Desktop/Університет/Веб/wildbloom/src/features/footer/SocialLinks/SocialLinks.jsx"
      ],
      "file": "C:/Users/Admin/Desktop/Університет/Веб/wildbloom/src/features/footer/SocialLinks/SocialLinks.jsx"
    },
    "_coverageSchema": "1a1c01bbd47fc00a2c39e90264f33305004495a9",
    "hash": "6d52b9cd75d074b6309559d787747a84cd31012e"
  },
  "C:/Users/Admin/Desktop/Університет/Веб/wildbloom/src/features/header/UserActions/UserActions.jsx": {
    "path": "C:/Users/Admin/Desktop/Університет/Веб/wildbloom/src/features/header/UserActions/UserActions.jsx",
    "statementMap": {
      "0": {
        "start": {
          "line": 6,
          "column": 20
        },
        "end": {
          "line": 68,
          "column": 1
        }
      },
      "1": {
        "start": {
          "line": 7,
          "column": 12
        },
        "end": {
          "line": 7,
          "column": 17
        }
      },
      "2": {
        "start": {
          "line": 8,
          "column": 2
        },
        "end": {
          "line": 13,
          "column": 3
        }
      },
      "3": {
        "start": {
          "line": 9,
          "column": 4
        },
        "end": {
          "line": 11,
          "column": 5
        }
      },
      "4": {
        "start": {
          "line": 9,
          "column": 18
        },
        "end": {
          "line": 9,
          "column": 19
        }
      },
      "5": {
        "start": {
          "line": 10,
          "column": 6
        },
        "end": {
          "line": 10,
          "column": 70
        }
      },
      "6": {
        "start": {
          "line": 12,
          "column": 4
        },
        "end": {
          "line": 12,
          "column": 78
        }
      },
      "7": {
        "start": {
          "line": 15,
          "column": 2
        },
        "end": {
          "line": 28,
          "column": 3
        }
      },
      "8": {
        "start": {
          "line": 16,
          "column": 4
        },
        "end": {
          "line": 24,
          "column": 13
        }
      },
      "9": {
        "start": {
          "line": 25,
          "column": 4
        },
        "end": {
          "line": 25,
          "column": 14
        }
      },
      "10": {
        "start": {
          "line": 27,
          "column": 4
        },
        "end": {
          "line": 27,
          "column": 14
        }
      },
      "11": {
        "start": {
          "line": 30,
          "column": 2
        },
        "end": {
          "line": 43,
          "column": 3
        }
      },
      "12": {
        "start": {
          "line": 31,
          "column": 4
        },
        "end": {
          "line": 39,
          "column": 13
        }
      },
      "13": {
        "start": {
          "line": 40,
          "column": 4
        },
        "end": {
          "line": 40,
          "column": 14
        }
      },
      "14": {
        "start": {
          "line": 42,
          "column": 4
        },
        "end": {
          "line": 42,
          "column": 14
        }
      },
      "15": {
        "start": {
          "line": 45,
          "column": 2
        },
        "end": {
          "line": 66,
          "column": 3
        }
      },
      "16": {
        "start": {
          "line": 46,
          "column": 4
        },
        "end": {
          "line": 62,
          "column": 13
        }
      },
      "17": {
        "start": {
          "line": 63,
          "column": 4
        },
        "end": {
          "line": 63,
          "column": 14
        }
      },
      "18": {
        "start": {
          "line": 65,
          "column": 4
        },
        "end": {
          "line": 65,
          "column": 14
        }
      },
      "19": {
        "start": {
          "line": 67,
          "column": 2
        },
        "end": {
          "line": 67,
          "column": 12
        }
      }
    },
    "fnMap": {
      "0": {
        "name": "(anonymous_0)",
        "decl": {
          "start": {
            "line": 6,
            "column": 20
          },
          "end": {
            "line": 6,
            "column": 21
          }
        },
        "loc": {
          "start": {
            "line": 6,
            "column": 26
          },
          "end": {
            "line": 68,
            "column": 1
          }
        },
        "line": 6
      }
    },
    "branchMap": {
      "0": {
        "loc": {
          "start": {
            "line": 8,
            "column": 2
          },
          "end": {
            "line": 13,
            "column": 3
          }
        },
        "type": "if",
        "locations": [
          {
            "start": {
              "line": 8,
              "column": 2
            },
            "end": {
              "line": 13,
              "column": 3
            }
          },
          {
            "start": {},
            "end": {}
          }
        ],
        "line": 8
      },
      "1": {
        "loc": {
          "start": {
            "line": 15,
            "column": 2
          },
          "end": {
            "line": 28,
            "column": 3
          }
        },
        "type": "if",
        "locations": [
          {
            "start": {
              "line": 15,
              "column": 2
            },
            "end": {
              "line": 28,
              "column": 3
            }
          },
          {
            "start": {
              "line": 26,
              "column": 9
            },
            "end": {
              "line": 28,
              "column": 3
            }
          }
        ],
        "line": 15
      },
      "2": {
        "loc": {
          "start": {
            "line": 30,
            "column": 2
          },
          "end": {
            "line": 43,
            "column": 3
          }
        },
        "type": "if",
        "locations": [
          {
            "start": {
              "line": 30,
              "column": 2
            },
            "end": {
              "line": 43,
              "column": 3
            }
          },
          {
            "start": {
              "line": 41,
              "column": 9
            },
            "end": {
              "line": 43,
              "column": 3
            }
          }
        ],
        "line": 30
      },
      "3": {
        "loc": {
          "start": {
            "line": 45,
            "column": 2
          },
          "end": {
            "line": 66,
            "column": 3
          }
        },
        "type": "if",
        "locations": [
          {
            "start": {
              "line": 45,
              "column": 2
            },
            "end": {
              "line": 66,
              "column": 3
            }
          },
          {
            "start": {
              "line": 64,
              "column": 9
            },
            "end": {
              "line": 66,
              "column": 3
            }
          }
        ],
        "line": 45
      }
    },
    "s": {
      "0": 36,
      "1": 231,
      "2": 231,
      "3": 231,
      "4": 231,
      "5": 924,
      "6": 231,
      "7": 231,
      "8": 231,
      "9": 231,
      "10": 0,
      "11": 231,
      "12": 231,
      "13": 231,
      "14": 0,
      "15": 231,
      "16": 231,
      "17": 231,
      "18": 0,
      "19": 231
    },
    "f": {
      "0": 231
    },
    "b": {
      "0": [
        231,
        0
      ],
      "1": [
        231,
        0
      ],
      "2": [
        231,
        0
      ],
      "3": [
        231,
        0
      ]
    },
    "inputSourceMap": {
      "version": 3,
      "mappings": "AAOM;;AAPN,SAASA,QAAQC,MAAMC,mBAAmB;AAC1C,OAAOC,YAAY;AACnB,SAASC,eAAe;AAExB,MAAMC,cAAcA,MAAA;AAAA,QAAAC,IAAAC,GAAA;AAAA,MAAAD,EAAA;AAAA,aAAAE,KAAA,GAAAA,KAAA,GAAAA,MAAA;AAAAF,QAAAE,EAAA,IAAAC,uBAAAC,IAAA;AAAA;AAAAJ,MAAA;AAAA;AAAA,MAAAK;AAAA,MAAAL,EAAA,OAAAG,uBAAAC,IAAA;AAEhBC,SAAA,mCAAmB,WAAAR,OAAMS,YACvB,iCAAC,UAAa,UAAiB,oBAA/B;AAAA;AAAA;AAAA;AAAA,WAAkC,KADpC;AAAA;AAAA;AAAA;AAAA,WAEA;AAASN,MAAA,KAAAK;AAAAA,EAAA;AAAAA,SAAAL,EAAA;AAAA;AAAA,MAAAO;AAAA,MAAAP,EAAA,OAAAG,uBAAAC,IAAA;AACTG,SAAA,uBAAC,WAAW,cAAoB,WAAAV,OAAMS,YACpC,iCAAC,QAAW,UAAiB,oBAA7B;AAAA;AAAA;AAAA;AAAA,WAAgC,KADlC;AAAA;AAAA;AAAA;AAAA,WAEA;AAAUN,MAAA,KAAAO;AAAAA,EAAA;AAAAA,SAAAP,EAAA;AAAA;AAAA,MAAAQ;AAAA,MAAAR,EAAA,OAAAG,uBAAAC,IAAA;AANZI,SAAA,gCAAgB,WAAAX,OAAMY,WACpBJ;AAAAA;AAAAA,MAGAE;AAAAA,MAIA,mCAAmB,WAAAV,OAAMS,YACvB,iCAAC,eAAkB,UAAiB,oBAApC;AAAA;AAAA;AAAA;AAAA,aAAuC,KADzC;AAAA;AAAA;AAAA;AAAA,aAEA;AAAA,SAVF;AAAA;AAAA;AAAA;AAAA,WAWA;AAAMN,MAAA,KAAAQ;AAAAA,EAAA;AAAAA,SAAAR,EAAA;AAAA;AAAA,SAXNQ;AAWM;AAER,eAAeT",
      "names": [
        "Search",
        "User",
        "ShoppingBag",
        "styles",
        "NavLink",
        "UserActions",
        "$",
        "_c",
        "$i",
        "Symbol",
        "for",
        "t0",
        "iconButton",
        "t1",
        "t2",
        "container"
      ],
      "ignoreList": [],
      "sources": [
        "C:/Users/Admin/Desktop/Університет/Веб/wildbloom/src/features/header/UserActions/UserActions.jsx"
      ],
      "file": "C:/Users/Admin/Desktop/Університет/Веб/wildbloom/src/features/header/UserActions/UserActions.jsx"
    },
    "_coverageSchema": "1a1c01bbd47fc00a2c39e90264f33305004495a9",
    "hash": "28d98943e5ebea653ef4c323612afacf764673fb"
  }
}