{"C:/Users/Admin/Desktop/Університет/Веб/wildbloom/src/components/AddToCartButton/AddToCartButton.jsx": {"path":"C:/Users/Admin/Desktop/Університет/Веб/wildbloom/src/components/AddToCartButton/AddToCartButton.jsx","statementMap":{"0":{"start":{"line":4,"column":24},"end":{"line":4,"column":null}},"1":{"start":{"line":4,"column":24},"end":{"line":4,"column":30}},"2":{"start":{"line":4,"column":30},"end":{"line":4,"column":87}},"3":{"start":{"line":4,"column":87},"end":{"line":4,"column":null}},"4":{"start":{"line":4,"column":87},"end":{"line":4,"column":49}}},"fnMap":{"0":{"name":"(anonymous_0)","decl":{"start":{"line":4,"column":24},"end":{"line":4,"column":30}},"loc":{"start":{"line":4,"column":24},"end":{"line":4,"column":null}}}},"branchMap":{"0":{"loc":{"start":{"line":4,"column":24},"end":{"line":4,"column":30}},"type":"if","locations":[{"start":{"line":4,"column":24},"end":{"line":4,"column":30}}]},"1":{"loc":{"start":{"line":4,"column":24},"end":{"line":4,"column":null}},"type":"if","locations":[{"start":{"line":4,"column":24},"end":{"line":4,"column":null}},{"start":{"line":4,"column":87},"end":{"line":4,"column":null}}]}},"s":{"0":198,"1":1113,"2":159,"3":159,"4":159},"f":{"0":159},"b":{"0":[159],"1":[159,0]}}
,"C:/Users/Admin/Desktop/Університет/Веб/wildbloom/src/components/Checkbox/Checkbox.jsx": {"path":"C:/Users/Admin/Desktop/Університет/Веб/wildbloom/src/components/Checkbox/Checkbox.jsx","statementMap":{"0":{"start":{"line":4,"column":17},"end":{"line":9,"column":null}},"1":{"start":{"line":4,"column":17},"end":{"line":4,"column":18}},"2":{"start":{"line":4,"column":17},"end":{"line":4,"column":null}},"3":{"start":{"line":4,"column":18},"end":{"line":4,"column":37}},"4":{"start":{"line":4,"column":37},"end":{"line":4,"column":null}},"5":{"start":{"line":4,"column":37},"end":{"line":7,"column":null}},"6":{"start":{"line":7,"column":6},"end":{"line":7,"column":42}},"7":{"start":{"line":7,"column":42},"end":{"line":7,"column":null}},"8":{"start":{"line":7,"column":42},"end":{"line":9,"column":null}},"9":{"start":{"line":6,"column":4},"end":{"line":9,"column":12}},"10":{"start":{"line":9,"column":12},"end":{"line":9,"column":null}},"11":{"start":{"line":9,"column":12},"end":{"line":6,"column":22}}},"fnMap":{"0":{"name":"(anonymous_0)","decl":{"start":{"line":4,"column":17},"end":{"line":4,"column":18}},"loc":{"start":{"line":4,"column":17},"end":{"line":9,"column":null}}}},"branchMap":{"0":{"loc":{"start":{"line":4,"column":17},"end":{"line":4,"column":18}},"type":"if","locations":[{"start":{"line":4,"column":17},"end":{"line":4,"column":18}}]},"1":{"loc":{"start":{"line":4,"column":17},"end":{"line":4,"column":null}},"type":"if","locations":[{"start":{"line":4,"column":17},"end":{"line":4,"column":null}},{"start":{"line":4,"column":37},"end":{"line":4,"column":null}}]},"2":{"loc":{"start":{"line":4,"column":37},"end":{"line":7,"column":null}},"type":"if","locations":[{"start":{"line":4,"column":37},"end":{"line":7,"column":null}},{"start":{"line":7,"column":42},"end":{"line":7,"column":null}}]},"3":{"loc":{"start":{"line":7,"column":42},"end":{"line":9,"column":null}},"type":"if","locations":[{"start":{"line":7,"column":42},"end":{"line":9,"column":null}},{"start":{"line":9,"column":12},"end":{"line":9,"column":null}}]},"4":{"loc":{"start":{"line":7,"column":42},"end":{"line":7,"column":null}},"type":"binary-expr","locations":[{"start":{"line":7,"column":42},"end":{"line":7,"column":null}},{"start":{"line":7,"column":42},"end":{"line":7,"column":null}}]}},"s":{"0":30,"1":2268,"2":162,"3":162,"4":486,"5":162,"6":162,"7":324,"8":162,"9":162,"10":486,"11":162},"f":{"0":162},"b":{"0":[162],"1":[162,0],"2":[162,0],"3":[162,0],"4":[162,0]}}
,"C:/Users/Admin/Desktop/Університет/Веб/wildbloom/src/components/InputField/InputField.jsx": {"path":"C:/Users/Admin/Desktop/Університет/Веб/wildbloom/src/components/InputField/InputField.jsx","statementMap":{"0":{"start":{"line":4,"column":19},"end":{"line":8,"column":null}},"1":{"start":{"line":4,"column":19},"end":{"line":4,"column":20}},"2":{"start":{"line":4,"column":20},"end":{"line":4,"column":65}},"3":{"start":{"line":4,"column":65},"end":{"line":6,"column":null}},"4":{"start":{"line":6,"column":4},"end":{"line":6,"column":51}},"5":{"start":{"line":6,"column":51},"end":{"line":6,"column":null}},"6":{"start":{"line":6,"column":51},"end":{"line":7,"column":null}},"7":{"start":{"line":7,"column":4},"end":{"line":7,"column":110}},"8":{"start":{"line":7,"column":110},"end":{"line":7,"column":null}},"9":{"start":{"line":7,"column":110},"end":{"line":8,"column":null}},"10":{"start":{"line":5,"column":2},"end":{"line":8,"column":8}},"11":{"start":{"line":8,"column":8},"end":{"line":8,"column":null}},"12":{"start":{"line":8,"column":8},"end":{"line":5,"column":18}}},"fnMap":{"0":{"name":"(anonymous_0)","decl":{"start":{"line":4,"column":19},"end":{"line":4,"column":20}},"loc":{"start":{"line":4,"column":19},"end":{"line":8,"column":null}}}},"branchMap":{"0":{"loc":{"start":{"line":4,"column":19},"end":{"line":4,"column":20}},"type":"if","locations":[{"start":{"line":4,"column":19},"end":{"line":4,"column":20}}]},"1":{"loc":{"start":{"line":4,"column":65},"end":{"line":6,"column":null}},"type":"if","locations":[{"start":{"line":4,"column":65},"end":{"line":6,"column":null}},{"start":{"line":6,"column":51},"end":{"line":6,"column":null}}]},"2":{"loc":{"start":{"line":6,"column":51},"end":{"line":7,"column":null}},"type":"if","locations":[{"start":{"line":6,"column":51},"end":{"line":7,"column":null}},{"start":{"line":7,"column":110},"end":{"line":7,"column":null}}]},"3":{"loc":{"start":{"line":6,"column":51},"end":{"line":6,"column":null}},"type":"binary-expr","locations":[{"start":{"line":6,"column":51},"end":{"line":6,"column":null}},{"start":{"line":6,"column":51},"end":{"line":6,"column":null}},{"start":{"line":6,"column":51},"end":{"line":6,"column":null}},{"start":{"line":6,"column":51},"end":{"line":6,"column":null}}]},"4":{"loc":{"start":{"line":7,"column":110},"end":{"line":8,"column":null}},"type":"if","locations":[{"start":{"line":7,"column":110},"end":{"line":8,"column":null}},{"start":{"line":8,"column":8},"end":{"line":8,"column":null}}]},"5":{"loc":{"start":{"line":7,"column":110},"end":{"line":7,"column":null}},"type":"binary-expr","locations":[{"start":{"line":7,"column":110},"end":{"line":7,"column":null}},{"start":{"line":7,"column":110},"end":{"line":7,"column":null}}]}},"s":{"0":21,"1":2016,"2":126,"3":126,"4":126,"5":252,"6":126,"7":126,"8":630,"9":126,"10":126,"11":378,"12":126},"f":{"0":126},"b":{"0":[126],"1":[126,0],"2":[126,0],"3":[126,0,0,0],"4":[126,0],"5":[126,0]}}
,"C:/Users/Admin/Desktop/Університет/Веб/wildbloom/src/components/Logo/Logo.jsx": {"path":"C:/Users/Admin/Desktop/Університет/Веб/wildbloom/src/components/Logo/Logo.jsx","statementMap":{"0":{"start":{"line":3,"column":13},"end":{"line":7,"column":null}},"1":{"start":{"line":3,"column":13},"end":{"line":3,"column":null}},"2":{"start":{"line":4,"column":2},"end":{"line":7,"column":8}},"3":{"start":{"line":7,"column":8},"end":{"line":7,"column":null}},"4":{"start":{"line":7,"column":8},"end":{"line":4,"column":18}}},"fnMap":{"0":{"name":"(anonymous_0)","decl":{"start":{"line":3,"column":13},"end":{"line":3,"column":null}},"loc":{"start":{"line":3,"column":13},"end":{"line":7,"column":null}}}},"branchMap":{"0":{"loc":{"start":{"line":3,"column":13},"end":{"line":3,"column":null}},"type":"if","locations":[{"start":{"line":3,"column":13},"end":{"line":3,"column":null}}]},"1":{"loc":{"start":{"line":3,"column":13},"end":{"line":7,"column":null}},"type":"if","locations":[{"start":{"line":3,"column":13},"end":{"line":7,"column":null}},{"start":{"line":7,"column":8},"end":{"line":7,"column":null}}]}},"s":{"0":129,"1":735,"2":105,"3":105,"4":105},"f":{"0":105},"b":{"0":[105],"1":[105,0]}}
,"C:/Users/Admin/Desktop/Університет/Веб/wildbloom/src/components/PhotoGallery/PhotoGallery.jsx": {"path":"C:/Users/Admin/Desktop/Університет/Веб/wildbloom/src/components/PhotoGallery/PhotoGallery.jsx","statementMap":{"0":{"start":{"line":4,"column":21},"end":{"line":11,"column":null}},"1":{"start":{"line":4,"column":21},"end":{"line":4,"column":22}},"2":{"start":{"line":4,"column":22},"end":{"line":4,"column":32}},"3":{"start":{"line":4,"column":32},"end":{"line":10,"column":null}},"4":{"start":{"line":6,"column":5},"end":{"line":10,"column":6}},"5":{"start":{"line":10,"column":6},"end":{"line":10,"column":null}},"6":{"start":{"line":10,"column":6},"end":{"line":11,"column":null}},"7":{"start":{"line":5,"column":2},"end":{"line":11,"column":8}},"8":{"start":{"line":11,"column":8},"end":{"line":11,"column":null}},"9":{"start":{"line":11,"column":8},"end":{"line":5,"column":18}},"10":{"start":{"line":4,"column":21},"end":{"line":9,"column":12}}},"fnMap":{"0":{"name":"(anonymous_0)","decl":{"start":{"line":4,"column":21},"end":{"line":4,"column":22}},"loc":{"start":{"line":4,"column":21},"end":{"line":11,"column":null}}}},"branchMap":{"0":{"loc":{"start":{"line":4,"column":21},"end":{"line":4,"column":22}},"type":"if","locations":[{"start":{"line":4,"column":21},"end":{"line":4,"column":22}}]},"1":{"loc":{"start":{"line":4,"column":32},"end":{"line":10,"column":null}},"type":"if","locations":[{"start":{"line":4,"column":32},"end":{"line":10,"column":null}},{"start":{"line":10,"column":6},"end":{"line":10,"column":null}}]},"2":{"loc":{"start":{"line":10,"column":6},"end":{"line":11,"column":null}},"type":"if","locations":[{"start":{"line":10,"column":6},"end":{"line":11,"column":null}},{"start":{"line":11,"column":8},"end":{"line":11,"column":null}}]}},"s":{"0":24,"1":1050,"2":105,"3":105,"4":105,"5":210,"6":105,"7":105,"8":210,"9":105,"10":315},"f":{"0":420},"b":{"0":[105],"1":[105,0],"2":[105,0]}}
,"C:/Users/Admin/Desktop/Університет/Веб/wildbloom/src/components/PrimaryButton/PrimaryButton.jsx": {"path":"C:/Users/Admin/Desktop/Університет/Веб/wildbloom/src/components/PrimaryButton/PrimaryButton.jsx","statementMap":{"0":{"start":{"line":3,"column":22},"end":{"line":3,"column":null}},"1":{"start":{"line":3,"column":22},"end":{"line":3,"column":33}},"2":{"start":{"line":3,"column":33},"end":{"line":3,"column":88}},"3":{"start":{"line":3,"column":88},"end":{"line":3,"column":null}},"4":{"start":{"line":3,"column":88},"end":{"line":3,"column":52}}},"fnMap":{"0":{"name":"(anonymous_0)","decl":{"start":{"line":3,"column":22},"end":{"line":3,"column":33}},"loc":{"start":{"line":3,"column":22},"end":{"line":3,"column":null}}}},"branchMap":{"0":{"loc":{"start":{"line":3,"column":22},"end":{"line":3,"column":33}},"type":"if","locations":[{"start":{"line":3,"column":22},"end":{"line":3,"column":33}}]},"1":{"loc":{"start":{"line":3,"column":22},"end":{"line":3,"column":null}},"type":"if","locations":[{"start":{"line":3,"column":22},"end":{"line":3,"column":null}},{"start":{"line":3,"column":88},"end":{"line":3,"column":null}}]}},"s":{"0":372,"1":2472,"2":309,"3":618,"4":309},"f":{"0":309},"b":{"0":[309],"1":[309,0]}}
,"C:/Users/Admin/Desktop/Університет/Веб/wildbloom/src/components/PrimaryImage/PrimaryImage.jsx": {"path":"C:/Users/Admin/Desktop/Університет/Веб/wildbloom/src/components/PrimaryImage/PrimaryImage.jsx","statementMap":{"0":{"start":{"line":4,"column":21},"end":{"line":8,"column":null}},"1":{"start":{"line":4,"column":21},"end":{"line":4,"column":22}},"2":{"start":{"line":4,"column":22},"end":{"line":4,"column":34}},"3":{"start":{"line":4,"column":34},"end":{"line":4,"column":55}},"4":{"start":{"line":4,"column":55},"end":{"line":4,"column":null}},"5":{"start":{"line":6,"column":20},"end":{"line":6,"column":57}},"6":{"start":{"line":6,"column":57},"end":{"line":7,"column":64}},"7":{"start":{"line":7,"column":38},"end":{"line":7,"column":51}},"8":{"start":{"line":7,"column":51},"end":{"line":7,"column":64}},"9":{"start":{"line":7,"column":51},"end":{"line":7,"column":null}},"10":{"start":{"line":7,"column":6},"end":{"line":7,"column":80}},"11":{"start":{"line":7,"column":80},"end":{"line":7,"column":null}},"12":{"start":{"line":7,"column":80},"end":{"line":8,"column":null}},"13":{"start":{"line":6,"column":4},"end":{"line":8,"column":10}},"14":{"start":{"line":8,"column":10},"end":{"line":8,"column":null}},"15":{"start":{"line":8,"column":10},"end":{"line":6,"column":20}}},"fnMap":{"0":{"name":"(anonymous_0)","decl":{"start":{"line":4,"column":21},"end":{"line":4,"column":22}},"loc":{"start":{"line":4,"column":21},"end":{"line":8,"column":null}}}},"branchMap":{"0":{"loc":{"start":{"line":4,"column":21},"end":{"line":4,"column":22}},"type":"if","locations":[{"start":{"line":4,"column":21},"end":{"line":4,"column":22}}]},"1":{"loc":{"start":{"line":4,"column":34},"end":{"line":4,"column":55}},"type":"cond-expr","locations":[{"start":{"line":4,"column":34},"end":{"line":4,"column":55}},{"start":{"line":4,"column":34},"end":{"line":4,"column":55}}]},"2":{"loc":{"start":{"line":4,"column":55},"end":{"line":4,"column":null}},"type":"cond-expr","locations":[{"start":{"line":4,"column":55},"end":{"line":4,"column":null}},{"start":{"line":4,"column":55},"end":{"line":4,"column":null}}]},"3":{"loc":{"start":{"line":6,"column":57},"end":{"line":7,"column":64}},"type":"if","locations":[{"start":{"line":6,"column":57},"end":{"line":7,"column":64}},{"start":{"line":7,"column":51},"end":{"line":7,"column":64}}]},"4":{"loc":{"start":{"line":7,"column":51},"end":{"line":7,"column":null}},"type":"if","locations":[{"start":{"line":7,"column":51},"end":{"line":7,"column":null}},{"start":{"line":7,"column":80},"end":{"line":7,"column":null}}]},"5":{"loc":{"start":{"line":7,"column":51},"end":{"line":7,"column":64}},"type":"binary-expr","locations":[{"start":{"line":7,"column":51},"end":{"line":7,"column":64}},{"start":{"line":7,"column":51},"end":{"line":7,"column":64}},{"start":{"line":7,"column":51},"end":{"line":7,"column":64}}]},"6":{"loc":{"start":{"line":7,"column":80},"end":{"line":8,"column":null}},"type":"if","locations":[{"start":{"line":7,"column":80},"end":{"line":8,"column":null}},{"start":{"line":8,"column":10},"end":{"line":8,"column":null}}]},"7":{"loc":{"start":{"line":7,"column":80},"end":{"line":7,"column":null}},"type":"binary-expr","locations":[{"start":{"line":7,"column":80},"end":{"line":7,"column":null}},{"start":{"line":7,"column":80},"end":{"line":7,"column":null}}]}},"s":{"0":42,"1":2835,"2":189,"3":189,"4":189,"5":189,"6":189,"7":189,"8":378,"9":189,"10":189,"11":756,"12":189,"13":189,"14":567,"15":189},"f":{"0":189},"b":{"0":[189],"1":[189,0],"2":[189,0],"3":[189,0],"4":[189,0],"5":[189,0,0],"6":[189,0],"7":[189,0]}}
,"C:/Users/Admin/Desktop/Університет/Веб/wildbloom/src/components/SectionLink/SectionLink.jsx": {"path":"C:/Users/Admin/Desktop/Університет/Веб/wildbloom/src/components/SectionLink/SectionLink.jsx","statementMap":{"0":{"start":{"line":4,"column":20},"end":{"line":8,"column":null}},"1":{"start":{"line":4,"column":20},"end":{"line":4,"column":null}},"2":{"start":{"line":4,"column":20},"end":{"line":7,"column":null}},"3":{"start":{"line":7,"column":4},"end":{"line":7,"column":70}},"4":{"start":{"line":7,"column":70},"end":{"line":7,"column":null}},"5":{"start":{"line":7,"column":70},"end":{"line":8,"column":null}},"6":{"start":{"line":5,"column":2},"end":{"line":8,"column":11}},"7":{"start":{"line":8,"column":11},"end":{"line":8,"column":null}},"8":{"start":{"line":8,"column":11},"end":{"line":5,"column":21}}},"fnMap":{"0":{"name":"(anonymous_0)","decl":{"start":{"line":4,"column":20},"end":{"line":4,"column":null}},"loc":{"start":{"line":4,"column":20},"end":{"line":8,"column":null}}}},"branchMap":{"0":{"loc":{"start":{"line":4,"column":20},"end":{"line":4,"column":null}},"type":"if","locations":[{"start":{"line":4,"column":20},"end":{"line":4,"column":null}}]},"1":{"loc":{"start":{"line":4,"column":20},"end":{"line":7,"column":null}},"type":"if","locations":[{"start":{"line":4,"column":20},"end":{"line":7,"column":null}},{"start":{"line":7,"column":70},"end":{"line":7,"column":null}}]},"2":{"loc":{"start":{"line":7,"column":70},"end":{"line":8,"column":null}},"type":"if","locations":[{"start":{"line":7,"column":70},"end":{"line":8,"column":null}},{"start":{"line":8,"column":11},"end":{"line":8,"column":null}}]}},"s":{"0":21,"1":729,"2":81,"3":81,"4":81,"5":81,"6":81,"7":162,"8":81},"f":{"0":81},"b":{"0":[81],"1":[81,0],"2":[81,0]}}
,"C:/Users/Admin/Desktop/Університет/Веб/wildbloom/src/components/SectionTitle/SectionTitle.jsx": {"path":"C:/Users/Admin/Desktop/Університет/Веб/wildbloom/src/components/SectionTitle/SectionTitle.jsx","statementMap":{"0":{"start":{"line":4,"column":21},"end":{"line":5,"column":null}},"1":{"start":{"line":4,"column":21},"end":{"line":4,"column":22}},"2":{"start":{"line":4,"column":22},"end":{"line":4,"column":34}},"3":{"start":{"line":4,"column":34},"end":{"line":5,"column":null}},"4":{"start":{"line":5,"column":9},"end":{"line":5,"column":53}},"5":{"start":{"line":5,"column":53},"end":{"line":5,"column":null}},"6":{"start":{"line":5,"column":53},"end":{"line":5,"column":24}}},"fnMap":{"0":{"name":"(anonymous_0)","decl":{"start":{"line":4,"column":21},"end":{"line":4,"column":22}},"loc":{"start":{"line":4,"column":21},"end":{"line":5,"column":null}}}},"branchMap":{"0":{"loc":{"start":{"line":4,"column":21},"end":{"line":4,"column":22}},"type":"if","locations":[{"start":{"line":4,"column":21},"end":{"line":4,"column":22}}]},"1":{"loc":{"start":{"line":4,"column":34},"end":{"line":5,"column":null}},"type":"if","locations":[{"start":{"line":4,"column":34},"end":{"line":5,"column":null}},{"start":{"line":5,"column":53},"end":{"line":5,"column":null}}]}},"s":{"0":21,"1":648,"2":81,"3":81,"4":81,"5":162,"6":81},"f":{"0":81},"b":{"0":[81],"1":[81,0]}}
,"C:/Users/Admin/Desktop/Університет/Веб/wildbloom/src/components/banner/BannerDescription/BannerDescription.jsx": {"path":"C:/Users/Admin/Desktop/Університет/Веб/wildbloom/src/components/banner/BannerDescription/BannerDescription.jsx","statementMap":{"0":{"start":{"line":4,"column":26},"end":{"line":4,"column":null}},"1":{"start":{"line":4,"column":26},"end":{"line":4,"column":27}},"2":{"start":{"line":4,"column":27},"end":{"line":4,"column":39}},"3":{"start":{"line":4,"column":39},"end":{"line":4,"column":null}},"4":{"start":{"line":4,"column":44},"end":{"line":4,"column":92}},"5":{"start":{"line":4,"column":92},"end":{"line":4,"column":null}},"6":{"start":{"line":4,"column":92},"end":{"line":4,"column":58}}},"fnMap":{"0":{"name":"(anonymous_0)","decl":{"start":{"line":4,"column":26},"end":{"line":4,"column":27}},"loc":{"start":{"line":4,"column":26},"end":{"line":4,"column":null}}}},"branchMap":{"0":{"loc":{"start":{"line":4,"column":26},"end":{"line":4,"column":27}},"type":"if","locations":[{"start":{"line":4,"column":26},"end":{"line":4,"column":27}}]},"1":{"loc":{"start":{"line":4,"column":39},"end":{"line":4,"column":null}},"type":"if","locations":[{"start":{"line":4,"column":39},"end":{"line":4,"column":null}},{"start":{"line":4,"column":92},"end":{"line":4,"column":null}}]}},"s":{"0":63,"1":2160,"2":270,"3":270,"4":270,"5":540,"6":270},"f":{"0":270},"b":{"0":[270],"1":[270,0]}}
,"C:/Users/Admin/Desktop/Університет/Веб/wildbloom/src/components/banner/BannerText/BannerText.jsx": {"path":"C:/Users/Admin/Desktop/Університет/Веб/wildbloom/src/components/banner/BannerText/BannerText.jsx","statementMap":{"0":{"start":{"line":7,"column":19},"end":{"line":21,"column":null}},"1":{"start":{"line":7,"column":19},"end":{"line":7,"column":20}},"2":{"start":{"line":7,"column":20},"end":{"line":7,"column":69}},"3":{"start":{"line":7,"column":69},"end":{"line":7,"column":null}},"4":{"start":{"line":8,"column":29},"end":{"line":8,"column":82}},"5":{"start":{"line":8,"column":82},"end":{"line":12,"column":null}},"6":{"start":{"line":12,"column":6},"end":{"line":12,"column":40}},"7":{"start":{"line":12,"column":40},"end":{"line":12,"column":null}},"8":{"start":{"line":12,"column":40},"end":{"line":14,"column":null}},"9":{"start":{"line":14,"column":6},"end":{"line":14,"column":58}},"10":{"start":{"line":14,"column":58},"end":{"line":14,"column":null}},"11":{"start":{"line":14,"column":58},"end":{"line":20,"column":null}},"12":{"start":{"line":16,"column":7},"end":{"line":19,"column":null}},"13":{"start":{"line":20,"column":7},"end":{"line":20,"column":null}},"14":{"start":{"line":20,"column":7},"end":{"line":21,"column":null}},"15":{"start":{"line":11,"column":4},"end":{"line":21,"column":10}},"16":{"start":{"line":21,"column":10},"end":{"line":21,"column":null}},"17":{"start":{"line":21,"column":10},"end":{"line":11,"column":20}}},"fnMap":{"0":{"name":"(anonymous_0)","decl":{"start":{"line":7,"column":19},"end":{"line":7,"column":20}},"loc":{"start":{"line":7,"column":19},"end":{"line":21,"column":null}}}},"branchMap":{"0":{"loc":{"start":{"line":7,"column":19},"end":{"line":7,"column":20}},"type":"if","locations":[{"start":{"line":7,"column":19},"end":{"line":7,"column":20}}]},"1":{"loc":{"start":{"line":7,"column":69},"end":{"line":7,"column":null}},"type":"cond-expr","locations":[{"start":{"line":7,"column":69},"end":{"line":7,"column":null}},{"start":{"line":7,"column":69},"end":{"line":7,"column":null}}]},"2":{"loc":{"start":{"line":8,"column":52},"end":{"line":8,"column":80}},"type":"binary-expr","locations":[{"start":{"line":8,"column":52},"end":{"line":8,"column":69}},{"start":{"line":8,"column":69},"end":{"line":8,"column":80}}]},"3":{"loc":{"start":{"line":8,"column":82},"end":{"line":12,"column":null}},"type":"if","locations":[{"start":{"line":8,"column":82},"end":{"line":12,"column":null}},{"start":{"line":12,"column":40},"end":{"line":12,"column":null}}]},"4":{"loc":{"start":{"line":12,"column":40},"end":{"line":14,"column":null}},"type":"if","locations":[{"start":{"line":12,"column":40},"end":{"line":14,"column":null}},{"start":{"line":14,"column":58},"end":{"line":14,"column":null}}]},"5":{"loc":{"start":{"line":14,"column":58},"end":{"line":20,"column":null}},"type":"if","locations":[{"start":{"line":14,"column":58},"end":{"line":20,"column":null}},{"start":{"line":20,"column":7},"end":{"line":20,"column":null}}]},"6":{"loc":{"start":{"line":14,"column":58},"end":{"line":14,"column":null}},"type":"binary-expr","locations":[{"start":{"line":14,"column":58},"end":{"line":14,"column":null}},{"start":{"line":14,"column":58},"end":{"line":14,"column":null}}]},"7":{"loc":{"start":{"line":16,"column":7},"end":{"line":19,"column":null}},"type":"binary-expr","locations":[{"start":{"line":16,"column":7},"end":{"line":16,"column":null}},{"start":{"line":17,"column":8},"end":{"line":19,"column":null}}]},"8":{"loc":{"start":{"line":20,"column":7},"end":{"line":21,"column":null}},"type":"if","locations":[{"start":{"line":20,"column":7},"end":{"line":21,"column":null}},{"start":{"line":21,"column":10},"end":{"line":21,"column":null}}]},"9":{"loc":{"start":{"line":20,"column":7},"end":{"line":20,"column":null}},"type":"binary-expr","locations":[{"start":{"line":20,"column":7},"end":{"line":20,"column":null}},{"start":{"line":20,"column":7},"end":{"line":20,"column":null}},{"start":{"line":20,"column":7},"end":{"line":20,"column":null}},{"start":{"line":20,"column":7},"end":{"line":20,"column":null}}]}},"s":{"0":42,"1":3402,"2":189,"3":189,"4":189,"5":189,"6":189,"7":378,"8":189,"9":189,"10":378,"11":189,"12":189,"13":567,"14":189,"15":189,"16":945,"17":189},"f":{"0":189},"b":{"0":[189],"1":[189,0],"2":[189,0],"3":[189,0],"4":[189,0],"5":[189,0],"6":[189,0],"7":[189,183],"8":[189,0],"9":[189,0,0,0]}}
,"C:/Users/Admin/Desktop/Університет/Веб/wildbloom/src/components/banner/BannerTitle/BannerTitle.jsx": {"path":"C:/Users/Admin/Desktop/Університет/Веб/wildbloom/src/components/banner/BannerTitle/BannerTitle.jsx","statementMap":{"0":{"start":{"line":4,"column":20},"end":{"line":4,"column":null}},"1":{"start":{"line":4,"column":20},"end":{"line":4,"column":21}},"2":{"start":{"line":4,"column":21},"end":{"line":4,"column":33}},"3":{"start":{"line":4,"column":33},"end":{"line":4,"column":null}},"4":{"start":{"line":4,"column":38},"end":{"line":4,"column":82}},"5":{"start":{"line":4,"column":82},"end":{"line":4,"column":null}},"6":{"start":{"line":4,"column":82},"end":{"line":4,"column":53}}},"fnMap":{"0":{"name":"(anonymous_0)","decl":{"start":{"line":4,"column":20},"end":{"line":4,"column":21}},"loc":{"start":{"line":4,"column":20},"end":{"line":4,"column":null}}}},"branchMap":{"0":{"loc":{"start":{"line":4,"column":20},"end":{"line":4,"column":21}},"type":"if","locations":[{"start":{"line":4,"column":20},"end":{"line":4,"column":21}}]},"1":{"loc":{"start":{"line":4,"column":33},"end":{"line":4,"column":null}},"type":"if","locations":[{"start":{"line":4,"column":33},"end":{"line":4,"column":null}},{"start":{"line":4,"column":82},"end":{"line":4,"column":null}}]}},"s":{"0":60,"1":1992,"2":249,"3":249,"4":249,"5":498,"6":249},"f":{"0":249},"b":{"0":[249],"1":[249,0]}}
,"C:/Users/Admin/Desktop/Університет/Веб/wildbloom/src/features/auth/AuthFooter/AuthFooter.jsx": {"path":"C:/Users/Admin/Desktop/Університет/Веб/wildbloom/src/features/auth/AuthFooter/AuthFooter.jsx","statementMap":{"0":{"start":{"line":4,"column":19},"end":{"line":10,"column":null}},"1":{"start":{"line":4,"column":19},"end":{"line":4,"column":null}},"2":{"start":{"line":6,"column":4},"end":{"line":10,"column":10}},"3":{"start":{"line":10,"column":10},"end":{"line":10,"column":null}},"4":{"start":{"line":10,"column":10},"end":{"line":6,"column":20}}},"fnMap":{"0":{"name":"(anonymous_0)","decl":{"start":{"line":4,"column":19},"end":{"line":4,"column":null}},"loc":{"start":{"line":4,"column":19},"end":{"line":10,"column":null}}}},"branchMap":{"0":{"loc":{"start":{"line":4,"column":19},"end":{"line":4,"column":null}},"type":"if","locations":[{"start":{"line":4,"column":19},"end":{"line":4,"column":null}}]},"1":{"loc":{"start":{"line":4,"column":19},"end":{"line":10,"column":null}},"type":"if","locations":[{"start":{"line":4,"column":19},"end":{"line":10,"column":null}},{"start":{"line":10,"column":10},"end":{"line":10,"column":null}}]}},"s":{"0":192,"1":1134,"2":162,"3":162,"4":162},"f":{"0":162},"b":{"0":[162],"1":[162,0]}}
,"C:/Users/Admin/Desktop/Університет/Веб/wildbloom/src/features/auth/AuthImage/AuthImage.jsx": {"path":"C:/Users/Admin/Desktop/Університет/Веб/wildbloom/src/features/auth/AuthImage/AuthImage.jsx","statementMap":{"0":{"start":{"line":5,"column":18},"end":{"line":8,"column":null}},"1":{"start":{"line":5,"column":18},"end":{"line":5,"column":null}},"2":{"start":{"line":6,"column":2},"end":{"line":8,"column":8}},"3":{"start":{"line":8,"column":8},"end":{"line":8,"column":null}},"4":{"start":{"line":8,"column":8},"end":{"line":6,"column":18}}},"fnMap":{"0":{"name":"(anonymous_0)","decl":{"start":{"line":5,"column":18},"end":{"line":5,"column":null}},"loc":{"start":{"line":5,"column":18},"end":{"line":8,"column":null}}}},"branchMap":{"0":{"loc":{"start":{"line":5,"column":18},"end":{"line":5,"column":null}},"type":"if","locations":[{"start":{"line":5,"column":18},"end":{"line":5,"column":null}}]},"1":{"loc":{"start":{"line":5,"column":18},"end":{"line":8,"column":null}},"type":"if","locations":[{"start":{"line":5,"column":18},"end":{"line":8,"column":null}},{"start":{"line":8,"column":8},"end":{"line":8,"column":null}}]}},"s":{"0":102,"1":567,"2":81,"3":81,"4":81},"f":{"0":81},"b":{"0":[81],"1":[81,0]}}
,"C:/Users/Admin/Desktop/Університет/Веб/wildbloom/src/features/faq/FaqItem/FaqItem.jsx": {"path":"C:/Users/Admin/Desktop/Університет/Веб/wildbloom/src/features/faq/FaqItem/FaqItem.jsx","statementMap":{"0":{"start":{"line":5,"column":16},"end":{"line":20,"column":null}},"1":{"start":{"line":5,"column":16},"end":{"line":5,"column":17}},"2":{"start":{"line":5,"column":17},"end":{"line":5,"column":null}},"3":{"start":{"line":6,"column":30},"end":{"line":6,"column":null}},"4":{"start":{"line":9,"column":20},"end":{"line":9,"column":70}},"5":{"start":{"line":9,"column":70},"end":{"line":10,"column":92}},"6":{"start":{"line":10,"column":51},"end":{"line":10,"column":75}},"7":{"start":{"line":10,"column":57},"end":{"line":10,"column":75}},"8":{"start":{"line":10,"column":75},"end":{"line":10,"column":92}},"9":{"start":{"line":10,"column":75},"end":{"line":11,"column":null}},"10":{"start":{"line":11,"column":8},"end":{"line":11,"column":31}},"11":{"start":{"line":11,"column":31},"end":{"line":11,"column":null}},"12":{"start":{"line":11,"column":31},"end":{"line":12,"column":null}},"13":{"start":{"line":12,"column":8},"end":{"line":12,"column":49}},"14":{"start":{"line":12,"column":49},"end":{"line":12,"column":null}},"15":{"start":{"line":12,"column":49},"end":{"line":13,"column":null}},"16":{"start":{"line":10,"column":6},"end":{"line":13,"column":15}},"17":{"start":{"line":13,"column":15},"end":{"line":13,"column":null}},"18":{"start":{"line":13,"column":15},"end":{"line":19,"column":null}},"19":{"start":{"line":15,"column":6},"end":{"line":19,"column":12}},"20":{"start":{"line":19,"column":12},"end":{"line":19,"column":null}},"21":{"start":{"line":19,"column":12},"end":{"line":20,"column":null}},"22":{"start":{"line":9,"column":4},"end":{"line":20,"column":10}},"23":{"start":{"line":20,"column":10},"end":{"line":20,"column":null}},"24":{"start":{"line":20,"column":10},"end":{"line":9,"column":20}}},"fnMap":{"0":{"name":"(anonymous_0)","decl":{"start":{"line":5,"column":16},"end":{"line":5,"column":17}},"loc":{"start":{"line":5,"column":16},"end":{"line":20,"column":null}}},"1":{"name":"(anonymous_1)","decl":{"start":{"line":10,"column":51},"end":{"line":10,"column":57}},"loc":{"start":{"line":10,"column":57},"end":{"line":10,"column":75}}}},"branchMap":{"0":{"loc":{"start":{"line":5,"column":16},"end":{"line":5,"column":17}},"type":"if","locations":[{"start":{"line":5,"column":16},"end":{"line":5,"column":17}}]},"1":{"loc":{"start":{"line":9,"column":41},"end":{"line":9,"column":50}},"type":"cond-expr","locations":[{"start":{"line":9,"column":50},"end":{"line":9,"column":68}},{"start":{"line":9,"column":41},"end":{"line":9,"column":50}}]},"2":{"loc":{"start":{"line":9,"column":70},"end":{"line":10,"column":92}},"type":"if","locations":[{"start":{"line":9,"column":70},"end":{"line":10,"column":92}},{"start":{"line":10,"column":75},"end":{"line":10,"column":92}}]},"3":{"loc":{"start":{"line":10,"column":75},"end":{"line":11,"column":null}},"type":"if","locations":[{"start":{"line":10,"column":75},"end":{"line":11,"column":null}},{"start":{"line":11,"column":31},"end":{"line":11,"column":null}}]},"4":{"loc":{"start":{"line":11,"column":31},"end":{"line":12,"column":null}},"type":"if","locations":[{"start":{"line":11,"column":31},"end":{"line":12,"column":null}},{"start":{"line":12,"column":49},"end":{"line":12,"column":null}}]},"5":{"loc":{"start":{"line":12,"column":49},"end":{"line":13,"column":null}},"type":"if","locations":[{"start":{"line":12,"column":49},"end":{"line":13,"column":null}},{"start":{"line":13,"column":15},"end":{"line":13,"column":null}}]},"6":{"loc":{"start":{"line":12,"column":49},"end":{"line":12,"column":null}},"type":"binary-expr","locations":[{"start":{"line":12,"column":49},"end":{"line":12,"column":null}},{"start":{"line":12,"column":49},"end":{"line":12,"column":null}},{"start":{"line":12,"column":49},"end":{"line":12,"column":null}}]},"7":{"loc":{"start":{"line":13,"column":15},"end":{"line":19,"column":null}},"type":"if","locations":[{"start":{"line":13,"column":15},"end":{"line":19,"column":null}},{"start":{"line":19,"column":12},"end":{"line":19,"column":null}}]},"8":{"loc":{"start":{"line":19,"column":12},"end":{"line":20,"column":null}},"type":"if","locations":[{"start":{"line":19,"column":12},"end":{"line":20,"column":null}},{"start":{"line":20,"column":10},"end":{"line":20,"column":null}}]},"9":{"loc":{"start":{"line":19,"column":12},"end":{"line":19,"column":null}},"type":"binary-expr","locations":[{"start":{"line":19,"column":12},"end":{"line":19,"column":null}},{"start":{"line":19,"column":12},"end":{"line":19,"column":null}},{"start":{"line":19,"column":12},"end":{"line":19,"column":null}}]}},"s":{"0":39,"1":5790,"2":330,"3":330,"4":330,"5":330,"6":330,"7":60,"8":660,"9":330,"10":270,"11":600,"12":330,"13":270,"14":330,"15":330,"16":330,"17":1320,"18":330,"19":270,"20":600,"21":330,"22":330,"23":1320,"24":330},"f":{"0":330,"1":60},"b":{"0":[270],"1":[42,288],"2":[330,0],"3":[270,60],"4":[270,60],"5":[330,0],"6":[330,0,0],"7":[270,60],"8":[330,0],"9":[330,0,0]}}
,"C:/Users/Admin/Desktop/Університет/Веб/wildbloom/src/features/footer/ContactInfo/ContactInfo.jsx": {"path":"C:/Users/Admin/Desktop/Університет/Веб/wildbloom/src/features/footer/ContactInfo/ContactInfo.jsx","statementMap":{"0":{"start":{"line":4,"column":20},"end":{"line":12,"column":null}},"1":{"start":{"line":4,"column":20},"end":{"line":4,"column":null}},"2":{"start":{"line":6,"column":4},"end":{"line":12,"column":10}},"3":{"start":{"line":12,"column":10},"end":{"line":12,"column":null}},"4":{"start":{"line":12,"column":10},"end":{"line":6,"column":20}}},"fnMap":{"0":{"name":"(anonymous_0)","decl":{"start":{"line":4,"column":20},"end":{"line":4,"column":null}},"loc":{"start":{"line":4,"column":20},"end":{"line":12,"column":null}}}},"branchMap":{"0":{"loc":{"start":{"line":4,"column":20},"end":{"line":4,"column":null}},"type":"if","locations":[{"start":{"line":4,"column":20},"end":{"line":4,"column":null}}]},"1":{"loc":{"start":{"line":4,"column":20},"end":{"line":12,"column":null}},"type":"if","locations":[{"start":{"line":4,"column":20},"end":{"line":12,"column":null}},{"start":{"line":12,"column":10},"end":{"line":12,"column":null}}]}},"s":{"0":228,"1":1365,"2":195,"3":195,"4":195},"f":{"0":195},"b":{"0":[195],"1":[195,0]}}
,"C:/Users/Admin/Desktop/Університет/Веб/wildbloom/src/features/footer/Copyright/Copyright.jsx": {"path":"C:/Users/Admin/Desktop/Університет/Веб/wildbloom/src/features/footer/Copyright/Copyright.jsx","statementMap":{"0":{"start":{"line":4,"column":18},"end":{"line":9,"column":null}},"1":{"start":{"line":4,"column":18},"end":{"line":4,"column":null}},"2":{"start":{"line":4,"column":18},"end":{"line":5,"column":null}},"3":{"start":{"line":5,"column":15},"end":{"line":5,"column":39}},"4":{"start":{"line":5,"column":39},"end":{"line":5,"column":null}},"5":{"start":{"line":5,"column":15},"end":{"line":5,"column":19}},"6":{"start":{"line":5,"column":39},"end":{"line":9,"column":null}},"7":{"start":{"line":7,"column":4},"end":{"line":9,"column":10}},"8":{"start":{"line":9,"column":10},"end":{"line":9,"column":null}},"9":{"start":{"line":9,"column":10},"end":{"line":7,"column":20}}},"fnMap":{"0":{"name":"(anonymous_0)","decl":{"start":{"line":4,"column":18},"end":{"line":4,"column":null}},"loc":{"start":{"line":4,"column":18},"end":{"line":9,"column":null}}}},"branchMap":{"0":{"loc":{"start":{"line":4,"column":18},"end":{"line":4,"column":null}},"type":"if","locations":[{"start":{"line":4,"column":18},"end":{"line":4,"column":null}}]},"1":{"loc":{"start":{"line":4,"column":18},"end":{"line":5,"column":null}},"type":"if","locations":[{"start":{"line":4,"column":18},"end":{"line":5,"column":null}},{"start":{"line":5,"column":39},"end":{"line":5,"column":null}}]},"2":{"loc":{"start":{"line":5,"column":39},"end":{"line":9,"column":null}},"type":"if","locations":[{"start":{"line":5,"column":39},"end":{"line":9,"column":null}},{"start":{"line":9,"column":10},"end":{"line":9,"column":null}}]}},"s":{"0":30,"1":1296,"2":162,"3":162,"4":162,"5":162,"6":162,"7":162,"8":162,"9":162},"f":{"0":162},"b":{"0":[162],"1":[162,0],"2":[162,0]}}
,"C:/Users/Admin/Desktop/Університет/Веб/wildbloom/src/features/footer/FooterNav/FooterNav.jsx": {"path":"C:/Users/Admin/Desktop/Університет/Веб/wildbloom/src/features/footer/FooterNav/FooterNav.jsx","statementMap":{"0":{"start":{"line":5,"column":18},"end":{"line":38,"column":null}},"1":{"start":{"line":5,"column":18},"end":{"line":5,"column":null}},"2":{"start":{"line":5,"column":18},"end":{"line":23,"column":null}},"3":{"start":{"line":8,"column":6},"end":{"line":23,"column":11}},"4":{"start":{"line":23,"column":11},"end":{"line":23,"column":null}},"5":{"start":{"line":23,"column":11},"end":{"line":38,"column":null}},"6":{"start":{"line":7,"column":4},"end":{"line":38,"column":10}},"7":{"start":{"line":38,"column":10},"end":{"line":38,"column":null}},"8":{"start":{"line":38,"column":10},"end":{"line":7,"column":20}}},"fnMap":{"0":{"name":"(anonymous_0)","decl":{"start":{"line":5,"column":18},"end":{"line":5,"column":null}},"loc":{"start":{"line":5,"column":18},"end":{"line":38,"column":null}}}},"branchMap":{"0":{"loc":{"start":{"line":5,"column":18},"end":{"line":5,"column":null}},"type":"if","locations":[{"start":{"line":5,"column":18},"end":{"line":5,"column":null}}]},"1":{"loc":{"start":{"line":5,"column":18},"end":{"line":23,"column":null}},"type":"if","locations":[{"start":{"line":5,"column":18},"end":{"line":23,"column":null}},{"start":{"line":23,"column":11},"end":{"line":23,"column":null}}]},"2":{"loc":{"start":{"line":23,"column":11},"end":{"line":38,"column":null}},"type":"if","locations":[{"start":{"line":23,"column":11},"end":{"line":38,"column":null}},{"start":{"line":38,"column":10},"end":{"line":38,"column":null}}]}},"s":{"0":45,"1":952,"2":119,"3":119,"4":119,"5":119,"6":119,"7":119,"8":119},"f":{"0":119},"b":{"0":[119],"1":[119,0],"2":[119,0]}}
,"C:/Users/Admin/Desktop/Університет/Веб/wildbloom/src/features/footer/SocialLinks/SocialLinks.jsx": {"path":"C:/Users/Admin/Desktop/Університет/Веб/wildbloom/src/features/footer/SocialLinks/SocialLinks.jsx","statementMap":{"0":{"start":{"line":5,"column":20},"end":{"line":17,"column":null}},"1":{"start":{"line":5,"column":20},"end":{"line":5,"column":null}},"2":{"start":{"line":5,"column":20},"end":{"line":10,"column":null}},"3":{"start":{"line":8,"column":6},"end":{"line":10,"column":10}},"4":{"start":{"line":10,"column":10},"end":{"line":10,"column":null}},"5":{"start":{"line":10,"column":10},"end":{"line":13,"column":null}},"6":{"start":{"line":11,"column":6},"end":{"line":13,"column":10}},"7":{"start":{"line":13,"column":10},"end":{"line":13,"column":null}},"8":{"start":{"line":13,"column":10},"end":{"line":17,"column":null}},"9":{"start":{"line":7,"column":4},"end":{"line":17,"column":10}},"10":{"start":{"line":17,"column":10},"end":{"line":17,"column":null}},"11":{"start":{"line":17,"column":10},"end":{"line":7,"column":20}}},"fnMap":{"0":{"name":"(anonymous_0)","decl":{"start":{"line":5,"column":20},"end":{"line":5,"column":null}},"loc":{"start":{"line":5,"column":20},"end":{"line":17,"column":null}}}},"branchMap":{"0":{"loc":{"start":{"line":5,"column":20},"end":{"line":5,"column":null}},"type":"if","locations":[{"start":{"line":5,"column":20},"end":{"line":5,"column":null}}]},"1":{"loc":{"start":{"line":5,"column":20},"end":{"line":10,"column":null}},"type":"if","locations":[{"start":{"line":5,"column":20},"end":{"line":10,"column":null}},{"start":{"line":10,"column":10},"end":{"line":10,"column":null}}]},"2":{"loc":{"start":{"line":10,"column":10},"end":{"line":13,"column":null}},"type":"if","locations":[{"start":{"line":10,"column":10},"end":{"line":13,"column":null}},{"start":{"line":13,"column":10},"end":{"line":13,"column":null}}]},"3":{"loc":{"start":{"line":13,"column":10},"end":{"line":17,"column":null}},"type":"if","locations":[{"start":{"line":13,"column":10},"end":{"line":17,"column":null}},{"start":{"line":17,"column":10},"end":{"line":17,"column":null}}]}},"s":{"0":33,"1":1755,"2":195,"3":195,"4":195,"5":195,"6":195,"7":195,"8":195,"9":195,"10":195,"11":195},"f":{"0":195},"b":{"0":[195],"1":[195,0],"2":[195,0],"3":[195,0]}}
,"C:/Users/Admin/Desktop/Університет/Веб/wildbloom/src/features/header/NavLinks/NavLinks.jsx": {"path":"C:/Users/Admin/Desktop/Університет/Веб/wildbloom/src/features/header/NavLinks/NavLinks.jsx","statementMap":{"0":{"start":{"line":3,"column":17},"end":{"line":16,"column":null}},"1":{"start":{"line":3,"column":17},"end":{"line":3,"column":null}},"2":{"start":{"line":4,"column":2},"end":{"line":16,"column":7}},"3":{"start":{"line":16,"column":7},"end":{"line":16,"column":null}},"4":{"start":{"line":16,"column":7},"end":{"line":4,"column":17}}},"fnMap":{"0":{"name":"(anonymous_0)","decl":{"start":{"line":3,"column":17},"end":{"line":3,"column":null}},"loc":{"start":{"line":3,"column":17},"end":{"line":16,"column":null}}}},"branchMap":{"0":{"loc":{"start":{"line":3,"column":17},"end":{"line":3,"column":null}},"type":"if","locations":[{"start":{"line":3,"column":17},"end":{"line":3,"column":null}}]},"1":{"loc":{"start":{"line":3,"column":17},"end":{"line":16,"column":null}},"type":"if","locations":[{"start":{"line":3,"column":17},"end":{"line":16,"column":null}},{"start":{"line":16,"column":7},"end":{"line":16,"column":null}}]}},"s":{"0":159,"1":924,"2":132,"3":132,"4":132},"f":{"0":132},"b":{"0":[132],"1":[132,0]}}
,"C:/Users/Admin/Desktop/Університет/Веб/wildbloom/src/features/header/UserActions/UserActions.jsx": {"path":"C:/Users/Admin/Desktop/Університет/Веб/wildbloom/src/features/header/UserActions/UserActions.jsx","statementMap":{"0":{"start":{"line":5,"column":20},"end":{"line":17,"column":null}},"1":{"start":{"line":5,"column":20},"end":{"line":5,"column":null}},"2":{"start":{"line":5,"column":20},"end":{"line":9,"column":null}},"3":{"start":{"line":7,"column":4},"end":{"line":9,"column":13}},"4":{"start":{"line":9,"column":13},"end":{"line":9,"column":null}},"5":{"start":{"line":9,"column":13},"end":{"line":12,"column":null}},"6":{"start":{"line":10,"column":4},"end":{"line":12,"column":14}},"7":{"start":{"line":12,"column":14},"end":{"line":12,"column":null}},"8":{"start":{"line":12,"column":14},"end":{"line":17,"column":null}},"9":{"start":{"line":6,"column":2},"end":{"line":17,"column":8}},"10":{"start":{"line":17,"column":8},"end":{"line":17,"column":null}},"11":{"start":{"line":17,"column":8},"end":{"line":6,"column":18}}},"fnMap":{"0":{"name":"(anonymous_0)","decl":{"start":{"line":5,"column":20},"end":{"line":5,"column":null}},"loc":{"start":{"line":5,"column":20},"end":{"line":17,"column":null}}}},"branchMap":{"0":{"loc":{"start":{"line":5,"column":20},"end":{"line":5,"column":null}},"type":"if","locations":[{"start":{"line":5,"column":20},"end":{"line":5,"column":null}}]},"1":{"loc":{"start":{"line":5,"column":20},"end":{"line":9,"column":null}},"type":"if","locations":[{"start":{"line":5,"column":20},"end":{"line":9,"column":null}},{"start":{"line":9,"column":13},"end":{"line":9,"column":null}}]},"2":{"loc":{"start":{"line":9,"column":13},"end":{"line":12,"column":null}},"type":"if","locations":[{"start":{"line":9,"column":13},"end":{"line":12,"column":null}},{"start":{"line":12,"column":14},"end":{"line":12,"column":null}}]},"3":{"loc":{"start":{"line":12,"column":14},"end":{"line":17,"column":null}},"type":"if","locations":[{"start":{"line":12,"column":14},"end":{"line":17,"column":null}},{"start":{"line":17,"column":8},"end":{"line":17,"column":null}}]}},"s":{"0":36,"1":2079,"2":231,"3":231,"4":231,"5":231,"6":231,"7":231,"8":231,"9":231,"10":231,"11":231},"f":{"0":231},"b":{"0":[231],"1":[231,0],"2":[231,0],"3":[231,0]}}
,"C:/Users/Admin/Desktop/Університет/Веб/wildbloom/src/features/home/HeroSection/HeroSection.jsx": {"path":"C:/Users/Admin/Desktop/Університет/Веб/wildbloom/src/features/home/HeroSection/HeroSection.jsx","statementMap":{"0":{"start":{"line":6,"column":20},"end":{"line":20,"column":null}},"1":{"start":{"line":6,"column":20},"end":{"line":6,"column":null}},"2":{"start":{"line":6,"column":20},"end":{"line":8,"column":null}},"3":{"start":{"line":8,"column":4},"end":{"line":8,"column":80}},"4":{"start":{"line":8,"column":80},"end":{"line":8,"column":null}},"5":{"start":{"line":8,"column":80},"end":{"line":20,"column":null}},"6":{"start":{"line":7,"column":2},"end":{"line":20,"column":12}},"7":{"start":{"line":20,"column":12},"end":{"line":20,"column":null}},"8":{"start":{"line":20,"column":12},"end":{"line":7,"column":22}}},"fnMap":{"0":{"name":"(anonymous_0)","decl":{"start":{"line":6,"column":20},"end":{"line":6,"column":null}},"loc":{"start":{"line":6,"column":20},"end":{"line":20,"column":null}}}},"branchMap":{"0":{"loc":{"start":{"line":6,"column":20},"end":{"line":6,"column":null}},"type":"if","locations":[{"start":{"line":6,"column":20},"end":{"line":6,"column":null}}]},"1":{"loc":{"start":{"line":6,"column":20},"end":{"line":8,"column":null}},"type":"if","locations":[{"start":{"line":6,"column":20},"end":{"line":8,"column":null}},{"start":{"line":8,"column":80},"end":{"line":8,"column":null}}]},"2":{"loc":{"start":{"line":8,"column":80},"end":{"line":20,"column":null}},"type":"if","locations":[{"start":{"line":8,"column":80},"end":{"line":20,"column":null}},{"start":{"line":20,"column":12},"end":{"line":20,"column":null}}]}},"s":{"0":30,"1":1296,"2":162,"3":162,"4":162,"5":162,"6":162,"7":162,"8":162},"f":{"0":162},"b":{"0":[162],"1":[162,0],"2":[162,0]}}
,"C:/Users/Admin/Desktop/Університет/Веб/wildbloom/src/features/home/QuoteDivider/QuoteDivider.jsx": {"path":"C:/Users/Admin/Desktop/Університет/Веб/wildbloom/src/features/home/QuoteDivider/QuoteDivider.jsx","statementMap":{"0":{"start":{"line":3,"column":21},"end":{"line":6,"column":null}},"1":{"start":{"line":3,"column":21},"end":{"line":3,"column":null}},"2":{"start":{"line":4,"column":2},"end":{"line":6,"column":8}},"3":{"start":{"line":6,"column":8},"end":{"line":6,"column":null}},"4":{"start":{"line":6,"column":8},"end":{"line":4,"column":18}}},"fnMap":{"0":{"name":"(anonymous_0)","decl":{"start":{"line":3,"column":21},"end":{"line":3,"column":null}},"loc":{"start":{"line":3,"column":21},"end":{"line":6,"column":null}}}},"branchMap":{"0":{"loc":{"start":{"line":3,"column":21},"end":{"line":3,"column":null}},"type":"if","locations":[{"start":{"line":3,"column":21},"end":{"line":3,"column":null}}]},"1":{"loc":{"start":{"line":3,"column":21},"end":{"line":6,"column":null}},"type":"if","locations":[{"start":{"line":3,"column":21},"end":{"line":6,"column":null}},{"start":{"line":6,"column":8},"end":{"line":6,"column":null}}]}},"s":{"0":102,"1":567,"2":81,"3":81,"4":81},"f":{"0":81},"b":{"0":[81],"1":[81,0]}}
,"C:/Users/Admin/Desktop/Університет/Веб/wildbloom/src/features/home/categorySection/CategoryCard/CategoryCard.jsx": {"path":"C:/Users/Admin/Desktop/Університет/Веб/wildbloom/src/features/home/categorySection/CategoryCard/CategoryCard.jsx","statementMap":{"0":{"start":{"line":7,"column":21},"end":{"line":16,"column":null}},"1":{"start":{"line":7,"column":21},"end":{"line":7,"column":22}},"2":{"start":{"line":7,"column":22},"end":{"line":7,"column":34}},"3":{"start":{"line":7,"column":34},"end":{"line":10,"column":null}},"4":{"start":{"line":10,"column":6},"end":{"line":10,"column":61}},"5":{"start":{"line":10,"column":61},"end":{"line":10,"column":null}},"6":{"start":{"line":10,"column":61},"end":{"line":11,"column":null}},"7":{"start":{"line":11,"column":6},"end":{"line":11,"column":42}},"8":{"start":{"line":11,"column":42},"end":{"line":11,"column":null}},"9":{"start":{"line":11,"column":42},"end":{"line":15,"column":null}},"10":{"start":{"line":13,"column":6},"end":{"line":15,"column":15}},"11":{"start":{"line":15,"column":15},"end":{"line":15,"column":null}},"12":{"start":{"line":15,"column":15},"end":{"line":16,"column":null}},"13":{"start":{"line":9,"column":4},"end":{"line":16,"column":10}},"14":{"start":{"line":16,"column":10},"end":{"line":16,"column":null}},"15":{"start":{"line":16,"column":10},"end":{"line":9,"column":20}}},"fnMap":{"0":{"name":"(anonymous_0)","decl":{"start":{"line":7,"column":21},"end":{"line":7,"column":22}},"loc":{"start":{"line":7,"column":21},"end":{"line":16,"column":null}}}},"branchMap":{"0":{"loc":{"start":{"line":7,"column":21},"end":{"line":7,"column":22}},"type":"if","locations":[{"start":{"line":7,"column":21},"end":{"line":7,"column":22}}]},"1":{"loc":{"start":{"line":7,"column":34},"end":{"line":10,"column":null}},"type":"if","locations":[{"start":{"line":7,"column":34},"end":{"line":10,"column":null}},{"start":{"line":10,"column":61},"end":{"line":10,"column":null}}]},"2":{"loc":{"start":{"line":7,"column":34},"end":{"line":7,"column":null}},"type":"binary-expr","locations":[{"start":{"line":7,"column":34},"end":{"line":7,"column":null}},{"start":{"line":7,"column":34},"end":{"line":7,"column":null}}]},"3":{"loc":{"start":{"line":10,"column":61},"end":{"line":11,"column":null}},"type":"if","locations":[{"start":{"line":10,"column":61},"end":{"line":11,"column":null}},{"start":{"line":11,"column":42},"end":{"line":11,"column":null}}]},"4":{"loc":{"start":{"line":11,"column":42},"end":{"line":15,"column":null}},"type":"if","locations":[{"start":{"line":11,"column":42},"end":{"line":15,"column":null}},{"start":{"line":15,"column":15},"end":{"line":15,"column":null}}]},"5":{"loc":{"start":{"line":15,"column":15},"end":{"line":16,"column":null}},"type":"if","locations":[{"start":{"line":15,"column":15},"end":{"line":16,"column":null}},{"start":{"line":16,"column":10},"end":{"line":16,"column":null}}]},"6":{"loc":{"start":{"line":15,"column":15},"end":{"line":15,"column":null}},"type":"binary-expr","locations":[{"start":{"line":15,"column":15},"end":{"line":15,"column":null}},{"start":{"line":15,"column":15},"end":{"line":15,"column":null}}]}},"s":{"0":27,"1":1980,"2":132,"3":132,"4":132,"5":396,"6":132,"7":132,"8":264,"9":132,"10":132,"11":132,"12":132,"13":132,"14":396,"15":132},"f":{"0":132},"b":{"0":[132],"1":[132,0],"2":[132,0],"3":[132,0],"4":[132,0],"5":[132,0],"6":[132,0]}}
,"C:/Users/Admin/Desktop/Університет/Веб/wildbloom/src/features/home/productSection/ProductCard/ProductCard.jsx": {"path":"C:/Users/Admin/Desktop/Університет/Веб/wildbloom/src/features/home/productSection/ProductCard/ProductCard.jsx","statementMap":{"0":{"start":{"line":7,"column":20},"end":{"line":13,"column":null}},"1":{"start":{"line":7,"column":20},"end":{"line":7,"column":21}},"2":{"start":{"line":7,"column":21},"end":{"line":7,"column":32}},"3":{"start":{"line":7,"column":32},"end":{"line":10,"column":null}},"4":{"start":{"line":10,"column":6},"end":{"line":10,"column":59}},"5":{"start":{"line":10,"column":59},"end":{"line":10,"column":null}},"6":{"start":{"line":10,"column":59},"end":{"line":11,"column":null}},"7":{"start":{"line":11,"column":6},"end":{"line":11,"column":63}},"8":{"start":{"line":11,"column":63},"end":{"line":11,"column":null}},"9":{"start":{"line":11,"column":63},"end":{"line":12,"column":null}},"10":{"start":{"line":12,"column":6},"end":{"line":12,"column":25}},"11":{"start":{"line":12,"column":25},"end":{"line":12,"column":null}},"12":{"start":{"line":12,"column":25},"end":{"line":13,"column":null}},"13":{"start":{"line":9,"column":4},"end":{"line":13,"column":10}},"14":{"start":{"line":13,"column":10},"end":{"line":13,"column":null}},"15":{"start":{"line":13,"column":10},"end":{"line":9,"column":20}}},"fnMap":{"0":{"name":"(anonymous_0)","decl":{"start":{"line":7,"column":20},"end":{"line":7,"column":21}},"loc":{"start":{"line":7,"column":20},"end":{"line":13,"column":null}}}},"branchMap":{"0":{"loc":{"start":{"line":7,"column":20},"end":{"line":7,"column":21}},"type":"if","locations":[{"start":{"line":7,"column":20},"end":{"line":7,"column":21}}]},"1":{"loc":{"start":{"line":7,"column":32},"end":{"line":10,"column":null}},"type":"if","locations":[{"start":{"line":7,"column":32},"end":{"line":10,"column":null}},{"start":{"line":10,"column":59},"end":{"line":10,"column":null}}]},"2":{"loc":{"start":{"line":7,"column":32},"end":{"line":7,"column":null}},"type":"binary-expr","locations":[{"start":{"line":7,"column":32},"end":{"line":7,"column":null}},{"start":{"line":7,"column":32},"end":{"line":7,"column":null}}]},"3":{"loc":{"start":{"line":10,"column":59},"end":{"line":11,"column":null}},"type":"if","locations":[{"start":{"line":10,"column":59},"end":{"line":11,"column":null}},{"start":{"line":11,"column":63},"end":{"line":11,"column":null}}]},"4":{"loc":{"start":{"line":10,"column":59},"end":{"line":10,"column":null}},"type":"binary-expr","locations":[{"start":{"line":10,"column":59},"end":{"line":10,"column":null}},{"start":{"line":10,"column":59},"end":{"line":10,"column":null}}]},"5":{"loc":{"start":{"line":11,"column":63},"end":{"line":12,"column":null}},"type":"if","locations":[{"start":{"line":11,"column":63},"end":{"line":12,"column":null}},{"start":{"line":12,"column":25},"end":{"line":12,"column":null}}]},"6":{"loc":{"start":{"line":12,"column":25},"end":{"line":13,"column":null}},"type":"if","locations":[{"start":{"line":12,"column":25},"end":{"line":13,"column":null}},{"start":{"line":13,"column":10},"end":{"line":13,"column":null}}]},"7":{"loc":{"start":{"line":12,"column":25},"end":{"line":12,"column":null}},"type":"binary-expr","locations":[{"start":{"line":12,"column":25},"end":{"line":12,"column":null}},{"start":{"line":12,"column":25},"end":{"line":12,"column":null}}]}},"s":{"0":27,"1":2112,"2":132,"3":132,"4":132,"5":396,"6":132,"7":132,"8":396,"9":132,"10":132,"11":132,"12":132,"13":132,"14":396,"15":132},"f":{"0":132},"b":{"0":[132],"1":[132,0],"2":[132,0],"3":[132,0],"4":[132,0],"5":[132,0],"6":[132,0],"7":[132,0]}}
,"C:/Users/Admin/Desktop/Університет/Веб/wildbloom/src/features/home/productSection/ProductImage/ProductImage.jsx": {"path":"C:/Users/Admin/Desktop/Університет/Веб/wildbloom/src/features/home/productSection/ProductImage/ProductImage.jsx","statementMap":{"0":{"start":{"line":4,"column":21},"end":{"line":7,"column":null}},"1":{"start":{"line":4,"column":21},"end":{"line":4,"column":22}},"2":{"start":{"line":4,"column":22},"end":{"line":4,"column":34}},"3":{"start":{"line":4,"column":34},"end":{"line":7,"column":null}},"4":{"start":{"line":5,"column":2},"end":{"line":7,"column":8}},"5":{"start":{"line":7,"column":8},"end":{"line":7,"column":null}},"6":{"start":{"line":7,"column":8},"end":{"line":5,"column":18}}},"fnMap":{"0":{"name":"(anonymous_0)","decl":{"start":{"line":4,"column":21},"end":{"line":4,"column":22}},"loc":{"start":{"line":4,"column":21},"end":{"line":7,"column":null}}}},"branchMap":{"0":{"loc":{"start":{"line":4,"column":21},"end":{"line":4,"column":22}},"type":"if","locations":[{"start":{"line":4,"column":21},"end":{"line":4,"column":22}}]},"1":{"loc":{"start":{"line":4,"column":34},"end":{"line":7,"column":null}},"type":"if","locations":[{"start":{"line":4,"column":34},"end":{"line":7,"column":null}},{"start":{"line":7,"column":8},"end":{"line":7,"column":null}}]},"2":{"loc":{"start":{"line":4,"column":34},"end":{"line":4,"column":null}},"type":"binary-expr","locations":[{"start":{"line":4,"column":34},"end":{"line":4,"column":null}},{"start":{"line":4,"column":34},"end":{"line":4,"column":null}}]}},"s":{"0":54,"1":2376,"2":264,"3":264,"4":264,"5":792,"6":264},"f":{"0":264},"b":{"0":[264],"1":[264,0],"2":[264,0]}}
,"C:/Users/Admin/Desktop/Університет/Веб/wildbloom/src/features/home/productSection/ProductInfo/ProductInfo.jsx": {"path":"C:/Users/Admin/Desktop/Університет/Веб/wildbloom/src/features/home/productSection/ProductInfo/ProductInfo.jsx","statementMap":{"0":{"start":{"line":4,"column":20},"end":{"line":8,"column":null}},"1":{"start":{"line":4,"column":20},"end":{"line":4,"column":21}},"2":{"start":{"line":4,"column":21},"end":{"line":4,"column":36}},"3":{"start":{"line":4,"column":36},"end":{"line":6,"column":null}},"4":{"start":{"line":6,"column":4},"end":{"line":6,"column":43}},"5":{"start":{"line":6,"column":43},"end":{"line":6,"column":null}},"6":{"start":{"line":6,"column":43},"end":{"line":7,"column":null}},"7":{"start":{"line":7,"column":5},"end":{"line":7,"column":100}},"8":{"start":{"line":7,"column":100},"end":{"line":7,"column":null}},"9":{"start":{"line":7,"column":100},"end":{"line":8,"column":null}},"10":{"start":{"line":5,"column":2},"end":{"line":8,"column":8}},"11":{"start":{"line":8,"column":8},"end":{"line":8,"column":null}},"12":{"start":{"line":8,"column":8},"end":{"line":5,"column":18}}},"fnMap":{"0":{"name":"(anonymous_0)","decl":{"start":{"line":4,"column":20},"end":{"line":4,"column":21}},"loc":{"start":{"line":4,"column":20},"end":{"line":8,"column":null}}}},"branchMap":{"0":{"loc":{"start":{"line":4,"column":20},"end":{"line":4,"column":21}},"type":"if","locations":[{"start":{"line":4,"column":20},"end":{"line":4,"column":21}}]},"1":{"loc":{"start":{"line":4,"column":36},"end":{"line":6,"column":null}},"type":"if","locations":[{"start":{"line":4,"column":36},"end":{"line":6,"column":null}},{"start":{"line":6,"column":43},"end":{"line":6,"column":null}}]},"2":{"loc":{"start":{"line":6,"column":43},"end":{"line":7,"column":null}},"type":"if","locations":[{"start":{"line":6,"column":43},"end":{"line":7,"column":null}},{"start":{"line":7,"column":100},"end":{"line":7,"column":null}}]},"3":{"loc":{"start":{"line":7,"column":5},"end":{"line":7,"column":100}},"type":"binary-expr","locations":[{"start":{"line":7,"column":5},"end":{"line":7,"column":28}},{"start":{"line":7,"column":28},"end":{"line":7,"column":46}},{"start":{"line":7,"column":46},"end":{"line":7,"column":100}}]},"4":{"loc":{"start":{"line":7,"column":100},"end":{"line":8,"column":null}},"type":"if","locations":[{"start":{"line":7,"column":100},"end":{"line":8,"column":null}},{"start":{"line":8,"column":8},"end":{"line":8,"column":null}}]},"5":{"loc":{"start":{"line":7,"column":100},"end":{"line":7,"column":null}},"type":"binary-expr","locations":[{"start":{"line":7,"column":100},"end":{"line":7,"column":null}},{"start":{"line":7,"column":100},"end":{"line":7,"column":null}}]}},"s":{"0":75,"1":4485,"2":345,"3":345,"4":345,"5":690,"6":345,"7":345,"8":690,"9":345,"10":345,"11":1035,"12":345},"f":{"0":345},"b":{"0":[345],"1":[345,0],"2":[345,0],"3":[345,204,198],"4":[345,0],"5":[345,0]}}
}
