{"C:/Users/Admin/Desktop/Університет/Веб/wildbloom/src/components/AddToCartButton/AddToCartButton.jsx": {"path":"C:/Users/Admin/Desktop/Університет/Веб/wildbloom/src/components/AddToCartButton/AddToCartButton.jsx","statementMap":{"0":{"start":{"line":4,"column":24},"end":{"line":4,"column":null}},"1":{"start":{"line":4,"column":24},"end":{"line":4,"column":30}},"2":{"start":{"line":4,"column":30},"end":{"line":4,"column":87}},"3":{"start":{"line":4,"column":87},"end":{"line":4,"column":null}},"4":{"start":{"line":4,"column":87},"end":{"line":4,"column":49}}},"fnMap":{"0":{"name":"(anonymous_0)","decl":{"start":{"line":4,"column":24},"end":{"line":4,"column":30}},"loc":{"start":{"line":4,"column":24},"end":{"line":4,"column":null}}}},"branchMap":{"0":{"loc":{"start":{"line":4,"column":24},"end":{"line":4,"column":30}},"type":"if","locations":[{"start":{"line":4,"column":24},"end":{"line":4,"column":30}}]},"1":{"loc":{"start":{"line":4,"column":24},"end":{"line":4,"column":null}},"type":"if","locations":[{"start":{"line":4,"column":24},"end":{"line":4,"column":null}},{"start":{"line":4,"column":87},"end":{"line":4,"column":null}}]}},"s":{"0":132,"1":742,"2":106,"3":106,"4":106},"f":{"0":106},"b":{"0":[106],"1":[106,0]}}
,"C:/Users/Admin/Desktop/Університет/Веб/wildbloom/src/components/Checkbox/Checkbox.jsx": {"path":"C:/Users/Admin/Desktop/Університет/Веб/wildbloom/src/components/Checkbox/Checkbox.jsx","statementMap":{"0":{"start":{"line":4,"column":17},"end":{"line":9,"column":null}},"1":{"start":{"line":4,"column":17},"end":{"line":4,"column":18}},"2":{"start":{"line":4,"column":17},"end":{"line":4,"column":null}},"3":{"start":{"line":4,"column":18},"end":{"line":4,"column":37}},"4":{"start":{"line":4,"column":37},"end":{"line":4,"column":null}},"5":{"start":{"line":4,"column":37},"end":{"line":7,"column":null}},"6":{"start":{"line":7,"column":6},"end":{"line":7,"column":42}},"7":{"start":{"line":7,"column":42},"end":{"line":7,"column":null}},"8":{"start":{"line":7,"column":42},"end":{"line":9,"column":null}},"9":{"start":{"line":6,"column":4},"end":{"line":9,"column":12}},"10":{"start":{"line":9,"column":12},"end":{"line":9,"column":null}},"11":{"start":{"line":9,"column":12},"end":{"line":6,"column":22}}},"fnMap":{"0":{"name":"(anonymous_0)","decl":{"start":{"line":4,"column":17},"end":{"line":4,"column":18}},"loc":{"start":{"line":4,"column":17},"end":{"line":9,"column":null}}}},"branchMap":{"0":{"loc":{"start":{"line":4,"column":17},"end":{"line":4,"column":18}},"type":"if","locations":[{"start":{"line":4,"column":17},"end":{"line":4,"column":18}}]},"1":{"loc":{"start":{"line":4,"column":17},"end":{"line":4,"column":null}},"type":"if","locations":[{"start":{"line":4,"column":17},"end":{"line":4,"column":null}},{"start":{"line":4,"column":37},"end":{"line":4,"column":null}}]},"2":{"loc":{"start":{"line":4,"column":37},"end":{"line":7,"column":null}},"type":"if","locations":[{"start":{"line":4,"column":37},"end":{"line":7,"column":null}},{"start":{"line":7,"column":42},"end":{"line":7,"column":null}}]},"3":{"loc":{"start":{"line":7,"column":42},"end":{"line":9,"column":null}},"type":"if","locations":[{"start":{"line":7,"column":42},"end":{"line":9,"column":null}},{"start":{"line":9,"column":12},"end":{"line":9,"column":null}}]},"4":{"loc":{"start":{"line":7,"column":42},"end":{"line":7,"column":null}},"type":"binary-expr","locations":[{"start":{"line":7,"column":42},"end":{"line":7,"column":null}},{"start":{"line":7,"column":42},"end":{"line":7,"column":null}}]}},"s":{"0":20,"1":1512,"2":108,"3":108,"4":324,"5":108,"6":108,"7":216,"8":108,"9":108,"10":324,"11":108},"f":{"0":108},"b":{"0":[108],"1":[108,0],"2":[108,0],"3":[108,0],"4":[108,0]}}
,"C:/Users/Admin/Desktop/Університет/Веб/wildbloom/src/components/InputField/InputField.jsx": {"path":"C:/Users/Admin/Desktop/Університет/Веб/wildbloom/src/components/InputField/InputField.jsx","statementMap":{"0":{"start":{"line":4,"column":19},"end":{"line":8,"column":null}},"1":{"start":{"line":4,"column":19},"end":{"line":4,"column":20}},"2":{"start":{"line":4,"column":20},"end":{"line":4,"column":65}},"3":{"start":{"line":4,"column":65},"end":{"line":6,"column":null}},"4":{"start":{"line":6,"column":4},"end":{"line":6,"column":51}},"5":{"start":{"line":6,"column":51},"end":{"line":6,"column":null}},"6":{"start":{"line":6,"column":51},"end":{"line":7,"column":null}},"7":{"start":{"line":7,"column":4},"end":{"line":7,"column":110}},"8":{"start":{"line":7,"column":110},"end":{"line":7,"column":null}},"9":{"start":{"line":7,"column":110},"end":{"line":8,"column":null}},"10":{"start":{"line":5,"column":2},"end":{"line":8,"column":8}},"11":{"start":{"line":8,"column":8},"end":{"line":8,"column":null}},"12":{"start":{"line":8,"column":8},"end":{"line":5,"column":18}}},"fnMap":{"0":{"name":"(anonymous_0)","decl":{"start":{"line":4,"column":19},"end":{"line":4,"column":20}},"loc":{"start":{"line":4,"column":19},"end":{"line":8,"column":null}}}},"branchMap":{"0":{"loc":{"start":{"line":4,"column":19},"end":{"line":4,"column":20}},"type":"if","locations":[{"start":{"line":4,"column":19},"end":{"line":4,"column":20}}]},"1":{"loc":{"start":{"line":4,"column":65},"end":{"line":6,"column":null}},"type":"if","locations":[{"start":{"line":4,"column":65},"end":{"line":6,"column":null}},{"start":{"line":6,"column":51},"end":{"line":6,"column":null}}]},"2":{"loc":{"start":{"line":6,"column":51},"end":{"line":7,"column":null}},"type":"if","locations":[{"start":{"line":6,"column":51},"end":{"line":7,"column":null}},{"start":{"line":7,"column":110},"end":{"line":7,"column":null}}]},"3":{"loc":{"start":{"line":6,"column":51},"end":{"line":6,"column":null}},"type":"binary-expr","locations":[{"start":{"line":6,"column":51},"end":{"line":6,"column":null}},{"start":{"line":6,"column":51},"end":{"line":6,"column":null}},{"start":{"line":6,"column":51},"end":{"line":6,"column":null}},{"start":{"line":6,"column":51},"end":{"line":6,"column":null}}]},"4":{"loc":{"start":{"line":7,"column":110},"end":{"line":8,"column":null}},"type":"if","locations":[{"start":{"line":7,"column":110},"end":{"line":8,"column":null}},{"start":{"line":8,"column":8},"end":{"line":8,"column":null}}]},"5":{"loc":{"start":{"line":7,"column":110},"end":{"line":7,"column":null}},"type":"binary-expr","locations":[{"start":{"line":7,"column":110},"end":{"line":7,"column":null}},{"start":{"line":7,"column":110},"end":{"line":7,"column":null}}]}},"s":{"0":14,"1":1344,"2":84,"3":84,"4":84,"5":168,"6":84,"7":84,"8":420,"9":84,"10":84,"11":252,"12":84},"f":{"0":84},"b":{"0":[84],"1":[84,0],"2":[84,0],"3":[84,0,0,0],"4":[84,0],"5":[84,0]}}
,"C:/Users/Admin/Desktop/Університет/Веб/wildbloom/src/components/Logo/Logo.jsx": {"path":"C:/Users/Admin/Desktop/Університет/Веб/wildbloom/src/components/Logo/Logo.jsx","statementMap":{"0":{"start":{"line":3,"column":13},"end":{"line":7,"column":null}},"1":{"start":{"line":3,"column":13},"end":{"line":3,"column":null}},"2":{"start":{"line":4,"column":2},"end":{"line":7,"column":8}},"3":{"start":{"line":7,"column":8},"end":{"line":7,"column":null}},"4":{"start":{"line":7,"column":8},"end":{"line":4,"column":18}}},"fnMap":{"0":{"name":"(anonymous_0)","decl":{"start":{"line":3,"column":13},"end":{"line":3,"column":null}},"loc":{"start":{"line":3,"column":13},"end":{"line":7,"column":null}}}},"branchMap":{"0":{"loc":{"start":{"line":3,"column":13},"end":{"line":3,"column":null}},"type":"if","locations":[{"start":{"line":3,"column":13},"end":{"line":3,"column":null}}]},"1":{"loc":{"start":{"line":3,"column":13},"end":{"line":7,"column":null}},"type":"if","locations":[{"start":{"line":3,"column":13},"end":{"line":7,"column":null}},{"start":{"line":7,"column":8},"end":{"line":7,"column":null}}]}},"s":{"0":86,"1":490,"2":70,"3":70,"4":70},"f":{"0":70},"b":{"0":[70],"1":[70,0]}}
,"C:/Users/Admin/Desktop/Університет/Веб/wildbloom/src/components/PhotoGallery/PhotoGallery.jsx": {"path":"C:/Users/Admin/Desktop/Університет/Веб/wildbloom/src/components/PhotoGallery/PhotoGallery.jsx","statementMap":{"0":{"start":{"line":4,"column":21},"end":{"line":11,"column":null}},"1":{"start":{"line":4,"column":21},"end":{"line":4,"column":22}},"2":{"start":{"line":4,"column":22},"end":{"line":4,"column":32}},"3":{"start":{"line":4,"column":32},"end":{"line":10,"column":null}},"4":{"start":{"line":6,"column":5},"end":{"line":10,"column":6}},"5":{"start":{"line":10,"column":6},"end":{"line":10,"column":null}},"6":{"start":{"line":10,"column":6},"end":{"line":11,"column":null}},"7":{"start":{"line":5,"column":2},"end":{"line":11,"column":8}},"8":{"start":{"line":11,"column":8},"end":{"line":11,"column":null}},"9":{"start":{"line":11,"column":8},"end":{"line":5,"column":18}},"10":{"start":{"line":4,"column":21},"end":{"line":9,"column":12}}},"fnMap":{"0":{"name":"(anonymous_0)","decl":{"start":{"line":4,"column":21},"end":{"line":4,"column":22}},"loc":{"start":{"line":4,"column":21},"end":{"line":11,"column":null}}}},"branchMap":{"0":{"loc":{"start":{"line":4,"column":21},"end":{"line":4,"column":22}},"type":"if","locations":[{"start":{"line":4,"column":21},"end":{"line":4,"column":22}}]},"1":{"loc":{"start":{"line":4,"column":32},"end":{"line":10,"column":null}},"type":"if","locations":[{"start":{"line":4,"column":32},"end":{"line":10,"column":null}},{"start":{"line":10,"column":6},"end":{"line":10,"column":null}}]},"2":{"loc":{"start":{"line":10,"column":6},"end":{"line":11,"column":null}},"type":"if","locations":[{"start":{"line":10,"column":6},"end":{"line":11,"column":null}},{"start":{"line":11,"column":8},"end":{"line":11,"column":null}}]}},"s":{"0":16,"1":700,"2":70,"3":70,"4":70,"5":140,"6":70,"7":70,"8":140,"9":70,"10":210},"f":{"0":280},"b":{"0":[70],"1":[70,0],"2":[70,0]}}
,"C:/Users/Admin/Desktop/Університет/Веб/wildbloom/src/components/PrimaryButton/PrimaryButton.jsx": {"path":"C:/Users/Admin/Desktop/Університет/Веб/wildbloom/src/components/PrimaryButton/PrimaryButton.jsx","statementMap":{"0":{"start":{"line":3,"column":22},"end":{"line":3,"column":null}},"1":{"start":{"line":3,"column":22},"end":{"line":3,"column":33}},"2":{"start":{"line":3,"column":33},"end":{"line":3,"column":88}},"3":{"start":{"line":3,"column":88},"end":{"line":3,"column":null}},"4":{"start":{"line":3,"column":88},"end":{"line":3,"column":52}}},"fnMap":{"0":{"name":"(anonymous_0)","decl":{"start":{"line":3,"column":22},"end":{"line":3,"column":33}},"loc":{"start":{"line":3,"column":22},"end":{"line":3,"column":null}}}},"branchMap":{"0":{"loc":{"start":{"line":3,"column":22},"end":{"line":3,"column":33}},"type":"if","locations":[{"start":{"line":3,"column":22},"end":{"line":3,"column":33}}]},"1":{"loc":{"start":{"line":3,"column":22},"end":{"line":3,"column":null}},"type":"if","locations":[{"start":{"line":3,"column":22},"end":{"line":3,"column":null}},{"start":{"line":3,"column":88},"end":{"line":3,"column":null}}]}},"s":{"0":248,"1":1648,"2":206,"3":412,"4":206},"f":{"0":206},"b":{"0":[206],"1":[206,0]}}
,"C:/Users/Admin/Desktop/Університет/Веб/wildbloom/src/components/PrimaryImage/PrimaryImage.jsx": {"path":"C:/Users/Admin/Desktop/Університет/Веб/wildbloom/src/components/PrimaryImage/PrimaryImage.jsx","statementMap":{"0":{"start":{"line":4,"column":21},"end":{"line":8,"column":null}},"1":{"start":{"line":4,"column":21},"end":{"line":4,"column":22}},"2":{"start":{"line":4,"column":22},"end":{"line":4,"column":34}},"3":{"start":{"line":4,"column":34},"end":{"line":4,"column":55}},"4":{"start":{"line":4,"column":55},"end":{"line":4,"column":null}},"5":{"start":{"line":6,"column":20},"end":{"line":6,"column":57}},"6":{"start":{"line":6,"column":57},"end":{"line":7,"column":64}},"7":{"start":{"line":7,"column":38},"end":{"line":7,"column":51}},"8":{"start":{"line":7,"column":51},"end":{"line":7,"column":64}},"9":{"start":{"line":7,"column":51},"end":{"line":7,"column":null}},"10":{"start":{"line":7,"column":6},"end":{"line":7,"column":80}},"11":{"start":{"line":7,"column":80},"end":{"line":7,"column":null}},"12":{"start":{"line":7,"column":80},"end":{"line":8,"column":null}},"13":{"start":{"line":6,"column":4},"end":{"line":8,"column":10}},"14":{"start":{"line":8,"column":10},"end":{"line":8,"column":null}},"15":{"start":{"line":8,"column":10},"end":{"line":6,"column":20}}},"fnMap":{"0":{"name":"(anonymous_0)","decl":{"start":{"line":4,"column":21},"end":{"line":4,"column":22}},"loc":{"start":{"line":4,"column":21},"end":{"line":8,"column":null}}}},"branchMap":{"0":{"loc":{"start":{"line":4,"column":21},"end":{"line":4,"column":22}},"type":"if","locations":[{"start":{"line":4,"column":21},"end":{"line":4,"column":22}}]},"1":{"loc":{"start":{"line":4,"column":34},"end":{"line":4,"column":55}},"type":"cond-expr","locations":[{"start":{"line":4,"column":34},"end":{"line":4,"column":55}},{"start":{"line":4,"column":34},"end":{"line":4,"column":55}}]},"2":{"loc":{"start":{"line":4,"column":55},"end":{"line":4,"column":null}},"type":"cond-expr","locations":[{"start":{"line":4,"column":55},"end":{"line":4,"column":null}},{"start":{"line":4,"column":55},"end":{"line":4,"column":null}}]},"3":{"loc":{"start":{"line":6,"column":57},"end":{"line":7,"column":64}},"type":"if","locations":[{"start":{"line":6,"column":57},"end":{"line":7,"column":64}},{"start":{"line":7,"column":51},"end":{"line":7,"column":64}}]},"4":{"loc":{"start":{"line":7,"column":51},"end":{"line":7,"column":null}},"type":"if","locations":[{"start":{"line":7,"column":51},"end":{"line":7,"column":null}},{"start":{"line":7,"column":80},"end":{"line":7,"column":null}}]},"5":{"loc":{"start":{"line":7,"column":51},"end":{"line":7,"column":64}},"type":"binary-expr","locations":[{"start":{"line":7,"column":51},"end":{"line":7,"column":64}},{"start":{"line":7,"column":51},"end":{"line":7,"column":64}},{"start":{"line":7,"column":51},"end":{"line":7,"column":64}}]},"6":{"loc":{"start":{"line":7,"column":80},"end":{"line":8,"column":null}},"type":"if","locations":[{"start":{"line":7,"column":80},"end":{"line":8,"column":null}},{"start":{"line":8,"column":10},"end":{"line":8,"column":null}}]},"7":{"loc":{"start":{"line":7,"column":80},"end":{"line":7,"column":null}},"type":"binary-expr","locations":[{"start":{"line":7,"column":80},"end":{"line":7,"column":null}},{"start":{"line":7,"column":80},"end":{"line":7,"column":null}}]}},"s":{"0":28,"1":1890,"2":126,"3":126,"4":126,"5":126,"6":126,"7":126,"8":252,"9":126,"10":126,"11":504,"12":126,"13":126,"14":378,"15":126},"f":{"0":126},"b":{"0":[126],"1":[126,0],"2":[126,0],"3":[126,0],"4":[126,0],"5":[126,0,0],"6":[126,0],"7":[126,0]}}
,"C:/Users/Admin/Desktop/Університет/Веб/wildbloom/src/components/SectionLink/SectionLink.jsx": {"path":"C:/Users/Admin/Desktop/Університет/Веб/wildbloom/src/components/SectionLink/SectionLink.jsx","statementMap":{"0":{"start":{"line":4,"column":20},"end":{"line":8,"column":null}},"1":{"start":{"line":4,"column":20},"end":{"line":4,"column":null}},"2":{"start":{"line":4,"column":20},"end":{"line":7,"column":null}},"3":{"start":{"line":7,"column":4},"end":{"line":7,"column":70}},"4":{"start":{"line":7,"column":70},"end":{"line":7,"column":null}},"5":{"start":{"line":7,"column":70},"end":{"line":8,"column":null}},"6":{"start":{"line":5,"column":2},"end":{"line":8,"column":11}},"7":{"start":{"line":8,"column":11},"end":{"line":8,"column":null}},"8":{"start":{"line":8,"column":11},"end":{"line":5,"column":21}}},"fnMap":{"0":{"name":"(anonymous_0)","decl":{"start":{"line":4,"column":20},"end":{"line":4,"column":null}},"loc":{"start":{"line":4,"column":20},"end":{"line":8,"column":null}}}},"branchMap":{"0":{"loc":{"start":{"line":4,"column":20},"end":{"line":4,"column":null}},"type":"if","locations":[{"start":{"line":4,"column":20},"end":{"line":4,"column":null}}]},"1":{"loc":{"start":{"line":4,"column":20},"end":{"line":7,"column":null}},"type":"if","locations":[{"start":{"line":4,"column":20},"end":{"line":7,"column":null}},{"start":{"line":7,"column":70},"end":{"line":7,"column":null}}]},"2":{"loc":{"start":{"line":7,"column":70},"end":{"line":8,"column":null}},"type":"if","locations":[{"start":{"line":7,"column":70},"end":{"line":8,"column":null}},{"start":{"line":8,"column":11},"end":{"line":8,"column":null}}]}},"s":{"0":14,"1":486,"2":54,"3":54,"4":54,"5":54,"6":54,"7":108,"8":54},"f":{"0":54},"b":{"0":[54],"1":[54,0],"2":[54,0]}}
,"C:/Users/Admin/Desktop/Університет/Веб/wildbloom/src/components/SectionTitle/SectionTitle.jsx": {"path":"C:/Users/Admin/Desktop/Університет/Веб/wildbloom/src/components/SectionTitle/SectionTitle.jsx","statementMap":{"0":{"start":{"line":4,"column":21},"end":{"line":5,"column":null}},"1":{"start":{"line":4,"column":21},"end":{"line":4,"column":22}},"2":{"start":{"line":4,"column":22},"end":{"line":4,"column":34}},"3":{"start":{"line":4,"column":34},"end":{"line":5,"column":null}},"4":{"start":{"line":5,"column":9},"end":{"line":5,"column":53}},"5":{"start":{"line":5,"column":53},"end":{"line":5,"column":null}},"6":{"start":{"line":5,"column":53},"end":{"line":5,"column":24}}},"fnMap":{"0":{"name":"(anonymous_0)","decl":{"start":{"line":4,"column":21},"end":{"line":4,"column":22}},"loc":{"start":{"line":4,"column":21},"end":{"line":5,"column":null}}}},"branchMap":{"0":{"loc":{"start":{"line":4,"column":21},"end":{"line":4,"column":22}},"type":"if","locations":[{"start":{"line":4,"column":21},"end":{"line":4,"column":22}}]},"1":{"loc":{"start":{"line":4,"column":34},"end":{"line":5,"column":null}},"type":"if","locations":[{"start":{"line":4,"column":34},"end":{"line":5,"column":null}},{"start":{"line":5,"column":53},"end":{"line":5,"column":null}}]}},"s":{"0":14,"1":432,"2":54,"3":54,"4":54,"5":108,"6":54},"f":{"0":54},"b":{"0":[54],"1":[54,0]}}
,"C:/Users/Admin/Desktop/Університет/Веб/wildbloom/src/components/banner/BannerDescription/BannerDescription.jsx": {"path":"C:/Users/Admin/Desktop/Університет/Веб/wildbloom/src/components/banner/BannerDescription/BannerDescription.jsx","statementMap":{"0":{"start":{"line":4,"column":26},"end":{"line":4,"column":null}},"1":{"start":{"line":4,"column":26},"end":{"line":4,"column":27}},"2":{"start":{"line":4,"column":27},"end":{"line":4,"column":39}},"3":{"start":{"line":4,"column":39},"end":{"line":4,"column":null}},"4":{"start":{"line":4,"column":44},"end":{"line":4,"column":92}},"5":{"start":{"line":4,"column":92},"end":{"line":4,"column":null}},"6":{"start":{"line":4,"column":92},"end":{"line":4,"column":58}}},"fnMap":{"0":{"name":"(anonymous_0)","decl":{"start":{"line":4,"column":26},"end":{"line":4,"column":27}},"loc":{"start":{"line":4,"column":26},"end":{"line":4,"column":null}}}},"branchMap":{"0":{"loc":{"start":{"line":4,"column":26},"end":{"line":4,"column":27}},"type":"if","locations":[{"start":{"line":4,"column":26},"end":{"line":4,"column":27}}]},"1":{"loc":{"start":{"line":4,"column":39},"end":{"line":4,"column":null}},"type":"if","locations":[{"start":{"line":4,"column":39},"end":{"line":4,"column":null}},{"start":{"line":4,"column":92},"end":{"line":4,"column":null}}]}},"s":{"0":42,"1":1440,"2":180,"3":180,"4":180,"5":360,"6":180},"f":{"0":180},"b":{"0":[180],"1":[180,0]}}
,"C:/Users/Admin/Desktop/Університет/Веб/wildbloom/src/components/banner/BannerText/BannerText.jsx": {"path":"C:/Users/Admin/Desktop/Університет/Веб/wildbloom/src/components/banner/BannerText/BannerText.jsx","statementMap":{"0":{"start":{"line":7,"column":19},"end":{"line":21,"column":null}},"1":{"start":{"line":7,"column":19},"end":{"line":7,"column":20}},"2":{"start":{"line":7,"column":20},"end":{"line":7,"column":69}},"3":{"start":{"line":7,"column":69},"end":{"line":7,"column":null}},"4":{"start":{"line":8,"column":29},"end":{"line":8,"column":82}},"5":{"start":{"line":8,"column":82},"end":{"line":12,"column":null}},"6":{"start":{"line":12,"column":6},"end":{"line":12,"column":40}},"7":{"start":{"line":12,"column":40},"end":{"line":12,"column":null}},"8":{"start":{"line":12,"column":40},"end":{"line":14,"column":null}},"9":{"start":{"line":14,"column":6},"end":{"line":14,"column":58}},"10":{"start":{"line":14,"column":58},"end":{"line":14,"column":null}},"11":{"start":{"line":14,"column":58},"end":{"line":20,"column":null}},"12":{"start":{"line":16,"column":7},"end":{"line":19,"column":null}},"13":{"start":{"line":20,"column":7},"end":{"line":20,"column":null}},"14":{"start":{"line":20,"column":7},"end":{"line":21,"column":null}},"15":{"start":{"line":11,"column":4},"end":{"line":21,"column":10}},"16":{"start":{"line":21,"column":10},"end":{"line":21,"column":null}},"17":{"start":{"line":21,"column":10},"end":{"line":11,"column":20}}},"fnMap":{"0":{"name":"(anonymous_0)","decl":{"start":{"line":7,"column":19},"end":{"line":7,"column":20}},"loc":{"start":{"line":7,"column":19},"end":{"line":21,"column":null}}}},"branchMap":{"0":{"loc":{"start":{"line":7,"column":19},"end":{"line":7,"column":20}},"type":"if","locations":[{"start":{"line":7,"column":19},"end":{"line":7,"column":20}}]},"1":{"loc":{"start":{"line":7,"column":69},"end":{"line":7,"column":null}},"type":"cond-expr","locations":[{"start":{"line":7,"column":69},"end":{"line":7,"column":null}},{"start":{"line":7,"column":69},"end":{"line":7,"column":null}}]},"2":{"loc":{"start":{"line":8,"column":52},"end":{"line":8,"column":80}},"type":"binary-expr","locations":[{"start":{"line":8,"column":52},"end":{"line":8,"column":69}},{"start":{"line":8,"column":69},"end":{"line":8,"column":80}}]},"3":{"loc":{"start":{"line":8,"column":82},"end":{"line":12,"column":null}},"type":"if","locations":[{"start":{"line":8,"column":82},"end":{"line":12,"column":null}},{"start":{"line":12,"column":40},"end":{"line":12,"column":null}}]},"4":{"loc":{"start":{"line":12,"column":40},"end":{"line":14,"column":null}},"type":"if","locations":[{"start":{"line":12,"column":40},"end":{"line":14,"column":null}},{"start":{"line":14,"column":58},"end":{"line":14,"column":null}}]},"5":{"loc":{"start":{"line":14,"column":58},"end":{"line":20,"column":null}},"type":"if","locations":[{"start":{"line":14,"column":58},"end":{"line":20,"column":null}},{"start":{"line":20,"column":7},"end":{"line":20,"column":null}}]},"6":{"loc":{"start":{"line":14,"column":58},"end":{"line":14,"column":null}},"type":"binary-expr","locations":[{"start":{"line":14,"column":58},"end":{"line":14,"column":null}},{"start":{"line":14,"column":58},"end":{"line":14,"column":null}}]},"7":{"loc":{"start":{"line":16,"column":7},"end":{"line":19,"column":null}},"type":"binary-expr","locations":[{"start":{"line":16,"column":7},"end":{"line":16,"column":null}},{"start":{"line":17,"column":8},"end":{"line":19,"column":null}}]},"8":{"loc":{"start":{"line":20,"column":7},"end":{"line":21,"column":null}},"type":"if","locations":[{"start":{"line":20,"column":7},"end":{"line":21,"column":null}},{"start":{"line":21,"column":10},"end":{"line":21,"column":null}}]},"9":{"loc":{"start":{"line":20,"column":7},"end":{"line":20,"column":null}},"type":"binary-expr","locations":[{"start":{"line":20,"column":7},"end":{"line":20,"column":null}},{"start":{"line":20,"column":7},"end":{"line":20,"column":null}},{"start":{"line":20,"column":7},"end":{"line":20,"column":null}},{"start":{"line":20,"column":7},"end":{"line":20,"column":null}}]}},"s":{"0":28,"1":2268,"2":126,"3":126,"4":126,"5":126,"6":126,"7":252,"8":126,"9":126,"10":252,"11":126,"12":126,"13":378,"14":126,"15":126,"16":630,"17":126},"f":{"0":126},"b":{"0":[126],"1":[126,0],"2":[126,0],"3":[126,0],"4":[126,0],"5":[126,0],"6":[126,0],"7":[126,122],"8":[126,0],"9":[126,0,0,0]}}
,"C:/Users/Admin/Desktop/Університет/Веб/wildbloom/src/components/banner/BannerTitle/BannerTitle.jsx": {"path":"C:/Users/Admin/Desktop/Університет/Веб/wildbloom/src/components/banner/BannerTitle/BannerTitle.jsx","statementMap":{"0":{"start":{"line":4,"column":20},"end":{"line":4,"column":null}},"1":{"start":{"line":4,"column":20},"end":{"line":4,"column":21}},"2":{"start":{"line":4,"column":21},"end":{"line":4,"column":33}},"3":{"start":{"line":4,"column":33},"end":{"line":4,"column":null}},"4":{"start":{"line":4,"column":38},"end":{"line":4,"column":82}},"5":{"start":{"line":4,"column":82},"end":{"line":4,"column":null}},"6":{"start":{"line":4,"column":82},"end":{"line":4,"column":53}}},"fnMap":{"0":{"name":"(anonymous_0)","decl":{"start":{"line":4,"column":20},"end":{"line":4,"column":21}},"loc":{"start":{"line":4,"column":20},"end":{"line":4,"column":null}}}},"branchMap":{"0":{"loc":{"start":{"line":4,"column":20},"end":{"line":4,"column":21}},"type":"if","locations":[{"start":{"line":4,"column":20},"end":{"line":4,"column":21}}]},"1":{"loc":{"start":{"line":4,"column":33},"end":{"line":4,"column":null}},"type":"if","locations":[{"start":{"line":4,"column":33},"end":{"line":4,"column":null}},{"start":{"line":4,"column":82},"end":{"line":4,"column":null}}]}},"s":{"0":40,"1":1328,"2":166,"3":166,"4":166,"5":332,"6":166},"f":{"0":166},"b":{"0":[166],"1":[166,0]}}
,"C:/Users/Admin/Desktop/Університет/Веб/wildbloom/src/features/auth/AuthFooter/AuthFooter.jsx": {"path":"C:/Users/Admin/Desktop/Університет/Веб/wildbloom/src/features/auth/AuthFooter/AuthFooter.jsx","statementMap":{"0":{"start":{"line":4,"column":19},"end":{"line":10,"column":null}},"1":{"start":{"line":4,"column":19},"end":{"line":4,"column":null}},"2":{"start":{"line":6,"column":4},"end":{"line":10,"column":10}},"3":{"start":{"line":10,"column":10},"end":{"line":10,"column":null}},"4":{"start":{"line":10,"column":10},"end":{"line":6,"column":20}}},"fnMap":{"0":{"name":"(anonymous_0)","decl":{"start":{"line":4,"column":19},"end":{"line":4,"column":null}},"loc":{"start":{"line":4,"column":19},"end":{"line":10,"column":null}}}},"branchMap":{"0":{"loc":{"start":{"line":4,"column":19},"end":{"line":4,"column":null}},"type":"if","locations":[{"start":{"line":4,"column":19},"end":{"line":4,"column":null}}]},"1":{"loc":{"start":{"line":4,"column":19},"end":{"line":10,"column":null}},"type":"if","locations":[{"start":{"line":4,"column":19},"end":{"line":10,"column":null}},{"start":{"line":10,"column":10},"end":{"line":10,"column":null}}]}},"s":{"0":128,"1":756,"2":108,"3":108,"4":108},"f":{"0":108},"b":{"0":[108],"1":[108,0]}}
,"C:/Users/Admin/Desktop/Університет/Веб/wildbloom/src/features/auth/AuthImage/AuthImage.jsx": {"path":"C:/Users/Admin/Desktop/Університет/Веб/wildbloom/src/features/auth/AuthImage/AuthImage.jsx","statementMap":{"0":{"start":{"line":5,"column":18},"end":{"line":8,"column":null}},"1":{"start":{"line":5,"column":18},"end":{"line":5,"column":null}},"2":{"start":{"line":6,"column":2},"end":{"line":8,"column":8}},"3":{"start":{"line":8,"column":8},"end":{"line":8,"column":null}},"4":{"start":{"line":8,"column":8},"end":{"line":6,"column":18}}},"fnMap":{"0":{"name":"(anonymous_0)","decl":{"start":{"line":5,"column":18},"end":{"line":5,"column":null}},"loc":{"start":{"line":5,"column":18},"end":{"line":8,"column":null}}}},"branchMap":{"0":{"loc":{"start":{"line":5,"column":18},"end":{"line":5,"column":null}},"type":"if","locations":[{"start":{"line":5,"column":18},"end":{"line":5,"column":null}}]},"1":{"loc":{"start":{"line":5,"column":18},"end":{"line":8,"column":null}},"type":"if","locations":[{"start":{"line":5,"column":18},"end":{"line":8,"column":null}},{"start":{"line":8,"column":8},"end":{"line":8,"column":null}}]}},"s":{"0":68,"1":378,"2":54,"3":54,"4":54},"f":{"0":54},"b":{"0":[54],"1":[54,0]}}
,"C:/Users/Admin/Desktop/Університет/Веб/wildbloom/src/features/faq/FaqItem/FaqItem.jsx": {"path":"C:/Users/Admin/Desktop/Університет/Веб/wildbloom/src/features/faq/FaqItem/FaqItem.jsx","statementMap":{"0":{"start":{"line":5,"column":16},"end":{"line":20,"column":null}},"1":{"start":{"line":5,"column":16},"end":{"line":5,"column":17}},"2":{"start":{"line":5,"column":17},"end":{"line":5,"column":null}},"3":{"start":{"line":6,"column":30},"end":{"line":6,"column":null}},"4":{"start":{"line":9,"column":20},"end":{"line":9,"column":70}},"5":{"start":{"line":9,"column":70},"end":{"line":10,"column":92}},"6":{"start":{"line":10,"column":51},"end":{"line":10,"column":75}},"7":{"start":{"line":10,"column":57},"end":{"line":10,"column":75}},"8":{"start":{"line":10,"column":75},"end":{"line":10,"column":92}},"9":{"start":{"line":10,"column":75},"end":{"line":11,"column":null}},"10":{"start":{"line":11,"column":8},"end":{"line":11,"column":31}},"11":{"start":{"line":11,"column":31},"end":{"line":11,"column":null}},"12":{"start":{"line":11,"column":31},"end":{"line":12,"column":null}},"13":{"start":{"line":12,"column":8},"end":{"line":12,"column":49}},"14":{"start":{"line":12,"column":49},"end":{"line":12,"column":null}},"15":{"start":{"line":12,"column":49},"end":{"line":13,"column":null}},"16":{"start":{"line":10,"column":6},"end":{"line":13,"column":15}},"17":{"start":{"line":13,"column":15},"end":{"line":13,"column":null}},"18":{"start":{"line":13,"column":15},"end":{"line":19,"column":null}},"19":{"start":{"line":15,"column":6},"end":{"line":19,"column":12}},"20":{"start":{"line":19,"column":12},"end":{"line":19,"column":null}},"21":{"start":{"line":19,"column":12},"end":{"line":20,"column":null}},"22":{"start":{"line":9,"column":4},"end":{"line":20,"column":10}},"23":{"start":{"line":20,"column":10},"end":{"line":20,"column":null}},"24":{"start":{"line":20,"column":10},"end":{"line":9,"column":20}}},"fnMap":{"0":{"name":"(anonymous_0)","decl":{"start":{"line":5,"column":16},"end":{"line":5,"column":17}},"loc":{"start":{"line":5,"column":16},"end":{"line":20,"column":null}}},"1":{"name":"(anonymous_1)","decl":{"start":{"line":10,"column":51},"end":{"line":10,"column":57}},"loc":{"start":{"line":10,"column":57},"end":{"line":10,"column":75}}}},"branchMap":{"0":{"loc":{"start":{"line":5,"column":16},"end":{"line":5,"column":17}},"type":"if","locations":[{"start":{"line":5,"column":16},"end":{"line":5,"column":17}}]},"1":{"loc":{"start":{"line":9,"column":41},"end":{"line":9,"column":50}},"type":"cond-expr","locations":[{"start":{"line":9,"column":50},"end":{"line":9,"column":68}},{"start":{"line":9,"column":41},"end":{"line":9,"column":50}}]},"2":{"loc":{"start":{"line":9,"column":70},"end":{"line":10,"column":92}},"type":"if","locations":[{"start":{"line":9,"column":70},"end":{"line":10,"column":92}},{"start":{"line":10,"column":75},"end":{"line":10,"column":92}}]},"3":{"loc":{"start":{"line":10,"column":75},"end":{"line":11,"column":null}},"type":"if","locations":[{"start":{"line":10,"column":75},"end":{"line":11,"column":null}},{"start":{"line":11,"column":31},"end":{"line":11,"column":null}}]},"4":{"loc":{"start":{"line":11,"column":31},"end":{"line":12,"column":null}},"type":"if","locations":[{"start":{"line":11,"column":31},"end":{"line":12,"column":null}},{"start":{"line":12,"column":49},"end":{"line":12,"column":null}}]},"5":{"loc":{"start":{"line":12,"column":49},"end":{"line":13,"column":null}},"type":"if","locations":[{"start":{"line":12,"column":49},"end":{"line":13,"column":null}},{"start":{"line":13,"column":15},"end":{"line":13,"column":null}}]},"6":{"loc":{"start":{"line":12,"column":49},"end":{"line":12,"column":null}},"type":"binary-expr","locations":[{"start":{"line":12,"column":49},"end":{"line":12,"column":null}},{"start":{"line":12,"column":49},"end":{"line":12,"column":null}},{"start":{"line":12,"column":49},"end":{"line":12,"column":null}}]},"7":{"loc":{"start":{"line":13,"column":15},"end":{"line":19,"column":null}},"type":"if","locations":[{"start":{"line":13,"column":15},"end":{"line":19,"column":null}},{"start":{"line":19,"column":12},"end":{"line":19,"column":null}}]},"8":{"loc":{"start":{"line":19,"column":12},"end":{"line":20,"column":null}},"type":"if","locations":[{"start":{"line":19,"column":12},"end":{"line":20,"column":null}},{"start":{"line":20,"column":10},"end":{"line":20,"column":null}}]},"9":{"loc":{"start":{"line":19,"column":12},"end":{"line":19,"column":null}},"type":"binary-expr","locations":[{"start":{"line":19,"column":12},"end":{"line":19,"column":null}},{"start":{"line":19,"column":12},"end":{"line":19,"column":null}},{"start":{"line":19,"column":12},"end":{"line":19,"column":null}}]}},"s":{"0":26,"1":3860,"2":220,"3":220,"4":220,"5":220,"6":220,"7":40,"8":440,"9":220,"10":180,"11":400,"12":220,"13":180,"14":220,"15":220,"16":220,"17":880,"18":220,"19":180,"20":400,"21":220,"22":220,"23":880,"24":220},"f":{"0":220,"1":40},"b":{"0":[180],"1":[28,192],"2":[220,0],"3":[180,40],"4":[180,40],"5":[220,0],"6":[220,0,0],"7":[180,40],"8":[220,0],"9":[220,0,0]}}
,"C:/Users/Admin/Desktop/Університет/Веб/wildbloom/src/features/footer/ContactInfo/ContactInfo.jsx": {"path":"C:/Users/Admin/Desktop/Університет/Веб/wildbloom/src/features/footer/ContactInfo/ContactInfo.jsx","statementMap":{"0":{"start":{"line":4,"column":20},"end":{"line":12,"column":null}},"1":{"start":{"line":4,"column":20},"end":{"line":4,"column":null}},"2":{"start":{"line":6,"column":4},"end":{"line":12,"column":10}},"3":{"start":{"line":12,"column":10},"end":{"line":12,"column":null}},"4":{"start":{"line":12,"column":10},"end":{"line":6,"column":20}}},"fnMap":{"0":{"name":"(anonymous_0)","decl":{"start":{"line":4,"column":20},"end":{"line":4,"column":null}},"loc":{"start":{"line":4,"column":20},"end":{"line":12,"column":null}}}},"branchMap":{"0":{"loc":{"start":{"line":4,"column":20},"end":{"line":4,"column":null}},"type":"if","locations":[{"start":{"line":4,"column":20},"end":{"line":4,"column":null}}]},"1":{"loc":{"start":{"line":4,"column":20},"end":{"line":12,"column":null}},"type":"if","locations":[{"start":{"line":4,"column":20},"end":{"line":12,"column":null}},{"start":{"line":12,"column":10},"end":{"line":12,"column":null}}]}},"s":{"0":152,"1":910,"2":130,"3":130,"4":130},"f":{"0":130},"b":{"0":[130],"1":[130,0]}}
,"C:/Users/Admin/Desktop/Університет/Веб/wildbloom/src/features/footer/Copyright/Copyright.jsx": {"path":"C:/Users/Admin/Desktop/Університет/Веб/wildbloom/src/features/footer/Copyright/Copyright.jsx","statementMap":{"0":{"start":{"line":4,"column":18},"end":{"line":9,"column":null}},"1":{"start":{"line":4,"column":18},"end":{"line":4,"column":null}},"2":{"start":{"line":4,"column":18},"end":{"line":5,"column":null}},"3":{"start":{"line":5,"column":15},"end":{"line":5,"column":39}},"4":{"start":{"line":5,"column":39},"end":{"line":5,"column":null}},"5":{"start":{"line":5,"column":15},"end":{"line":5,"column":19}},"6":{"start":{"line":5,"column":39},"end":{"line":9,"column":null}},"7":{"start":{"line":7,"column":4},"end":{"line":9,"column":10}},"8":{"start":{"line":9,"column":10},"end":{"line":9,"column":null}},"9":{"start":{"line":9,"column":10},"end":{"line":7,"column":20}}},"fnMap":{"0":{"name":"(anonymous_0)","decl":{"start":{"line":4,"column":18},"end":{"line":4,"column":null}},"loc":{"start":{"line":4,"column":18},"end":{"line":9,"column":null}}}},"branchMap":{"0":{"loc":{"start":{"line":4,"column":18},"end":{"line":4,"column":null}},"type":"if","locations":[{"start":{"line":4,"column":18},"end":{"line":4,"column":null}}]},"1":{"loc":{"start":{"line":4,"column":18},"end":{"line":5,"column":null}},"type":"if","locations":[{"start":{"line":4,"column":18},"end":{"line":5,"column":null}},{"start":{"line":5,"column":39},"end":{"line":5,"column":null}}]},"2":{"loc":{"start":{"line":5,"column":39},"end":{"line":9,"column":null}},"type":"if","locations":[{"start":{"line":5,"column":39},"end":{"line":9,"column":null}},{"start":{"line":9,"column":10},"end":{"line":9,"column":null}}]}},"s":{"0":20,"1":864,"2":108,"3":108,"4":108,"5":108,"6":108,"7":108,"8":108,"9":108},"f":{"0":108},"b":{"0":[108],"1":[108,0],"2":[108,0]}}
,"C:/Users/Admin/Desktop/Університет/Веб/wildbloom/src/features/footer/FooterNav/FooterNav.jsx": {"path":"C:/Users/Admin/Desktop/Університет/Веб/wildbloom/src/features/footer/FooterNav/FooterNav.jsx","statementMap":{"0":{"start":{"line":5,"column":18},"end":{"line":38,"column":null}},"1":{"start":{"line":5,"column":18},"end":{"line":5,"column":null}},"2":{"start":{"line":5,"column":18},"end":{"line":23,"column":null}},"3":{"start":{"line":8,"column":6},"end":{"line":23,"column":11}},"4":{"start":{"line":23,"column":11},"end":{"line":23,"column":null}},"5":{"start":{"line":23,"column":11},"end":{"line":38,"column":null}},"6":{"start":{"line":7,"column":4},"end":{"line":38,"column":10}},"7":{"start":{"line":38,"column":10},"end":{"line":38,"column":null}},"8":{"start":{"line":38,"column":10},"end":{"line":7,"column":20}}},"fnMap":{"0":{"name":"(anonymous_0)","decl":{"start":{"line":5,"column":18},"end":{"line":5,"column":null}},"loc":{"start":{"line":5,"column":18},"end":{"line":38,"column":null}}}},"branchMap":{"0":{"loc":{"start":{"line":5,"column":18},"end":{"line":5,"column":null}},"type":"if","locations":[{"start":{"line":5,"column":18},"end":{"line":5,"column":null}}]},"1":{"loc":{"start":{"line":5,"column":18},"end":{"line":23,"column":null}},"type":"if","locations":[{"start":{"line":5,"column":18},"end":{"line":23,"column":null}},{"start":{"line":23,"column":11},"end":{"line":23,"column":null}}]},"2":{"loc":{"start":{"line":23,"column":11},"end":{"line":38,"column":null}},"type":"if","locations":[{"start":{"line":23,"column":11},"end":{"line":38,"column":null}},{"start":{"line":38,"column":10},"end":{"line":38,"column":null}}]}},"s":{"0":30,"1":952,"2":119,"3":119,"4":119,"5":119,"6":119,"7":119,"8":119},"f":{"0":119},"b":{"0":[119],"1":[119,0],"2":[119,0]}}
,"C:/Users/Admin/Desktop/Університет/Веб/wildbloom/src/features/footer/SocialLinks/SocialLinks.jsx": {"path":"C:/Users/Admin/Desktop/Університет/Веб/wildbloom/src/features/footer/SocialLinks/SocialLinks.jsx","statementMap":{"0":{"start":{"line":5,"column":20},"end":{"line":17,"column":null}},"1":{"start":{"line":5,"column":20},"end":{"line":5,"column":null}},"2":{"start":{"line":5,"column":20},"end":{"line":10,"column":null}},"3":{"start":{"line":8,"column":6},"end":{"line":10,"column":10}},"4":{"start":{"line":10,"column":10},"end":{"line":10,"column":null}},"5":{"start":{"line":10,"column":10},"end":{"line":13,"column":null}},"6":{"start":{"line":11,"column":6},"end":{"line":13,"column":10}},"7":{"start":{"line":13,"column":10},"end":{"line":13,"column":null}},"8":{"start":{"line":13,"column":10},"end":{"line":17,"column":null}},"9":{"start":{"line":7,"column":4},"end":{"line":17,"column":10}},"10":{"start":{"line":17,"column":10},"end":{"line":17,"column":null}},"11":{"start":{"line":17,"column":10},"end":{"line":7,"column":20}}},"fnMap":{"0":{"name":"(anonymous_0)","decl":{"start":{"line":5,"column":20},"end":{"line":5,"column":null}},"loc":{"start":{"line":5,"column":20},"end":{"line":17,"column":null}}}},"branchMap":{"0":{"loc":{"start":{"line":5,"column":20},"end":{"line":5,"column":null}},"type":"if","locations":[{"start":{"line":5,"column":20},"end":{"line":5,"column":null}}]},"1":{"loc":{"start":{"line":5,"column":20},"end":{"line":10,"column":null}},"type":"if","locations":[{"start":{"line":5,"column":20},"end":{"line":10,"column":null}},{"start":{"line":10,"column":10},"end":{"line":10,"column":null}}]},"2":{"loc":{"start":{"line":10,"column":10},"end":{"line":13,"column":null}},"type":"if","locations":[{"start":{"line":10,"column":10},"end":{"line":13,"column":null}},{"start":{"line":13,"column":10},"end":{"line":13,"column":null}}]},"3":{"loc":{"start":{"line":13,"column":10},"end":{"line":17,"column":null}},"type":"if","locations":[{"start":{"line":13,"column":10},"end":{"line":17,"column":null}},{"start":{"line":17,"column":10},"end":{"line":17,"column":null}}]}},"s":{"0":22,"1":1170,"2":130,"3":130,"4":130,"5":130,"6":130,"7":130,"8":130,"9":130,"10":130,"11":130},"f":{"0":130},"b":{"0":[130],"1":[130,0],"2":[130,0],"3":[130,0]}}
,"C:/Users/Admin/Desktop/Університет/Веб/wildbloom/src/features/header/NavLinks/NavLinks.jsx": {"path":"C:/Users/Admin/Desktop/Університет/Веб/wildbloom/src/features/header/NavLinks/NavLinks.jsx","statementMap":{"0":{"start":{"line":3,"column":17},"end":{"line":16,"column":null}},"1":{"start":{"line":3,"column":17},"end":{"line":3,"column":null}},"2":{"start":{"line":4,"column":2},"end":{"line":16,"column":7}},"3":{"start":{"line":16,"column":7},"end":{"line":16,"column":null}},"4":{"start":{"line":16,"column":7},"end":{"line":4,"column":17}}},"fnMap":{"0":{"name":"(anonymous_0)","decl":{"start":{"line":3,"column":17},"end":{"line":3,"column":null}},"loc":{"start":{"line":3,"column":17},"end":{"line":16,"column":null}}}},"branchMap":{"0":{"loc":{"start":{"line":3,"column":17},"end":{"line":3,"column":null}},"type":"if","locations":[{"start":{"line":3,"column":17},"end":{"line":3,"column":null}}]},"1":{"loc":{"start":{"line":3,"column":17},"end":{"line":16,"column":null}},"type":"if","locations":[{"start":{"line":3,"column":17},"end":{"line":16,"column":null}},{"start":{"line":16,"column":7},"end":{"line":16,"column":null}}]}},"s":{"0":106,"1":616,"2":88,"3":88,"4":88},"f":{"0":88},"b":{"0":[88],"1":[88,0]}}
,"C:/Users/Admin/Desktop/Університет/Веб/wildbloom/src/features/header/UserActions/UserActions.jsx": {"path":"C:/Users/Admin/Desktop/Університет/Веб/wildbloom/src/features/header/UserActions/UserActions.jsx","statementMap":{"0":{"start":{"line":5,"column":20},"end":{"line":17,"column":null}},"1":{"start":{"line":5,"column":20},"end":{"line":5,"column":null}},"2":{"start":{"line":5,"column":20},"end":{"line":9,"column":null}},"3":{"start":{"line":7,"column":4},"end":{"line":9,"column":13}},"4":{"start":{"line":9,"column":13},"end":{"line":9,"column":null}},"5":{"start":{"line":9,"column":13},"end":{"line":12,"column":null}},"6":{"start":{"line":10,"column":4},"end":{"line":12,"column":14}},"7":{"start":{"line":12,"column":14},"end":{"line":12,"column":null}},"8":{"start":{"line":12,"column":14},"end":{"line":17,"column":null}},"9":{"start":{"line":6,"column":2},"end":{"line":17,"column":8}},"10":{"start":{"line":17,"column":8},"end":{"line":17,"column":null}},"11":{"start":{"line":17,"column":8},"end":{"line":6,"column":18}}},"fnMap":{"0":{"name":"(anonymous_0)","decl":{"start":{"line":5,"column":20},"end":{"line":5,"column":null}},"loc":{"start":{"line":5,"column":20},"end":{"line":17,"column":null}}}},"branchMap":{"0":{"loc":{"start":{"line":5,"column":20},"end":{"line":5,"column":null}},"type":"if","locations":[{"start":{"line":5,"column":20},"end":{"line":5,"column":null}}]},"1":{"loc":{"start":{"line":5,"column":20},"end":{"line":9,"column":null}},"type":"if","locations":[{"start":{"line":5,"column":20},"end":{"line":9,"column":null}},{"start":{"line":9,"column":13},"end":{"line":9,"column":null}}]},"2":{"loc":{"start":{"line":9,"column":13},"end":{"line":12,"column":null}},"type":"if","locations":[{"start":{"line":9,"column":13},"end":{"line":12,"column":null}},{"start":{"line":12,"column":14},"end":{"line":12,"column":null}}]},"3":{"loc":{"start":{"line":12,"column":14},"end":{"line":17,"column":null}},"type":"if","locations":[{"start":{"line":12,"column":14},"end":{"line":17,"column":null}},{"start":{"line":17,"column":8},"end":{"line":17,"column":null}}]}},"s":{"0":24,"1":1386,"2":154,"3":154,"4":154,"5":154,"6":154,"7":154,"8":154,"9":154,"10":154,"11":154},"f":{"0":154},"b":{"0":[154],"1":[154,0],"2":[154,0],"3":[154,0]}}
,"C:/Users/Admin/Desktop/Університет/Веб/wildbloom/src/features/home/HeroSection/HeroSection.jsx": {"path":"C:/Users/Admin/Desktop/Університет/Веб/wildbloom/src/features/home/HeroSection/HeroSection.jsx","statementMap":{"0":{"start":{"line":6,"column":20},"end":{"line":20,"column":null}},"1":{"start":{"line":6,"column":20},"end":{"line":6,"column":null}},"2":{"start":{"line":6,"column":20},"end":{"line":8,"column":null}},"3":{"start":{"line":8,"column":4},"end":{"line":8,"column":80}},"4":{"start":{"line":8,"column":80},"end":{"line":8,"column":null}},"5":{"start":{"line":8,"column":80},"end":{"line":20,"column":null}},"6":{"start":{"line":7,"column":2},"end":{"line":20,"column":12}},"7":{"start":{"line":20,"column":12},"end":{"line":20,"column":null}},"8":{"start":{"line":20,"column":12},"end":{"line":7,"column":22}}},"fnMap":{"0":{"name":"(anonymous_0)","decl":{"start":{"line":6,"column":20},"end":{"line":6,"column":null}},"loc":{"start":{"line":6,"column":20},"end":{"line":20,"column":null}}}},"branchMap":{"0":{"loc":{"start":{"line":6,"column":20},"end":{"line":6,"column":null}},"type":"if","locations":[{"start":{"line":6,"column":20},"end":{"line":6,"column":null}}]},"1":{"loc":{"start":{"line":6,"column":20},"end":{"line":8,"column":null}},"type":"if","locations":[{"start":{"line":6,"column":20},"end":{"line":8,"column":null}},{"start":{"line":8,"column":80},"end":{"line":8,"column":null}}]},"2":{"loc":{"start":{"line":8,"column":80},"end":{"line":20,"column":null}},"type":"if","locations":[{"start":{"line":8,"column":80},"end":{"line":20,"column":null}},{"start":{"line":20,"column":12},"end":{"line":20,"column":null}}]}},"s":{"0":20,"1":864,"2":108,"3":108,"4":108,"5":108,"6":108,"7":108,"8":108},"f":{"0":108},"b":{"0":[108],"1":[108,0],"2":[108,0]}}
,"C:/Users/Admin/Desktop/Університет/Веб/wildbloom/src/features/home/QuoteDivider/QuoteDivider.jsx": {"path":"C:/Users/Admin/Desktop/Університет/Веб/wildbloom/src/features/home/QuoteDivider/QuoteDivider.jsx","statementMap":{"0":{"start":{"line":3,"column":21},"end":{"line":6,"column":null}},"1":{"start":{"line":3,"column":21},"end":{"line":3,"column":null}},"2":{"start":{"line":4,"column":2},"end":{"line":6,"column":8}},"3":{"start":{"line":6,"column":8},"end":{"line":6,"column":null}},"4":{"start":{"line":6,"column":8},"end":{"line":4,"column":18}}},"fnMap":{"0":{"name":"(anonymous_0)","decl":{"start":{"line":3,"column":21},"end":{"line":3,"column":null}},"loc":{"start":{"line":3,"column":21},"end":{"line":6,"column":null}}}},"branchMap":{"0":{"loc":{"start":{"line":3,"column":21},"end":{"line":3,"column":null}},"type":"if","locations":[{"start":{"line":3,"column":21},"end":{"line":3,"column":null}}]},"1":{"loc":{"start":{"line":3,"column":21},"end":{"line":6,"column":null}},"type":"if","locations":[{"start":{"line":3,"column":21},"end":{"line":6,"column":null}},{"start":{"line":6,"column":8},"end":{"line":6,"column":null}}]}},"s":{"0":68,"1":378,"2":54,"3":54,"4":54},"f":{"0":54},"b":{"0":[54],"1":[54,0]}}
,"C:/Users/Admin/Desktop/Університет/Веб/wildbloom/src/features/home/categorySection/CategoryCard/CategoryCard.jsx": {"path":"C:/Users/Admin/Desktop/Університет/Веб/wildbloom/src/features/home/categorySection/CategoryCard/CategoryCard.jsx","statementMap":{"0":{"start":{"line":7,"column":21},"end":{"line":16,"column":null}},"1":{"start":{"line":7,"column":21},"end":{"line":7,"column":22}},"2":{"start":{"line":7,"column":22},"end":{"line":7,"column":34}},"3":{"start":{"line":7,"column":34},"end":{"line":10,"column":null}},"4":{"start":{"line":10,"column":6},"end":{"line":10,"column":61}},"5":{"start":{"line":10,"column":61},"end":{"line":10,"column":null}},"6":{"start":{"line":10,"column":61},"end":{"line":11,"column":null}},"7":{"start":{"line":11,"column":6},"end":{"line":11,"column":42}},"8":{"start":{"line":11,"column":42},"end":{"line":11,"column":null}},"9":{"start":{"line":11,"column":42},"end":{"line":15,"column":null}},"10":{"start":{"line":13,"column":6},"end":{"line":15,"column":15}},"11":{"start":{"line":15,"column":15},"end":{"line":15,"column":null}},"12":{"start":{"line":15,"column":15},"end":{"line":16,"column":null}},"13":{"start":{"line":9,"column":4},"end":{"line":16,"column":10}},"14":{"start":{"line":16,"column":10},"end":{"line":16,"column":null}},"15":{"start":{"line":16,"column":10},"end":{"line":9,"column":20}}},"fnMap":{"0":{"name":"(anonymous_0)","decl":{"start":{"line":7,"column":21},"end":{"line":7,"column":22}},"loc":{"start":{"line":7,"column":21},"end":{"line":16,"column":null}}}},"branchMap":{"0":{"loc":{"start":{"line":7,"column":21},"end":{"line":7,"column":22}},"type":"if","locations":[{"start":{"line":7,"column":21},"end":{"line":7,"column":22}}]},"1":{"loc":{"start":{"line":7,"column":34},"end":{"line":10,"column":null}},"type":"if","locations":[{"start":{"line":7,"column":34},"end":{"line":10,"column":null}},{"start":{"line":10,"column":61},"end":{"line":10,"column":null}}]},"2":{"loc":{"start":{"line":7,"column":34},"end":{"line":7,"column":null}},"type":"binary-expr","locations":[{"start":{"line":7,"column":34},"end":{"line":7,"column":null}},{"start":{"line":7,"column":34},"end":{"line":7,"column":null}}]},"3":{"loc":{"start":{"line":10,"column":61},"end":{"line":11,"column":null}},"type":"if","locations":[{"start":{"line":10,"column":61},"end":{"line":11,"column":null}},{"start":{"line":11,"column":42},"end":{"line":11,"column":null}}]},"4":{"loc":{"start":{"line":11,"column":42},"end":{"line":15,"column":null}},"type":"if","locations":[{"start":{"line":11,"column":42},"end":{"line":15,"column":null}},{"start":{"line":15,"column":15},"end":{"line":15,"column":null}}]},"5":{"loc":{"start":{"line":15,"column":15},"end":{"line":16,"column":null}},"type":"if","locations":[{"start":{"line":15,"column":15},"end":{"line":16,"column":null}},{"start":{"line":16,"column":10},"end":{"line":16,"column":null}}]},"6":{"loc":{"start":{"line":15,"column":15},"end":{"line":15,"column":null}},"type":"binary-expr","locations":[{"start":{"line":15,"column":15},"end":{"line":15,"column":null}},{"start":{"line":15,"column":15},"end":{"line":15,"column":null}}]}},"s":{"0":18,"1":1320,"2":88,"3":88,"4":88,"5":264,"6":88,"7":88,"8":176,"9":88,"10":88,"11":88,"12":88,"13":88,"14":264,"15":88},"f":{"0":88},"b":{"0":[88],"1":[88,0],"2":[88,0],"3":[88,0],"4":[88,0],"5":[88,0],"6":[88,0]}}
,"C:/Users/Admin/Desktop/Університет/Веб/wildbloom/src/features/home/productSection/ProductCard/ProductCard.jsx": {"path":"C:/Users/Admin/Desktop/Університет/Веб/wildbloom/src/features/home/productSection/ProductCard/ProductCard.jsx","statementMap":{"0":{"start":{"line":7,"column":20},"end":{"line":13,"column":null}},"1":{"start":{"line":7,"column":20},"end":{"line":7,"column":21}},"2":{"start":{"line":7,"column":21},"end":{"line":7,"column":32}},"3":{"start":{"line":7,"column":32},"end":{"line":10,"column":null}},"4":{"start":{"line":10,"column":6},"end":{"line":10,"column":59}},"5":{"start":{"line":10,"column":59},"end":{"line":10,"column":null}},"6":{"start":{"line":10,"column":59},"end":{"line":11,"column":null}},"7":{"start":{"line":11,"column":6},"end":{"line":11,"column":63}},"8":{"start":{"line":11,"column":63},"end":{"line":11,"column":null}},"9":{"start":{"line":11,"column":63},"end":{"line":12,"column":null}},"10":{"start":{"line":12,"column":6},"end":{"line":12,"column":25}},"11":{"start":{"line":12,"column":25},"end":{"line":12,"column":null}},"12":{"start":{"line":12,"column":25},"end":{"line":13,"column":null}},"13":{"start":{"line":9,"column":4},"end":{"line":13,"column":10}},"14":{"start":{"line":13,"column":10},"end":{"line":13,"column":null}},"15":{"start":{"line":13,"column":10},"end":{"line":9,"column":20}}},"fnMap":{"0":{"name":"(anonymous_0)","decl":{"start":{"line":7,"column":20},"end":{"line":7,"column":21}},"loc":{"start":{"line":7,"column":20},"end":{"line":13,"column":null}}}},"branchMap":{"0":{"loc":{"start":{"line":7,"column":20},"end":{"line":7,"column":21}},"type":"if","locations":[{"start":{"line":7,"column":20},"end":{"line":7,"column":21}}]},"1":{"loc":{"start":{"line":7,"column":32},"end":{"line":10,"column":null}},"type":"if","locations":[{"start":{"line":7,"column":32},"end":{"line":10,"column":null}},{"start":{"line":10,"column":59},"end":{"line":10,"column":null}}]},"2":{"loc":{"start":{"line":7,"column":32},"end":{"line":7,"column":null}},"type":"binary-expr","locations":[{"start":{"line":7,"column":32},"end":{"line":7,"column":null}},{"start":{"line":7,"column":32},"end":{"line":7,"column":null}}]},"3":{"loc":{"start":{"line":10,"column":59},"end":{"line":11,"column":null}},"type":"if","locations":[{"start":{"line":10,"column":59},"end":{"line":11,"column":null}},{"start":{"line":11,"column":63},"end":{"line":11,"column":null}}]},"4":{"loc":{"start":{"line":10,"column":59},"end":{"line":10,"column":null}},"type":"binary-expr","locations":[{"start":{"line":10,"column":59},"end":{"line":10,"column":null}},{"start":{"line":10,"column":59},"end":{"line":10,"column":null}}]},"5":{"loc":{"start":{"line":11,"column":63},"end":{"line":12,"column":null}},"type":"if","locations":[{"start":{"line":11,"column":63},"end":{"line":12,"column":null}},{"start":{"line":12,"column":25},"end":{"line":12,"column":null}}]},"6":{"loc":{"start":{"line":12,"column":25},"end":{"line":13,"column":null}},"type":"if","locations":[{"start":{"line":12,"column":25},"end":{"line":13,"column":null}},{"start":{"line":13,"column":10},"end":{"line":13,"column":null}}]},"7":{"loc":{"start":{"line":12,"column":25},"end":{"line":12,"column":null}},"type":"binary-expr","locations":[{"start":{"line":12,"column":25},"end":{"line":12,"column":null}},{"start":{"line":12,"column":25},"end":{"line":12,"column":null}}]}},"s":{"0":18,"1":1408,"2":88,"3":88,"4":88,"5":264,"6":88,"7":88,"8":264,"9":88,"10":88,"11":88,"12":88,"13":88,"14":264,"15":88},"f":{"0":88},"b":{"0":[88],"1":[88,0],"2":[88,0],"3":[88,0],"4":[88,0],"5":[88,0],"6":[88,0],"7":[88,0]}}
,"C:/Users/Admin/Desktop/Університет/Веб/wildbloom/src/features/home/productSection/ProductImage/ProductImage.jsx": {"path":"C:/Users/Admin/Desktop/Університет/Веб/wildbloom/src/features/home/productSection/ProductImage/ProductImage.jsx","statementMap":{"0":{"start":{"line":4,"column":21},"end":{"line":7,"column":null}},"1":{"start":{"line":4,"column":21},"end":{"line":4,"column":22}},"2":{"start":{"line":4,"column":22},"end":{"line":4,"column":34}},"3":{"start":{"line":4,"column":34},"end":{"line":7,"column":null}},"4":{"start":{"line":5,"column":2},"end":{"line":7,"column":8}},"5":{"start":{"line":7,"column":8},"end":{"line":7,"column":null}},"6":{"start":{"line":7,"column":8},"end":{"line":5,"column":18}}},"fnMap":{"0":{"name":"(anonymous_0)","decl":{"start":{"line":4,"column":21},"end":{"line":4,"column":22}},"loc":{"start":{"line":4,"column":21},"end":{"line":7,"column":null}}}},"branchMap":{"0":{"loc":{"start":{"line":4,"column":21},"end":{"line":4,"column":22}},"type":"if","locations":[{"start":{"line":4,"column":21},"end":{"line":4,"column":22}}]},"1":{"loc":{"start":{"line":4,"column":34},"end":{"line":7,"column":null}},"type":"if","locations":[{"start":{"line":4,"column":34},"end":{"line":7,"column":null}},{"start":{"line":7,"column":8},"end":{"line":7,"column":null}}]},"2":{"loc":{"start":{"line":4,"column":34},"end":{"line":4,"column":null}},"type":"binary-expr","locations":[{"start":{"line":4,"column":34},"end":{"line":4,"column":null}},{"start":{"line":4,"column":34},"end":{"line":4,"column":null}}]}},"s":{"0":36,"1":1584,"2":176,"3":176,"4":176,"5":528,"6":176},"f":{"0":176},"b":{"0":[176],"1":[176,0],"2":[176,0]}}
,"C:/Users/Admin/Desktop/Університет/Веб/wildbloom/src/features/home/productSection/ProductInfo/ProductInfo.jsx": {"path":"C:/Users/Admin/Desktop/Університет/Веб/wildbloom/src/features/home/productSection/ProductInfo/ProductInfo.jsx","statementMap":{"0":{"start":{"line":4,"column":20},"end":{"line":8,"column":null}},"1":{"start":{"line":4,"column":20},"end":{"line":4,"column":21}},"2":{"start":{"line":4,"column":21},"end":{"line":4,"column":36}},"3":{"start":{"line":4,"column":36},"end":{"line":6,"column":null}},"4":{"start":{"line":6,"column":4},"end":{"line":6,"column":43}},"5":{"start":{"line":6,"column":43},"end":{"line":6,"column":null}},"6":{"start":{"line":6,"column":43},"end":{"line":7,"column":null}},"7":{"start":{"line":7,"column":5},"end":{"line":7,"column":100}},"8":{"start":{"line":7,"column":100},"end":{"line":7,"column":null}},"9":{"start":{"line":7,"column":100},"end":{"line":8,"column":null}},"10":{"start":{"line":5,"column":2},"end":{"line":8,"column":8}},"11":{"start":{"line":8,"column":8},"end":{"line":8,"column":null}},"12":{"start":{"line":8,"column":8},"end":{"line":5,"column":18}}},"fnMap":{"0":{"name":"(anonymous_0)","decl":{"start":{"line":4,"column":20},"end":{"line":4,"column":21}},"loc":{"start":{"line":4,"column":20},"end":{"line":8,"column":null}}}},"branchMap":{"0":{"loc":{"start":{"line":4,"column":20},"end":{"line":4,"column":21}},"type":"if","locations":[{"start":{"line":4,"column":20},"end":{"line":4,"column":21}}]},"1":{"loc":{"start":{"line":4,"column":36},"end":{"line":6,"column":null}},"type":"if","locations":[{"start":{"line":4,"column":36},"end":{"line":6,"column":null}},{"start":{"line":6,"column":43},"end":{"line":6,"column":null}}]},"2":{"loc":{"start":{"line":6,"column":43},"end":{"line":7,"column":null}},"type":"if","locations":[{"start":{"line":6,"column":43},"end":{"line":7,"column":null}},{"start":{"line":7,"column":100},"end":{"line":7,"column":null}}]},"3":{"loc":{"start":{"line":7,"column":5},"end":{"line":7,"column":100}},"type":"binary-expr","locations":[{"start":{"line":7,"column":5},"end":{"line":7,"column":28}},{"start":{"line":7,"column":28},"end":{"line":7,"column":46}},{"start":{"line":7,"column":46},"end":{"line":7,"column":100}}]},"4":{"loc":{"start":{"line":7,"column":100},"end":{"line":8,"column":null}},"type":"if","locations":[{"start":{"line":7,"column":100},"end":{"line":8,"column":null}},{"start":{"line":8,"column":8},"end":{"line":8,"column":null}}]},"5":{"loc":{"start":{"line":7,"column":100},"end":{"line":7,"column":null}},"type":"binary-expr","locations":[{"start":{"line":7,"column":100},"end":{"line":7,"column":null}},{"start":{"line":7,"column":100},"end":{"line":7,"column":null}}]}},"s":{"0":50,"1":2990,"2":230,"3":230,"4":230,"5":460,"6":230,"7":230,"8":460,"9":230,"10":230,"11":690,"12":230},"f":{"0":230},"b":{"0":[230],"1":[230,0],"2":[230,0],"3":[230,136,132],"4":[230,0],"5":[230,0]}}
}
