TN:
SF:src\components\AddToCartButton\AddToCartButton.jsx
FN:4,(anonymous_0)
FNF:1
FNH:1
FNDA:106,(anonymous_0)
DA:4,742
LF:1
LH:1
BRDA:4,0,0,106
BRDA:4,1,0,106
BRDA:4,1,1,0
BRF:3
BRH:2
end_of_record
TN:
SF:src\components\Checkbox\Checkbox.jsx
FN:4,(anonymous_0)
FNF:1
FNH:1
FNDA:108,(anonymous_0)
DA:4,1512
DA:6,108
DA:7,216
DA:9,324
LF:4
LH:4
BRDA:4,0,0,108
BRDA:4,1,0,108
BRDA:4,1,1,0
BRDA:4,2,0,108
BRDA:4,2,1,0
BRDA:7,3,0,108
BRDA:7,3,1,0
BRDA:7,4,0,108
BRDA:7,4,1,0
BRF:9
BRH:5
end_of_record
TN:
SF:src\components\InputField\InputField.jsx
FN:4,(anonymous_0)
FNF:1
FNH:1
FNDA:84,(anonymous_0)
DA:4,1344
DA:5,84
DA:6,168
DA:7,420
DA:8,252
LF:5
LH:5
BRDA:4,0,0,84
BRDA:4,1,0,84
BRDA:4,1,1,0
BRDA:6,2,0,84
BRDA:6,2,1,0
BRDA:6,3,0,84
BRDA:6,3,1,0
BRDA:6,3,2,0
BRDA:6,3,3,0
BRDA:7,4,0,84
BRDA:7,4,1,0
BRDA:7,5,0,84
BRDA:7,5,1,0
BRF:13
BRH:6
end_of_record
TN:
SF:src\components\Logo\Logo.jsx
FN:3,(anonymous_0)
FNF:1
FNH:1
FNDA:70,(anonymous_0)
DA:3,490
DA:4,70
DA:7,70
LF:3
LH:3
BRDA:3,0,0,70
BRDA:3,1,0,70
BRDA:3,1,1,0
BRF:3
BRH:2
end_of_record
TN:
SF:src\components\PhotoGallery\PhotoGallery.jsx
FN:4,(anonymous_0)
FNF:1
FNH:1
FNDA:280,(anonymous_0)
DA:4,700
DA:5,70
DA:6,70
DA:10,140
DA:11,140
LF:5
LH:5
BRDA:4,0,0,70
BRDA:4,1,0,70
BRDA:4,1,1,0
BRDA:10,2,0,70
BRDA:10,2,1,0
BRF:5
BRH:3
end_of_record
TN:
SF:src\components\PrimaryButton\PrimaryButton.jsx
FN:3,(anonymous_0)
FNF:1
FNH:1
FNDA:206,(anonymous_0)
DA:3,1648
LF:1
LH:1
BRDA:3,0,0,206
BRDA:3,1,0,206
BRDA:3,1,1,0
BRF:3
BRH:2
end_of_record
TN:
SF:src\components\PrimaryImage\PrimaryImage.jsx
FN:4,(anonymous_0)
FNF:1
FNH:1
FNDA:126,(anonymous_0)
DA:4,1890
DA:6,126
DA:7,504
DA:8,378
LF:4
LH:4
BRDA:4,0,0,126
BRDA:4,1,0,126
BRDA:4,1,1,0
BRDA:4,2,0,126
BRDA:4,2,1,0
BRDA:6,3,0,126
BRDA:6,3,1,0
BRDA:7,4,0,126
BRDA:7,4,1,0
BRDA:7,5,0,126
BRDA:7,5,1,0
BRDA:7,5,2,0
BRDA:7,6,0,126
BRDA:7,6,1,0
BRDA:7,7,0,126
BRDA:7,7,1,0
BRF:16
BRH:8
end_of_record
TN:
SF:src\components\SectionLink\SectionLink.jsx
FN:4,(anonymous_0)
FNF:1
FNH:1
FNDA:54,(anonymous_0)
DA:4,486
DA:5,54
DA:7,54
DA:8,108
LF:4
LH:4
BRDA:4,0,0,54
BRDA:4,1,0,54
BRDA:4,1,1,0
BRDA:7,2,0,54
BRDA:7,2,1,0
BRF:5
BRH:3
end_of_record
TN:
SF:src\components\SectionTitle\SectionTitle.jsx
FN:4,(anonymous_0)
FNF:1
FNH:1
FNDA:54,(anonymous_0)
DA:4,432
DA:5,108
LF:2
LH:2
BRDA:4,0,0,54
BRDA:4,1,0,54
BRDA:4,1,1,0
BRF:3
BRH:2
end_of_record
TN:
SF:src\components\banner\BannerDescription\BannerDescription.jsx
FN:4,(anonymous_0)
FNF:1
FNH:1
FNDA:180,(anonymous_0)
DA:4,1440
LF:1
LH:1
BRDA:4,0,0,180
BRDA:4,1,0,180
BRDA:4,1,1,0
BRF:3
BRH:2
end_of_record
TN:
SF:src\components\banner\BannerText\BannerText.jsx
FN:7,(anonymous_0)
FNF:1
FNH:1
FNDA:126,(anonymous_0)
DA:7,2268
DA:8,126
DA:11,126
DA:12,252
DA:14,252
DA:16,126
DA:20,378
DA:21,630
LF:8
LH:8
BRDA:7,0,0,126
BRDA:7,1,0,126
BRDA:7,1,1,0
BRDA:8,2,0,126
BRDA:8,2,1,0
BRDA:8,3,0,126
BRDA:8,3,1,0
BRDA:12,4,0,126
BRDA:12,4,1,0
BRDA:14,5,0,126
BRDA:14,5,1,0
BRDA:14,6,0,126
BRDA:14,6,1,0
BRDA:16,7,0,126
BRDA:16,7,1,122
BRDA:20,8,0,126
BRDA:20,8,1,0
BRDA:20,9,0,126
BRDA:20,9,1,0
BRDA:20,9,2,0
BRDA:20,9,3,0
BRF:21
BRH:11
end_of_record
TN:
SF:src\components\banner\BannerTitle\BannerTitle.jsx
FN:4,(anonymous_0)
FNF:1
FNH:1
FNDA:166,(anonymous_0)
DA:4,1328
LF:1
LH:1
BRDA:4,0,0,166
BRDA:4,1,0,166
BRDA:4,1,1,0
BRF:3
BRH:2
end_of_record
TN:
SF:src\features\auth\AuthFooter\AuthFooter.jsx
FN:4,(anonymous_0)
FNF:1
FNH:1
FNDA:108,(anonymous_0)
DA:4,756
DA:6,108
DA:10,108
LF:3
LH:3
BRDA:4,0,0,108
BRDA:4,1,0,108
BRDA:4,1,1,0
BRF:3
BRH:2
end_of_record
TN:
SF:src\features\auth\AuthImage\AuthImage.jsx
FN:5,(anonymous_0)
FNF:1
FNH:1
FNDA:54,(anonymous_0)
DA:5,378
DA:6,54
DA:8,54
LF:3
LH:3
BRDA:5,0,0,54
BRDA:5,1,0,54
BRDA:5,1,1,0
BRF:3
BRH:2
end_of_record
TN:
SF:src\features\faq\FaqItem\FaqItem.jsx
FN:5,(anonymous_0)
FN:10,(anonymous_1)
FNF:2
FNH:2
FNDA:220,(anonymous_0)
FNDA:40,(anonymous_1)
DA:5,3860
DA:6,220
DA:9,220
DA:10,440
DA:11,400
DA:12,220
DA:13,880
DA:15,180
DA:19,400
DA:20,880
LF:10
LH:10
BRDA:5,0,0,180
BRDA:9,1,0,28
BRDA:9,1,1,192
BRDA:9,2,0,220
BRDA:9,2,1,0
BRDA:10,3,0,180
BRDA:10,3,1,40
BRDA:11,4,0,180
BRDA:11,4,1,40
BRDA:12,5,0,220
BRDA:12,5,1,0
BRDA:12,6,0,220
BRDA:12,6,1,0
BRDA:12,6,2,0
BRDA:13,7,0,180
BRDA:13,7,1,40
BRDA:19,8,0,220
BRDA:19,8,1,0
BRDA:19,9,0,220
BRDA:19,9,1,0
BRDA:19,9,2,0
BRF:21
BRH:14
end_of_record
TN:
SF:src\features\footer\ContactInfo\ContactInfo.jsx
FN:4,(anonymous_0)
FNF:1
FNH:1
FNDA:130,(anonymous_0)
DA:4,910
DA:6,130
DA:12,130
LF:3
LH:3
BRDA:4,0,0,130
BRDA:4,1,0,130
BRDA:4,1,1,0
BRF:3
BRH:2
end_of_record
TN:
SF:src\features\footer\Copyright\Copyright.jsx
FN:4,(anonymous_0)
FNF:1
FNH:1
FNDA:108,(anonymous_0)
DA:4,864
DA:5,108
DA:7,108
DA:9,108
LF:4
LH:4
BRDA:4,0,0,108
BRDA:4,1,0,108
BRDA:4,1,1,0
BRDA:5,2,0,108
BRDA:5,2,1,0
BRF:5
BRH:3
end_of_record
TN:
SF:src\features\footer\FooterNav\FooterNav.jsx
FN:5,(anonymous_0)
FNF:1
FNH:1
FNDA:119,(anonymous_0)
DA:5,952
DA:7,119
DA:8,119
DA:23,119
DA:38,119
LF:5
LH:5
BRDA:5,0,0,119
BRDA:5,1,0,119
BRDA:5,1,1,0
BRDA:23,2,0,119
BRDA:23,2,1,0
BRF:5
BRH:3
end_of_record
TN:
SF:src\features\footer\SocialLinks\SocialLinks.jsx
FN:5,(anonymous_0)
FNF:1
FNH:1
FNDA:130,(anonymous_0)
DA:5,1170
DA:7,130
DA:8,130
DA:10,130
DA:11,130
DA:13,130
DA:17,130
LF:7
LH:7
BRDA:5,0,0,130
BRDA:5,1,0,130
BRDA:5,1,1,0
BRDA:10,2,0,130
BRDA:10,2,1,0
BRDA:13,3,0,130
BRDA:13,3,1,0
BRF:7
BRH:4
end_of_record
TN:
SF:src\features\header\NavLinks\NavLinks.jsx
FN:3,(anonymous_0)
FNF:1
FNH:1
FNDA:88,(anonymous_0)
DA:3,616
DA:4,88
DA:16,88
LF:3
LH:3
BRDA:3,0,0,88
BRDA:3,1,0,88
BRDA:3,1,1,0
BRF:3
BRH:2
end_of_record
TN:
SF:src\features\header\UserActions\UserActions.jsx
FN:5,(anonymous_0)
FNF:1
FNH:1
FNDA:154,(anonymous_0)
DA:5,1386
DA:6,154
DA:7,154
DA:9,154
DA:10,154
DA:12,154
DA:17,154
LF:7
LH:7
BRDA:5,0,0,154
BRDA:5,1,0,154
BRDA:5,1,1,0
BRDA:9,2,0,154
BRDA:9,2,1,0
BRDA:12,3,0,154
BRDA:12,3,1,0
BRF:7
BRH:4
end_of_record
TN:
SF:src\features\home\HeroSection\HeroSection.jsx
FN:6,(anonymous_0)
FNF:1
FNH:1
FNDA:108,(anonymous_0)
DA:6,864
DA:7,108
DA:8,108
DA:20,108
LF:4
LH:4
BRDA:6,0,0,108
BRDA:6,1,0,108
BRDA:6,1,1,0
BRDA:8,2,0,108
BRDA:8,2,1,0
BRF:5
BRH:3
end_of_record
TN:
SF:src\features\home\QuoteDivider\QuoteDivider.jsx
FN:3,(anonymous_0)
FNF:1
FNH:1
FNDA:54,(anonymous_0)
DA:3,378
DA:4,54
DA:6,54
LF:3
LH:3
BRDA:3,0,0,54
BRDA:3,1,0,54
BRDA:3,1,1,0
BRF:3
BRH:2
end_of_record
TN:
SF:src\features\home\categorySection\CategoryCard\CategoryCard.jsx
FN:7,(anonymous_0)
FNF:1
FNH:1
FNDA:88,(anonymous_0)
DA:7,1320
DA:9,88
DA:10,264
DA:11,176
DA:13,88
DA:15,88
DA:16,264
LF:7
LH:7
BRDA:7,0,0,88
BRDA:7,1,0,88
BRDA:7,1,1,0
BRDA:7,2,0,88
BRDA:7,2,1,0
BRDA:10,3,0,88
BRDA:10,3,1,0
BRDA:11,4,0,88
BRDA:11,4,1,0
BRDA:15,5,0,88
BRDA:15,5,1,0
BRDA:15,6,0,88
BRDA:15,6,1,0
BRF:13
BRH:7
end_of_record
TN:
SF:src\features\home\productSection\ProductCard\ProductCard.jsx
FN:7,(anonymous_0)
FNF:1
FNH:1
FNDA:88,(anonymous_0)
DA:7,1408
DA:9,88
DA:10,264
DA:11,264
DA:12,88
DA:13,264
LF:6
LH:6
BRDA:7,0,0,88
BRDA:7,1,0,88
BRDA:7,1,1,0
BRDA:7,2,0,88
BRDA:7,2,1,0
BRDA:10,3,0,88
BRDA:10,3,1,0
BRDA:10,4,0,88
BRDA:10,4,1,0
BRDA:11,5,0,88
BRDA:11,5,1,0
BRDA:12,6,0,88
BRDA:12,6,1,0
BRDA:12,7,0,88
BRDA:12,7,1,0
BRF:15
BRH:8
end_of_record
TN:
SF:src\features\home\productSection\ProductImage\ProductImage.jsx
FN:4,(anonymous_0)
FNF:1
FNH:1
FNDA:176,(anonymous_0)
DA:4,1584
DA:5,176
DA:7,528
LF:3
LH:3
BRDA:4,0,0,176
BRDA:4,1,0,176
BRDA:4,1,1,0
BRDA:4,2,0,176
BRDA:4,2,1,0
BRF:5
BRH:3
end_of_record
TN:
SF:src\features\home\productSection\ProductInfo\ProductInfo.jsx
FN:4,(anonymous_0)
FNF:1
FNH:1
FNDA:230,(anonymous_0)
DA:4,2990
DA:5,230
DA:6,460
DA:7,460
DA:8,690
LF:5
LH:5
BRDA:4,0,0,230
BRDA:4,1,0,230
BRDA:4,1,1,0
BRDA:6,2,0,230
BRDA:6,2,1,0
BRDA:7,3,0,230
BRDA:7,3,1,136
BRDA:7,3,2,132
BRDA:7,4,0,230
BRDA:7,4,1,0
BRDA:7,5,0,230
BRDA:7,5,1,0
BRF:12
BRH:8
end_of_record
