TN:
SF:src\components\AddToCartButton\AddToCartButton.jsx
FN:4,(anonymous_0)
FNF:1
FNH:1
FNDA:159,(anonymous_0)
DA:4,1113
LF:1
LH:1
BRDA:4,0,0,159
BRDA:4,1,0,159
BRDA:4,1,1,0
BRF:3
BRH:2
end_of_record
TN:
SF:src\components\Checkbox\Checkbox.jsx
FN:4,(anonymous_0)
FNF:1
FNH:1
FNDA:162,(anonymous_0)
DA:4,2268
DA:6,162
DA:7,324
DA:9,486
LF:4
LH:4
BRDA:4,0,0,162
BRDA:4,1,0,162
BRDA:4,1,1,0
BRDA:4,2,0,162
BRDA:4,2,1,0
BRDA:7,3,0,162
BRDA:7,3,1,0
BRDA:7,4,0,162
BRDA:7,4,1,0
BRF:9
BRH:5
end_of_record
TN:
SF:src\components\InputField\InputField.jsx
FN:4,(anonymous_0)
FNF:1
FNH:1
FNDA:126,(anonymous_0)
DA:4,2016
DA:5,126
DA:6,252
DA:7,630
DA:8,378
LF:5
LH:5
BRDA:4,0,0,126
BRDA:4,1,0,126
BRDA:4,1,1,0
BRDA:6,2,0,126
BRDA:6,2,1,0
BRDA:6,3,0,126
BRDA:6,3,1,0
BRDA:6,3,2,0
BRDA:6,3,3,0
BRDA:7,4,0,126
BRDA:7,4,1,0
BRDA:7,5,0,126
BRDA:7,5,1,0
BRF:13
BRH:6
end_of_record
TN:
SF:src\components\Logo\Logo.jsx
FN:3,(anonymous_0)
FNF:1
FNH:1
FNDA:105,(anonymous_0)
DA:3,735
DA:4,105
DA:7,105
LF:3
LH:3
BRDA:3,0,0,105
BRDA:3,1,0,105
BRDA:3,1,1,0
BRF:3
BRH:2
end_of_record
TN:
SF:src\components\PhotoGallery\PhotoGallery.jsx
FN:4,(anonymous_0)
FNF:1
FNH:1
FNDA:420,(anonymous_0)
DA:4,1050
DA:5,105
DA:6,105
DA:10,210
DA:11,210
LF:5
LH:5
BRDA:4,0,0,105
BRDA:4,1,0,105
BRDA:4,1,1,0
BRDA:10,2,0,105
BRDA:10,2,1,0
BRF:5
BRH:3
end_of_record
TN:
SF:src\components\PrimaryButton\PrimaryButton.jsx
FN:3,(anonymous_0)
FNF:1
FNH:1
FNDA:309,(anonymous_0)
DA:3,2472
LF:1
LH:1
BRDA:3,0,0,309
BRDA:3,1,0,309
BRDA:3,1,1,0
BRF:3
BRH:2
end_of_record
TN:
SF:src\components\PrimaryImage\PrimaryImage.jsx
FN:4,(anonymous_0)
FNF:1
FNH:1
FNDA:189,(anonymous_0)
DA:4,2835
DA:6,189
DA:7,756
DA:8,567
LF:4
LH:4
BRDA:4,0,0,189
BRDA:4,1,0,189
BRDA:4,1,1,0
BRDA:4,2,0,189
BRDA:4,2,1,0
BRDA:6,3,0,189
BRDA:6,3,1,0
BRDA:7,4,0,189
BRDA:7,4,1,0
BRDA:7,5,0,189
BRDA:7,5,1,0
BRDA:7,5,2,0
BRDA:7,6,0,189
BRDA:7,6,1,0
BRDA:7,7,0,189
BRDA:7,7,1,0
BRF:16
BRH:8
end_of_record
TN:
SF:src\components\SectionLink\SectionLink.jsx
FN:4,(anonymous_0)
FNF:1
FNH:1
FNDA:81,(anonymous_0)
DA:4,729
DA:5,81
DA:7,81
DA:8,162
LF:4
LH:4
BRDA:4,0,0,81
BRDA:4,1,0,81
BRDA:4,1,1,0
BRDA:7,2,0,81
BRDA:7,2,1,0
BRF:5
BRH:3
end_of_record
TN:
SF:src\components\SectionTitle\SectionTitle.jsx
FN:4,(anonymous_0)
FNF:1
FNH:1
FNDA:81,(anonymous_0)
DA:4,648
DA:5,162
LF:2
LH:2
BRDA:4,0,0,81
BRDA:4,1,0,81
BRDA:4,1,1,0
BRF:3
BRH:2
end_of_record
TN:
SF:src\components\banner\BannerDescription\BannerDescription.jsx
FN:4,(anonymous_0)
FNF:1
FNH:1
FNDA:270,(anonymous_0)
DA:4,2160
LF:1
LH:1
BRDA:4,0,0,270
BRDA:4,1,0,270
BRDA:4,1,1,0
BRF:3
BRH:2
end_of_record
TN:
SF:src\components\banner\BannerText\BannerText.jsx
FN:7,(anonymous_0)
FNF:1
FNH:1
FNDA:189,(anonymous_0)
DA:7,3402
DA:8,189
DA:11,189
DA:12,378
DA:14,378
DA:16,189
DA:20,567
DA:21,945
LF:8
LH:8
BRDA:7,0,0,189
BRDA:7,1,0,189
BRDA:7,1,1,0
BRDA:8,2,0,189
BRDA:8,2,1,0
BRDA:8,3,0,189
BRDA:8,3,1,0
BRDA:12,4,0,189
BRDA:12,4,1,0
BRDA:14,5,0,189
BRDA:14,5,1,0
BRDA:14,6,0,189
BRDA:14,6,1,0
BRDA:16,7,0,189
BRDA:16,7,1,183
BRDA:20,8,0,189
BRDA:20,8,1,0
BRDA:20,9,0,189
BRDA:20,9,1,0
BRDA:20,9,2,0
BRDA:20,9,3,0
BRF:21
BRH:11
end_of_record
TN:
SF:src\components\banner\BannerTitle\BannerTitle.jsx
FN:4,(anonymous_0)
FNF:1
FNH:1
FNDA:249,(anonymous_0)
DA:4,1992
LF:1
LH:1
BRDA:4,0,0,249
BRDA:4,1,0,249
BRDA:4,1,1,0
BRF:3
BRH:2
end_of_record
TN:
SF:src\features\auth\AuthFooter\AuthFooter.jsx
FN:4,(anonymous_0)
FNF:1
FNH:1
FNDA:162,(anonymous_0)
DA:4,1134
DA:6,162
DA:10,162
LF:3
LH:3
BRDA:4,0,0,162
BRDA:4,1,0,162
BRDA:4,1,1,0
BRF:3
BRH:2
end_of_record
TN:
SF:src\features\auth\AuthImage\AuthImage.jsx
FN:5,(anonymous_0)
FNF:1
FNH:1
FNDA:81,(anonymous_0)
DA:5,567
DA:6,81
DA:8,81
LF:3
LH:3
BRDA:5,0,0,81
BRDA:5,1,0,81
BRDA:5,1,1,0
BRF:3
BRH:2
end_of_record
TN:
SF:src\features\faq\FaqItem\FaqItem.jsx
FN:5,(anonymous_0)
FN:10,(anonymous_1)
FNF:2
FNH:2
FNDA:330,(anonymous_0)
FNDA:60,(anonymous_1)
DA:5,5790
DA:6,330
DA:9,330
DA:10,660
DA:11,600
DA:12,330
DA:13,1320
DA:15,270
DA:19,600
DA:20,1320
LF:10
LH:10
BRDA:5,0,0,270
BRDA:9,1,0,42
BRDA:9,1,1,288
BRDA:9,2,0,330
BRDA:9,2,1,0
BRDA:10,3,0,270
BRDA:10,3,1,60
BRDA:11,4,0,270
BRDA:11,4,1,60
BRDA:12,5,0,330
BRDA:12,5,1,0
BRDA:12,6,0,330
BRDA:12,6,1,0
BRDA:12,6,2,0
BRDA:13,7,0,270
BRDA:13,7,1,60
BRDA:19,8,0,330
BRDA:19,8,1,0
BRDA:19,9,0,330
BRDA:19,9,1,0
BRDA:19,9,2,0
BRF:21
BRH:14
end_of_record
TN:
SF:src\features\footer\ContactInfo\ContactInfo.jsx
FN:4,(anonymous_0)
FNF:1
FNH:1
FNDA:195,(anonymous_0)
DA:4,1365
DA:6,195
DA:12,195
LF:3
LH:3
BRDA:4,0,0,195
BRDA:4,1,0,195
BRDA:4,1,1,0
BRF:3
BRH:2
end_of_record
TN:
SF:src\features\footer\Copyright\Copyright.jsx
FN:4,(anonymous_0)
FNF:1
FNH:1
FNDA:162,(anonymous_0)
DA:4,1296
DA:5,162
DA:7,162
DA:9,162
LF:4
LH:4
BRDA:4,0,0,162
BRDA:4,1,0,162
BRDA:4,1,1,0
BRDA:5,2,0,162
BRDA:5,2,1,0
BRF:5
BRH:3
end_of_record
TN:
SF:src\features\footer\FooterNav\FooterNav.jsx
FN:5,(anonymous_0)
FNF:1
FNH:1
FNDA:119,(anonymous_0)
DA:5,952
DA:7,119
DA:8,119
DA:23,119
DA:38,119
LF:5
LH:5
BRDA:5,0,0,119
BRDA:5,1,0,119
BRDA:5,1,1,0
BRDA:23,2,0,119
BRDA:23,2,1,0
BRF:5
BRH:3
end_of_record
TN:
SF:src\features\footer\SocialLinks\SocialLinks.jsx
FN:5,(anonymous_0)
FNF:1
FNH:1
FNDA:195,(anonymous_0)
DA:5,1755
DA:7,195
DA:8,195
DA:10,195
DA:11,195
DA:13,195
DA:17,195
LF:7
LH:7
BRDA:5,0,0,195
BRDA:5,1,0,195
BRDA:5,1,1,0
BRDA:10,2,0,195
BRDA:10,2,1,0
BRDA:13,3,0,195
BRDA:13,3,1,0
BRF:7
BRH:4
end_of_record
TN:
SF:src\features\header\NavLinks\NavLinks.jsx
FN:3,(anonymous_0)
FNF:1
FNH:1
FNDA:132,(anonymous_0)
DA:3,924
DA:4,132
DA:16,132
LF:3
LH:3
BRDA:3,0,0,132
BRDA:3,1,0,132
BRDA:3,1,1,0
BRF:3
BRH:2
end_of_record
TN:
SF:src\features\header\UserActions\UserActions.jsx
FN:5,(anonymous_0)
FNF:1
FNH:1
FNDA:231,(anonymous_0)
DA:5,2079
DA:6,231
DA:7,231
DA:9,231
DA:10,231
DA:12,231
DA:17,231
LF:7
LH:7
BRDA:5,0,0,231
BRDA:5,1,0,231
BRDA:5,1,1,0
BRDA:9,2,0,231
BRDA:9,2,1,0
BRDA:12,3,0,231
BRDA:12,3,1,0
BRF:7
BRH:4
end_of_record
TN:
SF:src\features\home\HeroSection\HeroSection.jsx
FN:6,(anonymous_0)
FNF:1
FNH:1
FNDA:162,(anonymous_0)
DA:6,1296
DA:7,162
DA:8,162
DA:20,162
LF:4
LH:4
BRDA:6,0,0,162
BRDA:6,1,0,162
BRDA:6,1,1,0
BRDA:8,2,0,162
BRDA:8,2,1,0
BRF:5
BRH:3
end_of_record
TN:
SF:src\features\home\QuoteDivider\QuoteDivider.jsx
FN:3,(anonymous_0)
FNF:1
FNH:1
FNDA:81,(anonymous_0)
DA:3,567
DA:4,81
DA:6,81
LF:3
LH:3
BRDA:3,0,0,81
BRDA:3,1,0,81
BRDA:3,1,1,0
BRF:3
BRH:2
end_of_record
TN:
SF:src\features\home\categorySection\CategoryCard\CategoryCard.jsx
FN:7,(anonymous_0)
FNF:1
FNH:1
FNDA:132,(anonymous_0)
DA:7,1980
DA:9,132
DA:10,396
DA:11,264
DA:13,132
DA:15,132
DA:16,396
LF:7
LH:7
BRDA:7,0,0,132
BRDA:7,1,0,132
BRDA:7,1,1,0
BRDA:7,2,0,132
BRDA:7,2,1,0
BRDA:10,3,0,132
BRDA:10,3,1,0
BRDA:11,4,0,132
BRDA:11,4,1,0
BRDA:15,5,0,132
BRDA:15,5,1,0
BRDA:15,6,0,132
BRDA:15,6,1,0
BRF:13
BRH:7
end_of_record
TN:
SF:src\features\home\productSection\ProductCard\ProductCard.jsx
FN:7,(anonymous_0)
FNF:1
FNH:1
FNDA:132,(anonymous_0)
DA:7,2112
DA:9,132
DA:10,396
DA:11,396
DA:12,132
DA:13,396
LF:6
LH:6
BRDA:7,0,0,132
BRDA:7,1,0,132
BRDA:7,1,1,0
BRDA:7,2,0,132
BRDA:7,2,1,0
BRDA:10,3,0,132
BRDA:10,3,1,0
BRDA:10,4,0,132
BRDA:10,4,1,0
BRDA:11,5,0,132
BRDA:11,5,1,0
BRDA:12,6,0,132
BRDA:12,6,1,0
BRDA:12,7,0,132
BRDA:12,7,1,0
BRF:15
BRH:8
end_of_record
TN:
SF:src\features\home\productSection\ProductImage\ProductImage.jsx
FN:4,(anonymous_0)
FNF:1
FNH:1
FNDA:264,(anonymous_0)
DA:4,2376
DA:5,264
DA:7,792
LF:3
LH:3
BRDA:4,0,0,264
BRDA:4,1,0,264
BRDA:4,1,1,0
BRDA:4,2,0,264
BRDA:4,2,1,0
BRF:5
BRH:3
end_of_record
TN:
SF:src\features\home\productSection\ProductInfo\ProductInfo.jsx
FN:4,(anonymous_0)
FNF:1
FNH:1
FNDA:345,(anonymous_0)
DA:4,4485
DA:5,345
DA:6,690
DA:7,690
DA:8,1035
LF:5
LH:5
BRDA:4,0,0,345
BRDA:4,1,0,345
BRDA:4,1,1,0
BRDA:6,2,0,345
BRDA:6,2,1,0
BRDA:7,3,0,345
BRDA:7,3,1,204
BRDA:7,3,2,198
BRDA:7,4,0,345
BRDA:7,4,1,0
BRDA:7,5,0,345
BRDA:7,5,1,0
BRF:12
BRH:8
end_of_record
